{"C:\\Users\\erosh\\Documents\\gg\\new\\rsschool-react\\src\\components\\Card\\Card.tsx": {"path":"C:\\Users\\erosh\\Documents\\gg\\new\\rsschool-react\\src\\components\\Card\\Card.tsx","all":false,"statementMap":{"0":{"start":{"line":1,"column":0},"end":{"line":1,"column":27}},"1":{"start":{"line":2,"column":0},"end":{"line":2,"column":40}},"2":{"start":{"line":3,"column":0},"end":{"line":3,"column":38}},"3":{"start":{"line":4,"column":0},"end":{"line":4,"column":70}},"5":{"start":{"line":6,"column":0},"end":{"line":6,"column":71}},"15":{"start":{"line":16,"column":0},"end":{"line":16,"column":81}},"16":{"start":{"line":17,"column":0},"end":{"line":17,"column":31}},"17":{"start":{"line":18,"column":0},"end":{"line":18,"column":38}},"18":{"start":{"line":19,"column":0},"end":{"line":19,"column":72}},"19":{"start":{"line":20,"column":0},"end":{"line":20,"column":66}},"21":{"start":{"line":22,"column":0},"end":{"line":22,"column":31}},"22":{"start":{"line":23,"column":0},"end":{"line":23,"column":21}},"23":{"start":{"line":24,"column":0},"end":{"line":24,"column":38}},"24":{"start":{"line":25,"column":0},"end":{"line":25,"column":51}},"25":{"start":{"line":26,"column":0},"end":{"line":26,"column":41}},"26":{"start":{"line":27,"column":0},"end":{"line":27,"column":6}},"28":{"start":{"line":29,"column":0},"end":{"line":29,"column":78}},"29":{"start":{"line":30,"column":0},"end":{"line":30,"column":153}},"30":{"start":{"line":31,"column":0},"end":{"line":31,"column":31}},"31":{"start":{"line":32,"column":0},"end":{"line":32,"column":36}},"32":{"start":{"line":33,"column":0},"end":{"line":33,"column":16}},"33":{"start":{"line":34,"column":0},"end":{"line":34,"column":37}},"34":{"start":{"line":35,"column":0},"end":{"line":35,"column":9}},"35":{"start":{"line":36,"column":0},"end":{"line":36,"column":6}},"37":{"start":{"line":38,"column":0},"end":{"line":38,"column":12}},"38":{"start":{"line":39,"column":0},"end":{"line":39,"column":68}},"39":{"start":{"line":40,"column":0},"end":{"line":40,"column":18}},"40":{"start":{"line":41,"column":0},"end":{"line":41,"column":31}},"41":{"start":{"line":42,"column":0},"end":{"line":42,"column":40}},"42":{"start":{"line":43,"column":0},"end":{"line":43,"column":36}},"43":{"start":{"line":44,"column":0},"end":{"line":44,"column":47}},"44":{"start":{"line":45,"column":0},"end":{"line":45,"column":52}},"45":{"start":{"line":46,"column":0},"end":{"line":46,"column":14}},"46":{"start":{"line":47,"column":0},"end":{"line":47,"column":29}},"47":{"start":{"line":48,"column":0},"end":{"line":48,"column":53}},"48":{"start":{"line":49,"column":0},"end":{"line":49,"column":41}},"49":{"start":{"line":50,"column":0},"end":{"line":50,"column":49}},"50":{"start":{"line":51,"column":0},"end":{"line":51,"column":41}},"51":{"start":{"line":52,"column":0},"end":{"line":52,"column":17}},"52":{"start":{"line":53,"column":0},"end":{"line":53,"column":14}},"54":{"start":{"line":55,"column":0},"end":{"line":55,"column":2}},"56":{"start":{"line":57,"column":0},"end":{"line":57,"column":20}}},"s":{"0":1,"1":1,"2":1,"3":1,"5":1,"15":1,"16":14,"17":14,"18":14,"19":14,"21":14,"22":0,"23":0,"24":0,"25":0,"26":0,"28":14,"29":2,"30":2,"31":1,"32":1,"33":1,"34":1,"35":2,"37":14,"38":14,"39":14,"40":14,"41":14,"42":14,"43":14,"44":14,"45":14,"46":14,"47":14,"48":14,"49":14,"50":14,"51":14,"52":14,"54":14,"56":1},"branchMap":{"0":{"type":"branch","line":16,"loc":{"start":{"line":16,"column":34},"end":{"line":55,"column":2}},"locations":[{"start":{"line":16,"column":34},"end":{"line":55,"column":2}}]},"1":{"type":"branch","line":19,"loc":{"start":{"line":19,"column":41},"end":{"line":19,"column":70}},"locations":[{"start":{"line":19,"column":41},"end":{"line":19,"column":70}}]},"2":{"type":"branch","line":20,"loc":{"start":{"line":20,"column":42},"end":{"line":20,"column":64}},"locations":[{"start":{"line":20,"column":42},"end":{"line":20,"column":64}}]},"3":{"type":"branch","line":29,"loc":{"start":{"line":29,"column":33},"end":{"line":36,"column":6}},"locations":[{"start":{"line":29,"column":33},"end":{"line":36,"column":6}}]},"4":{"type":"branch","line":31,"loc":{"start":{"line":31,"column":30},"end":{"line":35,"column":9}},"locations":[{"start":{"line":31,"column":30},"end":{"line":35,"column":9}}]},"5":{"type":"branch","line":45,"loc":{"start":{"line":45,"column":25},"end":{"line":45,"column":52}},"locations":[{"start":{"line":45,"column":25},"end":{"line":45,"column":52}}]}},"b":{"0":[14],"1":[28],"2":[1],"3":[2],"4":[1],"5":[2]},"fnMap":{"0":{"name":"Card","decl":{"start":{"line":16,"column":34},"end":{"line":55,"column":2}},"loc":{"start":{"line":16,"column":34},"end":{"line":55,"column":2}},"line":16},"1":{"name":"handleClick","decl":{"start":{"line":22,"column":24},"end":{"line":27,"column":6}},"loc":{"start":{"line":22,"column":24},"end":{"line":27,"column":6}},"line":22},"2":{"name":"handleCheckboxChange","decl":{"start":{"line":29,"column":33},"end":{"line":36,"column":6}},"loc":{"start":{"line":29,"column":33},"end":{"line":36,"column":6}},"line":29},"3":{"name":"onClick","decl":{"start":{"line":45,"column":25},"end":{"line":45,"column":52}},"loc":{"start":{"line":45,"column":25},"end":{"line":45,"column":52}},"line":45}},"f":{"0":14,"1":0,"2":2,"3":2}}
,"C:\\Users\\erosh\\Documents\\gg\\new\\rsschool-react\\src\\components\\CardList\\CardList.tsx": {"path":"C:\\Users\\erosh\\Documents\\gg\\new\\rsschool-react\\src\\components\\CardList\\CardList.tsx","all":false,"statementMap":{"0":{"start":{"line":1,"column":0},"end":{"line":1,"column":38}},"1":{"start":{"line":2,"column":0},"end":{"line":2,"column":36}},"11":{"start":{"line":12,"column":0},"end":{"line":12,"column":39}},"12":{"start":{"line":13,"column":0},"end":{"line":13,"column":33}},"13":{"start":{"line":14,"column":0},"end":{"line":14,"column":35}},"14":{"start":{"line":15,"column":0},"end":{"line":15,"column":2}},"16":{"start":{"line":17,"column":0},"end":{"line":17,"column":60}},"17":{"start":{"line":18,"column":0},"end":{"line":18,"column":42}},"18":{"start":{"line":19,"column":0},"end":{"line":19,"column":39}},"19":{"start":{"line":20,"column":0},"end":{"line":20,"column":5}},"21":{"start":{"line":22,"column":0},"end":{"line":22,"column":12}},"22":{"start":{"line":23,"column":0},"end":{"line":23,"column":42}},"23":{"start":{"line":24,"column":0},"end":{"line":24,"column":61}},"24":{"start":{"line":25,"column":0},"end":{"line":25,"column":21}},"25":{"start":{"line":26,"column":0},"end":{"line":26,"column":31}},"26":{"start":{"line":27,"column":0},"end":{"line":27,"column":47}},"27":{"start":{"line":28,"column":0},"end":{"line":28,"column":40}},"28":{"start":{"line":29,"column":0},"end":{"line":29,"column":40}},"29":{"start":{"line":30,"column":0},"end":{"line":30,"column":48}},"30":{"start":{"line":31,"column":0},"end":{"line":31,"column":36}},"31":{"start":{"line":32,"column":0},"end":{"line":32,"column":18}},"32":{"start":{"line":33,"column":0},"end":{"line":33,"column":15}},"33":{"start":{"line":34,"column":0},"end":{"line":34,"column":14}},"35":{"start":{"line":36,"column":0},"end":{"line":36,"column":2}},"37":{"start":{"line":38,"column":0},"end":{"line":38,"column":24}}},"s":{"0":1,"1":1,"11":1,"12":12,"13":12,"14":12,"16":1,"17":3,"18":1,"19":1,"21":2,"22":2,"23":2,"24":12,"25":12,"26":12,"27":12,"28":12,"29":12,"30":12,"31":12,"32":2,"33":2,"35":2,"37":1},"branchMap":{"0":{"type":"branch","line":12,"loc":{"start":{"line":12,"column":21},"end":{"line":15,"column":2}},"locations":[{"start":{"line":12,"column":21},"end":{"line":15,"column":2}}]},"1":{"type":"branch","line":17,"loc":{"start":{"line":17,"column":17},"end":{"line":36,"column":2}},"locations":[{"start":{"line":17,"column":17},"end":{"line":36,"column":2}}]},"2":{"type":"branch","line":18,"loc":{"start":{"line":18,"column":41},"end":{"line":36,"column":2}},"locations":[{"start":{"line":18,"column":41},"end":{"line":36,"column":2}}]},"3":{"type":"branch","line":18,"loc":{"start":{"line":18,"column":41},"end":{"line":20,"column":5}},"locations":[{"start":{"line":18,"column":41},"end":{"line":20,"column":5}}]},"4":{"type":"branch","line":24,"loc":{"start":{"line":24,"column":25},"end":{"line":32,"column":18}},"locations":[{"start":{"line":24,"column":25},"end":{"line":32,"column":18}}]}},"b":{"0":[12],"1":[3],"2":[2],"3":[1],"4":[12]},"fnMap":{"0":{"name":"getIdFromUrl","decl":{"start":{"line":12,"column":21},"end":{"line":15,"column":2}},"loc":{"start":{"line":12,"column":21},"end":{"line":15,"column":2}},"line":12},"1":{"name":"CardList","decl":{"start":{"line":17,"column":17},"end":{"line":36,"column":2}},"loc":{"start":{"line":17,"column":17},"end":{"line":36,"column":2}},"line":17}},"f":{"0":12,"1":3}}
,"C:\\Users\\erosh\\Documents\\gg\\new\\rsschool-react\\src\\components\\DetailedCard\\DetailedCard.tsx": {"path":"C:\\Users\\erosh\\Documents\\gg\\new\\rsschool-react\\src\\components\\DetailedCard\\DetailedCard.tsx","all":false,"statementMap":{"0":{"start":{"line":1,"column":0},"end":{"line":1,"column":48}},"1":{"start":{"line":2,"column":0},"end":{"line":2,"column":40}},"2":{"start":{"line":3,"column":0},"end":{"line":3,"column":38}},"3":{"start":{"line":4,"column":0},"end":{"line":4,"column":63}},"21":{"start":{"line":22,"column":0},"end":{"line":22,"column":32}},"22":{"start":{"line":23,"column":0},"end":{"line":23,"column":31}},"23":{"start":{"line":24,"column":0},"end":{"line":24,"column":37}},"24":{"start":{"line":25,"column":0},"end":{"line":25,"column":61}},"25":{"start":{"line":26,"column":0},"end":{"line":26,"column":74}},"26":{"start":{"line":27,"column":0},"end":{"line":27,"column":58}},"27":{"start":{"line":28,"column":0},"end":{"line":28,"column":60}},"29":{"start":{"line":30,"column":0},"end":{"line":30,"column":21}},"30":{"start":{"line":31,"column":0},"end":{"line":31,"column":29}},"32":{"start":{"line":33,"column":0},"end":{"line":33,"column":42}},"33":{"start":{"line":34,"column":0},"end":{"line":34,"column":17}},"34":{"start":{"line":35,"column":0},"end":{"line":35,"column":33}},"35":{"start":{"line":36,"column":0},"end":{"line":36,"column":88}},"36":{"start":{"line":37,"column":0},"end":{"line":37,"column":35}},"37":{"start":{"line":38,"column":0},"end":{"line":38,"column":69}},"38":{"start":{"line":39,"column":0},"end":{"line":39,"column":17}},"39":{"start":{"line":40,"column":0},"end":{"line":40,"column":51}},"41":{"start":{"line":42,"column":0},"end":{"line":42,"column":32}},"42":{"start":{"line":43,"column":0},"end":{"line":43,"column":42}},"43":{"start":{"line":44,"column":0},"end":{"line":44,"column":36}},"44":{"start":{"line":45,"column":0},"end":{"line":45,"column":48}},"45":{"start":{"line":46,"column":0},"end":{"line":46,"column":46}},"46":{"start":{"line":47,"column":0},"end":{"line":47,"column":40}},"47":{"start":{"line":48,"column":0},"end":{"line":48,"column":48}},"48":{"start":{"line":49,"column":0},"end":{"line":49,"column":40}},"49":{"start":{"line":50,"column":0},"end":{"line":50,"column":46}},"50":{"start":{"line":51,"column":0},"end":{"line":51,"column":36}},"51":{"start":{"line":52,"column":0},"end":{"line":52,"column":48}},"52":{"start":{"line":53,"column":0},"end":{"line":53,"column":34}},"53":{"start":{"line":54,"column":0},"end":{"line":54,"column":19}},"54":{"start":{"line":55,"column":0},"end":{"line":55,"column":31}},"55":{"start":{"line":56,"column":0},"end":{"line":56,"column":29}},"56":{"start":{"line":57,"column":0},"end":{"line":57,"column":45}},"57":{"start":{"line":58,"column":0},"end":{"line":58,"column":44}},"58":{"start":{"line":59,"column":0},"end":{"line":59,"column":17}},"59":{"start":{"line":60,"column":0},"end":{"line":60,"column":23}},"60":{"start":{"line":61,"column":0},"end":{"line":61,"column":34}},"61":{"start":{"line":62,"column":0},"end":{"line":62,"column":13}},"62":{"start":{"line":63,"column":0},"end":{"line":63,"column":10}},"64":{"start":{"line":65,"column":0},"end":{"line":65,"column":23}},"65":{"start":{"line":66,"column":0},"end":{"line":66,"column":18}},"67":{"start":{"line":68,"column":0},"end":{"line":68,"column":31}},"68":{"start":{"line":69,"column":0},"end":{"line":69,"column":25}},"69":{"start":{"line":70,"column":0},"end":{"line":70,"column":21}},"70":{"start":{"line":71,"column":0},"end":{"line":71,"column":38}},"71":{"start":{"line":72,"column":0},"end":{"line":72,"column":58}},"72":{"start":{"line":73,"column":0},"end":{"line":73,"column":41}},"73":{"start":{"line":74,"column":0},"end":{"line":74,"column":6}},"75":{"start":{"line":76,"column":0},"end":{"line":76,"column":72}},"76":{"start":{"line":77,"column":0},"end":{"line":77,"column":51}},"77":{"start":{"line":78,"column":0},"end":{"line":78,"column":26}},"78":{"start":{"line":79,"column":0},"end":{"line":79,"column":9}},"79":{"start":{"line":80,"column":0},"end":{"line":80,"column":6}},"81":{"start":{"line":82,"column":0},"end":{"line":82,"column":12}},"82":{"start":{"line":83,"column":0},"end":{"line":83,"column":13}},"83":{"start":{"line":84,"column":0},"end":{"line":84,"column":24}},"84":{"start":{"line":85,"column":0},"end":{"line":85,"column":54}},"85":{"start":{"line":86,"column":0},"end":{"line":86,"column":80}},"86":{"start":{"line":87,"column":0},"end":{"line":87,"column":49}},"87":{"start":{"line":88,"column":0},"end":{"line":88,"column":80}},"88":{"start":{"line":89,"column":0},"end":{"line":89,"column":33}},"89":{"start":{"line":90,"column":0},"end":{"line":90,"column":53}},"90":{"start":{"line":91,"column":0},"end":{"line":91,"column":36}},"91":{"start":{"line":92,"column":0},"end":{"line":92,"column":84}},"92":{"start":{"line":93,"column":0},"end":{"line":93,"column":54}},"93":{"start":{"line":94,"column":0},"end":{"line":94,"column":101}},"94":{"start":{"line":95,"column":0},"end":{"line":95,"column":45}},"95":{"start":{"line":96,"column":0},"end":{"line":96,"column":39}},"96":{"start":{"line":97,"column":0},"end":{"line":97,"column":37}},"97":{"start":{"line":98,"column":0},"end":{"line":98,"column":34}},"99":{"start":{"line":100,"column":0},"end":{"line":100,"column":42}},"101":{"start":{"line":102,"column":0},"end":{"line":102,"column":103}},"102":{"start":{"line":103,"column":0},"end":{"line":103,"column":26}},"103":{"start":{"line":104,"column":0},"end":{"line":104,"column":22}},"105":{"start":{"line":106,"column":0},"end":{"line":106,"column":14}},"107":{"start":{"line":108,"column":0},"end":{"line":108,"column":2}},"109":{"start":{"line":110,"column":0},"end":{"line":110,"column":28}}},"s":{"0":1,"1":1,"2":1,"3":1,"21":1,"22":6,"23":6,"24":6,"25":6,"26":6,"27":6,"29":6,"30":2,"32":2,"33":2,"34":2,"35":2,"36":2,"37":0,"38":0,"39":2,"41":2,"42":2,"43":2,"44":2,"45":2,"46":2,"47":2,"48":2,"49":2,"50":2,"51":2,"52":2,"53":2,"54":2,"55":2,"56":0,"57":0,"58":0,"59":2,"60":2,"61":2,"62":2,"64":2,"65":6,"67":6,"68":1,"69":1,"70":1,"71":1,"72":1,"73":1,"75":6,"76":0,"77":0,"78":0,"79":0,"81":6,"82":6,"83":6,"84":5,"85":5,"86":5,"87":5,"88":3,"89":3,"90":3,"91":3,"92":33,"93":33,"94":33,"95":3,"96":3,"97":3,"99":0,"101":5,"102":5,"103":5,"105":6,"107":6,"109":1},"branchMap":{"0":{"type":"branch","line":22,"loc":{"start":{"line":22,"column":25},"end":{"line":108,"column":2}},"locations":[{"start":{"line":22,"column":25},"end":{"line":108,"column":2}}]},"1":{"type":"branch","line":84,"loc":{"start":{"line":84,"column":13},"end":{"line":104,"column":22}},"locations":[{"start":{"line":84,"column":13},"end":{"line":104,"column":22}}]},"2":{"type":"branch","line":88,"loc":{"start":{"line":88,"column":25},"end":{"line":88,"column":65}},"locations":[{"start":{"line":88,"column":25},"end":{"line":88,"column":65}}]},"3":{"type":"branch","line":88,"loc":{"start":{"line":88,"column":57},"end":{"line":100,"column":42}},"locations":[{"start":{"line":88,"column":57},"end":{"line":100,"column":42}}]},"4":{"type":"branch","line":98,"loc":{"start":{"line":98,"column":28},"end":{"line":100,"column":42}},"locations":[{"start":{"line":98,"column":28},"end":{"line":100,"column":42}}]},"5":{"type":"branch","line":30,"loc":{"start":{"line":30,"column":14},"end":{"line":66,"column":7}},"locations":[{"start":{"line":30,"column":14},"end":{"line":66,"column":7}}]},"6":{"type":"branch","line":31,"loc":{"start":{"line":31,"column":22},"end":{"line":31,"column":29}},"locations":[{"start":{"line":31,"column":22},"end":{"line":31,"column":29}}]},"7":{"type":"branch","line":33,"loc":{"start":{"line":33,"column":29},"end":{"line":63,"column":10}},"locations":[{"start":{"line":33,"column":29},"end":{"line":63,"column":10}}]},"8":{"type":"branch","line":37,"loc":{"start":{"line":37,"column":34},"end":{"line":39,"column":17}},"locations":[{"start":{"line":37,"column":34},"end":{"line":39,"column":17}}]},"9":{"type":"branch","line":56,"loc":{"start":{"line":56,"column":12},"end":{"line":60,"column":14}},"locations":[{"start":{"line":56,"column":12},"end":{"line":60,"column":14}}]},"10":{"type":"branch","line":68,"loc":{"start":{"line":68,"column":24},"end":{"line":74,"column":6}},"locations":[{"start":{"line":68,"column":24},"end":{"line":74,"column":6}}]},"11":{"type":"branch","line":92,"loc":{"start":{"line":92,"column":66},"end":{"line":95,"column":45}},"locations":[{"start":{"line":92,"column":66},"end":{"line":95,"column":45}}]}},"b":{"0":[6],"1":[5],"2":[2],"3":[3],"4":[0],"5":[2],"6":[0],"7":[2],"8":[0],"9":[0],"10":[1],"11":[33]},"fnMap":{"0":{"name":"DetailedCard","decl":{"start":{"line":22,"column":25},"end":{"line":108,"column":2}},"loc":{"start":{"line":22,"column":25},"end":{"line":108,"column":2}},"line":22},"1":{"name":"fetchDetails","decl":{"start":{"line":33,"column":29},"end":{"line":63,"column":10}},"loc":{"start":{"line":33,"column":29},"end":{"line":63,"column":10}},"line":33},"2":{"name":"handleClose","decl":{"start":{"line":68,"column":24},"end":{"line":74,"column":6}},"loc":{"start":{"line":68,"column":24},"end":{"line":74,"column":6}},"line":68},"3":{"name":"handleOutside","decl":{"start":{"line":76,"column":26},"end":{"line":80,"column":6}},"loc":{"start":{"line":76,"column":26},"end":{"line":80,"column":6}},"line":76}},"f":{"0":6,"1":2,"2":1,"3":0}}
,"C:\\Users\\erosh\\Documents\\gg\\new\\rsschool-react\\src\\components\\Error\\Error.tsx": {"path":"C:\\Users\\erosh\\Documents\\gg\\new\\rsschool-react\\src\\components\\Error\\Error.tsx","all":true,"statementMap":{"0":{"start":{"line":1,"column":0},"end":{"line":1,"column":38}},"2":{"start":{"line":3,"column":0},"end":{"line":3,"column":28}},"3":{"start":{"line":4,"column":0},"end":{"line":4,"column":12}},"4":{"start":{"line":5,"column":0},"end":{"line":5,"column":44}},"6":{"start":{"line":7,"column":0},"end":{"line":7,"column":14}},"8":{"start":{"line":9,"column":0},"end":{"line":9,"column":2}},"10":{"start":{"line":11,"column":0},"end":{"line":11,"column":21}}},"s":{"0":0,"2":0,"3":0,"4":0,"6":0,"8":0,"10":0},"branchMap":{"0":{"type":"branch","line":1,"loc":{"start":{"line":1,"column":202},"end":{"line":11,"column":21}},"locations":[{"start":{"line":1,"column":202},"end":{"line":11,"column":21}}]}},"b":{"0":[0]},"fnMap":{"0":{"name":"(empty-report)","decl":{"start":{"line":1,"column":202},"end":{"line":11,"column":21}},"loc":{"start":{"line":1,"column":202},"end":{"line":11,"column":21}},"line":1}},"f":{"0":0}}
,"C:\\Users\\erosh\\Documents\\gg\\new\\rsschool-react\\src\\components\\ErrorBoundary\\ErrorBoundary.tsx": {"path":"C:\\Users\\erosh\\Documents\\gg\\new\\rsschool-react\\src\\components\\ErrorBoundary\\ErrorBoundary.tsx","all":false,"statementMap":{"0":{"start":{"line":1,"column":0},"end":{"line":1,"column":54}},"1":{"start":{"line":2,"column":0},"end":{"line":2,"column":38}},"12":{"start":{"line":13,"column":0},"end":{"line":13,"column":53}},"13":{"start":{"line":14,"column":0},"end":{"line":14,"column":31}},"14":{"start":{"line":15,"column":0},"end":{"line":15,"column":21}},"15":{"start":{"line":16,"column":0},"end":{"line":16,"column":54}},"16":{"start":{"line":17,"column":0},"end":{"line":17,"column":5}},"18":{"start":{"line":19,"column":0},"end":{"line":19,"column":59}},"19":{"start":{"line":20,"column":0},"end":{"line":20,"column":23}},"20":{"start":{"line":21,"column":0},"end":{"line":21,"column":25}},"21":{"start":{"line":22,"column":0},"end":{"line":22,"column":32}},"22":{"start":{"line":23,"column":0},"end":{"line":23,"column":10}},"23":{"start":{"line":24,"column":0},"end":{"line":24,"column":5}},"25":{"start":{"line":26,"column":0},"end":{"line":26,"column":14}},"26":{"start":{"line":27,"column":0},"end":{"line":27,"column":35}},"27":{"start":{"line":28,"column":0},"end":{"line":28,"column":51}},"28":{"start":{"line":29,"column":0},"end":{"line":29,"column":77}},"29":{"start":{"line":30,"column":0},"end":{"line":30,"column":30}},"30":{"start":{"line":31,"column":0},"end":{"line":31,"column":21}},"31":{"start":{"line":32,"column":0},"end":{"line":32,"column":58}},"32":{"start":{"line":33,"column":0},"end":{"line":33,"column":65}},"33":{"start":{"line":34,"column":0},"end":{"line":34,"column":22}},"34":{"start":{"line":35,"column":0},"end":{"line":35,"column":19}},"35":{"start":{"line":36,"column":0},"end":{"line":36,"column":9}},"37":{"start":{"line":38,"column":0},"end":{"line":38,"column":35}},"38":{"start":{"line":39,"column":0},"end":{"line":39,"column":5}},"39":{"start":{"line":40,"column":0},"end":{"line":40,"column":1}},"41":{"start":{"line":42,"column":0},"end":{"line":42,"column":29}}},"s":{"0":1,"1":1,"12":1,"13":1,"14":5,"15":5,"16":5,"18":1,"19":1,"20":1,"21":1,"22":1,"23":1,"25":1,"26":5,"27":1,"28":1,"29":1,"30":1,"31":1,"32":1,"33":1,"34":1,"35":1,"37":4,"38":5,"39":1,"41":1},"branchMap":{"0":{"type":"branch","line":14,"loc":{"start":{"line":14,"column":4},"end":{"line":17,"column":5}},"locations":[{"start":{"line":14,"column":4},"end":{"line":17,"column":5}}]},"1":{"type":"branch","line":19,"loc":{"start":{"line":19,"column":4},"end":{"line":24,"column":5}},"locations":[{"start":{"line":19,"column":4},"end":{"line":24,"column":5}}]},"2":{"type":"branch","line":26,"loc":{"start":{"line":26,"column":4},"end":{"line":39,"column":5}},"locations":[{"start":{"line":26,"column":4},"end":{"line":39,"column":5}}]},"3":{"type":"branch","line":27,"loc":{"start":{"line":27,"column":34},"end":{"line":36,"column":9}},"locations":[{"start":{"line":27,"column":34},"end":{"line":36,"column":9}}]},"4":{"type":"branch","line":36,"loc":{"start":{"line":36,"column":8},"end":{"line":38,"column":35}},"locations":[{"start":{"line":36,"column":8},"end":{"line":38,"column":35}}]}},"b":{"0":[5],"1":[1],"2":[5],"3":[1],"4":[4]},"fnMap":{"0":{"name":"ErrorBoundary","decl":{"start":{"line":14,"column":4},"end":{"line":17,"column":5}},"loc":{"start":{"line":14,"column":4},"end":{"line":17,"column":5}},"line":14},"1":{"name":"componentDidCatch","decl":{"start":{"line":19,"column":4},"end":{"line":24,"column":5}},"loc":{"start":{"line":19,"column":4},"end":{"line":24,"column":5}},"line":19},"2":{"name":"render","decl":{"start":{"line":26,"column":4},"end":{"line":39,"column":5}},"loc":{"start":{"line":26,"column":4},"end":{"line":39,"column":5}},"line":26}},"f":{"0":5,"1":1,"2":5}}
,"C:\\Users\\erosh\\Documents\\gg\\new\\rsschool-react\\src\\components\\Flyout\\Flyout.tsx": {"path":"C:\\Users\\erosh\\Documents\\gg\\new\\rsschool-react\\src\\components\\Flyout\\Flyout.tsx","all":false,"statementMap":{"0":{"start":{"line":1,"column":0},"end":{"line":1,"column":38}},"1":{"start":{"line":2,"column":0},"end":{"line":2,"column":68}},"2":{"start":{"line":3,"column":0},"end":{"line":3,"column":60}},"3":{"start":{"line":4,"column":0},"end":{"line":4,"column":63}},"5":{"start":{"line":6,"column":0},"end":{"line":6,"column":22}},"6":{"start":{"line":7,"column":0},"end":{"line":7,"column":38}},"7":{"start":{"line":8,"column":0},"end":{"line":8,"column":72}},"9":{"start":{"line":10,"column":0},"end":{"line":10,"column":31}},"10":{"start":{"line":11,"column":0},"end":{"line":11,"column":31}},"11":{"start":{"line":12,"column":0},"end":{"line":12,"column":6}},"13":{"start":{"line":14,"column":0},"end":{"line":14,"column":32}},"14":{"start":{"line":15,"column":0},"end":{"line":15,"column":47}},"16":{"start":{"line":17,"column":0},"end":{"line":17,"column":73}},"17":{"start":{"line":18,"column":0},"end":{"line":18,"column":92}},"18":{"start":{"line":19,"column":0},"end":{"line":19,"column":44}},"19":{"start":{"line":20,"column":0},"end":{"line":20,"column":63}},"20":{"start":{"line":21,"column":0},"end":{"line":21,"column":46}},"22":{"start":{"line":23,"column":0},"end":{"line":23,"column":51}},"23":{"start":{"line":24,"column":0},"end":{"line":24,"column":26}},"24":{"start":{"line":25,"column":0},"end":{"line":25,"column":57}},"25":{"start":{"line":26,"column":0},"end":{"line":26,"column":43}},"26":{"start":{"line":27,"column":0},"end":{"line":27,"column":42}},"27":{"start":{"line":28,"column":0},"end":{"line":28,"column":23}},"28":{"start":{"line":29,"column":0},"end":{"line":29,"column":5}},"30":{"start":{"line":31,"column":0},"end":{"line":31,"column":48}},"32":{"start":{"line":33,"column":0},"end":{"line":33,"column":12}},"33":{"start":{"line":34,"column":0},"end":{"line":34,"column":36}},"34":{"start":{"line":35,"column":0},"end":{"line":35,"column":125}},"35":{"start":{"line":36,"column":0},"end":{"line":36,"column":44}},"36":{"start":{"line":37,"column":0},"end":{"line":37,"column":79}},"37":{"start":{"line":38,"column":0},"end":{"line":38,"column":76}},"38":{"start":{"line":39,"column":0},"end":{"line":39,"column":18}},"39":{"start":{"line":40,"column":0},"end":{"line":40,"column":14}},"41":{"start":{"line":42,"column":0},"end":{"line":42,"column":2}},"43":{"start":{"line":44,"column":0},"end":{"line":44,"column":22}}},"s":{"0":1,"1":1,"2":1,"3":1,"5":1,"6":1,"7":1,"9":1,"10":0,"11":0,"13":1,"14":0,"16":0,"17":0,"18":0,"19":0,"20":0,"22":0,"23":0,"24":0,"25":0,"26":0,"27":0,"28":0,"30":1,"32":0,"33":0,"34":1,"35":1,"36":1,"37":1,"38":1,"39":1,"41":1,"43":1},"branchMap":{"0":{"type":"branch","line":6,"loc":{"start":{"line":6,"column":15},"end":{"line":42,"column":2}},"locations":[{"start":{"line":6,"column":15},"end":{"line":42,"column":2}}]},"1":{"type":"branch","line":31,"loc":{"start":{"line":31,"column":43},"end":{"line":35,"column":72}},"locations":[{"start":{"line":31,"column":43},"end":{"line":35,"column":72}}]},"2":{"type":"branch","line":35,"loc":{"start":{"line":35,"column":48},"end":{"line":35,"column":118}},"locations":[{"start":{"line":35,"column":48},"end":{"line":35,"column":118}}]},"3":{"type":"branch","line":8,"loc":{"start":{"line":8,"column":41},"end":{"line":8,"column":70}},"locations":[{"start":{"line":8,"column":41},"end":{"line":8,"column":70}}]}},"b":{"0":[1],"1":[0],"2":[0],"3":[2]},"fnMap":{"0":{"name":"Flyout","decl":{"start":{"line":6,"column":15},"end":{"line":42,"column":2}},"loc":{"start":{"line":6,"column":15},"end":{"line":42,"column":2}},"line":6},"1":{"name":"unselectAll","decl":{"start":{"line":10,"column":24},"end":{"line":12,"column":6}},"loc":{"start":{"line":10,"column":24},"end":{"line":12,"column":6}},"line":10},"2":{"name":"downloadData","decl":{"start":{"line":14,"column":25},"end":{"line":29,"column":5}},"loc":{"start":{"line":14,"column":25},"end":{"line":29,"column":5}},"line":14}},"f":{"0":1,"1":0,"2":0}}
,"C:\\Users\\erosh\\Documents\\gg\\new\\rsschool-react\\src\\components\\Pagination\\Pagination.tsx": {"path":"C:\\Users\\erosh\\Documents\\gg\\new\\rsschool-react\\src\\components\\Pagination\\Pagination.tsx","all":false,"statementMap":{"0":{"start":{"line":1,"column":0},"end":{"line":1,"column":38}},"2":{"start":{"line":3,"column":0},"end":{"line":3,"column":196}},"3":{"start":{"line":4,"column":0},"end":{"line":4,"column":30}},"4":{"start":{"line":5,"column":0},"end":{"line":5,"column":23}},"5":{"start":{"line":6,"column":0},"end":{"line":6,"column":42}},"6":{"start":{"line":7,"column":0},"end":{"line":7,"column":30}},"7":{"start":{"line":8,"column":0},"end":{"line":8,"column":9}},"8":{"start":{"line":9,"column":0},"end":{"line":9,"column":6}},"10":{"start":{"line":11,"column":0},"end":{"line":11,"column":30}},"11":{"start":{"line":12,"column":0},"end":{"line":12,"column":19}},"12":{"start":{"line":13,"column":0},"end":{"line":13,"column":42}},"13":{"start":{"line":14,"column":0},"end":{"line":14,"column":30}},"14":{"start":{"line":15,"column":0},"end":{"line":15,"column":9}},"15":{"start":{"line":16,"column":0},"end":{"line":16,"column":6}},"17":{"start":{"line":18,"column":0},"end":{"line":18,"column":12}},"18":{"start":{"line":19,"column":0},"end":{"line":19,"column":40}},"19":{"start":{"line":20,"column":0},"end":{"line":20,"column":122}},"20":{"start":{"line":21,"column":0},"end":{"line":21,"column":37}},"21":{"start":{"line":22,"column":0},"end":{"line":22,"column":61}},"22":{"start":{"line":23,"column":0},"end":{"line":23,"column":117}},"23":{"start":{"line":24,"column":0},"end":{"line":24,"column":15}},"24":{"start":{"line":25,"column":0},"end":{"line":25,"column":118}},"25":{"start":{"line":26,"column":0},"end":{"line":26,"column":14}},"27":{"start":{"line":28,"column":0},"end":{"line":28,"column":2}},"29":{"start":{"line":30,"column":0},"end":{"line":30,"column":26}}},"s":{"0":1,"2":1,"3":4,"4":1,"5":1,"6":1,"7":1,"8":1,"10":4,"11":1,"12":1,"13":1,"14":1,"15":1,"17":4,"18":4,"19":4,"20":4,"21":24,"22":24,"23":4,"24":4,"25":4,"27":4,"29":1},"branchMap":{"0":{"type":"branch","line":3,"loc":{"start":{"line":3,"column":19},"end":{"line":28,"column":2}},"locations":[{"start":{"line":3,"column":19},"end":{"line":28,"column":2}}]},"1":{"type":"branch","line":20,"loc":{"start":{"line":20,"column":49},"end":{"line":20,"column":76}},"locations":[{"start":{"line":20,"column":49},"end":{"line":20,"column":76}}]},"2":{"type":"branch","line":20,"loc":{"start":{"line":20,"column":71},"end":{"line":20,"column":112}},"locations":[{"start":{"line":20,"column":71},"end":{"line":20,"column":112}}]},"3":{"type":"branch","line":25,"loc":{"start":{"line":25,"column":67},"end":{"line":25,"column":108}},"locations":[{"start":{"line":25,"column":67},"end":{"line":25,"column":108}}]},"4":{"type":"branch","line":4,"loc":{"start":{"line":4,"column":23},"end":{"line":9,"column":6}},"locations":[{"start":{"line":4,"column":23},"end":{"line":9,"column":6}}]},"5":{"type":"branch","line":11,"loc":{"start":{"line":11,"column":23},"end":{"line":16,"column":6}},"locations":[{"start":{"line":11,"column":23},"end":{"line":16,"column":6}}]},"6":{"type":"branch","line":21,"loc":{"start":{"line":21,"column":26},"end":{"line":23,"column":117}},"locations":[{"start":{"line":21,"column":26},"end":{"line":23,"column":117}}]},"7":{"type":"branch","line":23,"loc":{"start":{"line":23,"column":45},"end":{"line":23,"column":88}},"locations":[{"start":{"line":23,"column":45},"end":{"line":23,"column":88}}]},"8":{"type":"branch","line":23,"loc":{"start":{"line":23,"column":83},"end":{"line":23,"column":103}},"locations":[{"start":{"line":23,"column":83},"end":{"line":23,"column":103}}]},"9":{"type":"branch","line":22,"loc":{"start":{"line":22,"column":30},"end":{"line":22,"column":56}},"locations":[{"start":{"line":22,"column":30},"end":{"line":22,"column":56}}]}},"b":{"0":[4],"1":[3],"2":[1],"3":[0],"4":[1],"5":[1],"6":[24],"7":[4],"8":[20],"9":[1]},"fnMap":{"0":{"name":"Pagination","decl":{"start":{"line":3,"column":19},"end":{"line":28,"column":2}},"loc":{"start":{"line":3,"column":19},"end":{"line":28,"column":2}},"line":3},"1":{"name":"handlePrev","decl":{"start":{"line":4,"column":23},"end":{"line":9,"column":6}},"loc":{"start":{"line":4,"column":23},"end":{"line":9,"column":6}},"line":4},"2":{"name":"handleNext","decl":{"start":{"line":11,"column":23},"end":{"line":16,"column":6}},"loc":{"start":{"line":11,"column":23},"end":{"line":16,"column":6}},"line":11},"3":{"name":"onClick","decl":{"start":{"line":22,"column":30},"end":{"line":22,"column":56}},"loc":{"start":{"line":22,"column":30},"end":{"line":22,"column":56}},"line":22}},"f":{"0":4,"1":1,"2":1,"3":1}}
,"C:\\Users\\erosh\\Documents\\gg\\new\\rsschool-react\\src\\components\\Search\\Search.tsx": {"path":"C:\\Users\\erosh\\Documents\\gg\\new\\rsschool-react\\src\\components\\Search\\Search.tsx","all":false,"statementMap":{"0":{"start":{"line":1,"column":0},"end":{"line":1,"column":38}},"1":{"start":{"line":2,"column":0},"end":{"line":2,"column":48}},"2":{"start":{"line":3,"column":0},"end":{"line":3,"column":63}},"3":{"start":{"line":4,"column":0},"end":{"line":4,"column":60}},"4":{"start":{"line":5,"column":0},"end":{"line":5,"column":63}},"13":{"start":{"line":14,"column":0},"end":{"line":14,"column":84}},"14":{"start":{"line":15,"column":0},"end":{"line":15,"column":68}},"15":{"start":{"line":16,"column":0},"end":{"line":16,"column":28}},"16":{"start":{"line":17,"column":0},"end":{"line":17,"column":6}},"18":{"start":{"line":19,"column":0},"end":{"line":19,"column":66}},"20":{"start":{"line":21,"column":0},"end":{"line":21,"column":12}},"21":{"start":{"line":22,"column":0},"end":{"line":22,"column":53}},"22":{"start":{"line":23,"column":0},"end":{"line":23,"column":45}},"23":{"start":{"line":24,"column":0},"end":{"line":24,"column":55}},"24":{"start":{"line":25,"column":0},"end":{"line":25,"column":139}},"25":{"start":{"line":26,"column":0},"end":{"line":26,"column":73}},"26":{"start":{"line":27,"column":0},"end":{"line":27,"column":18}},"27":{"start":{"line":28,"column":0},"end":{"line":28,"column":48}},"28":{"start":{"line":29,"column":0},"end":{"line":29,"column":114}},"29":{"start":{"line":30,"column":0},"end":{"line":30,"column":83}},"30":{"start":{"line":31,"column":0},"end":{"line":31,"column":18}},"31":{"start":{"line":32,"column":0},"end":{"line":32,"column":14}},"33":{"start":{"line":34,"column":0},"end":{"line":34,"column":2}},"35":{"start":{"line":36,"column":0},"end":{"line":36,"column":22}}},"s":{"0":1,"1":1,"2":1,"3":1,"4":1,"13":1,"14":10,"15":1,"16":1,"18":10,"20":10,"21":10,"22":10,"23":10,"24":10,"25":10,"26":10,"27":10,"28":10,"29":10,"30":10,"31":10,"33":10,"35":1},"branchMap":{"0":{"type":"branch","line":14,"loc":{"start":{"line":14,"column":22},"end":{"line":34,"column":2}},"locations":[{"start":{"line":14,"column":22},"end":{"line":34,"column":2}}]},"1":{"type":"branch","line":29,"loc":{"start":{"line":29,"column":66},"end":{"line":29,"column":87}},"locations":[{"start":{"line":29,"column":66},"end":{"line":29,"column":87}}]},"2":{"type":"branch","line":15,"loc":{"start":{"line":15,"column":25},"end":{"line":17,"column":6}},"locations":[{"start":{"line":15,"column":25},"end":{"line":17,"column":6}}]}},"b":{"0":[10],"1":[0],"2":[1]},"fnMap":{"0":{"name":"Search","decl":{"start":{"line":14,"column":22},"end":{"line":34,"column":2}},"loc":{"start":{"line":14,"column":22},"end":{"line":34,"column":2}},"line":14},"1":{"name":"handleChange","decl":{"start":{"line":15,"column":25},"end":{"line":17,"column":6}},"loc":{"start":{"line":15,"column":25},"end":{"line":17,"column":6}},"line":15}},"f":{"0":10,"1":1}}
,"C:\\Users\\erosh\\Documents\\gg\\new\\rsschool-react\\src\\components\\SearchApp\\SearchApp.tsx": {"path":"C:\\Users\\erosh\\Documents\\gg\\new\\rsschool-react\\src\\components\\SearchApp\\SearchApp.tsx","all":false,"statementMap":{"0":{"start":{"line":1,"column":0},"end":{"line":1,"column":48}},"1":{"start":{"line":2,"column":0},"end":{"line":2,"column":65}},"2":{"start":{"line":3,"column":0},"end":{"line":3,"column":48}},"3":{"start":{"line":4,"column":0},"end":{"line":4,"column":38}},"4":{"start":{"line":5,"column":0},"end":{"line":5,"column":79}},"5":{"start":{"line":6,"column":0},"end":{"line":6,"column":54}},"6":{"start":{"line":7,"column":0},"end":{"line":7,"column":40}},"7":{"start":{"line":8,"column":0},"end":{"line":8,"column":42}},"8":{"start":{"line":9,"column":0},"end":{"line":9,"column":62}},"9":{"start":{"line":10,"column":0},"end":{"line":10,"column":54}},"10":{"start":{"line":11,"column":0},"end":{"line":11,"column":42}},"11":{"start":{"line":12,"column":0},"end":{"line":12,"column":55}},"12":{"start":{"line":13,"column":0},"end":{"line":13,"column":60}},"14":{"start":{"line":15,"column":0},"end":{"line":15,"column":36}},"15":{"start":{"line":16,"column":0},"end":{"line":16,"column":63}},"16":{"start":{"line":17,"column":0},"end":{"line":17,"column":31}},"17":{"start":{"line":18,"column":0},"end":{"line":18,"column":64}},"18":{"start":{"line":19,"column":0},"end":{"line":19,"column":64}},"19":{"start":{"line":20,"column":0},"end":{"line":20,"column":72}},"20":{"start":{"line":21,"column":0},"end":{"line":21,"column":50}},"21":{"start":{"line":22,"column":0},"end":{"line":22,"column":88}},"22":{"start":{"line":23,"column":0},"end":{"line":23,"column":38}},"24":{"start":{"line":25,"column":0},"end":{"line":25,"column":35}},"25":{"start":{"line":26,"column":0},"end":{"line":26,"column":119}},"27":{"start":{"line":28,"column":0},"end":{"line":28,"column":21}},"28":{"start":{"line":29,"column":0},"end":{"line":29,"column":31}},"29":{"start":{"line":30,"column":0},"end":{"line":30,"column":19}},"31":{"start":{"line":32,"column":0},"end":{"line":32,"column":58}},"32":{"start":{"line":33,"column":0},"end":{"line":33,"column":54}},"34":{"start":{"line":35,"column":0},"end":{"line":35,"column":68}},"35":{"start":{"line":36,"column":0},"end":{"line":36,"column":38}},"36":{"start":{"line":37,"column":0},"end":{"line":37,"column":6}},"38":{"start":{"line":39,"column":0},"end":{"line":39,"column":31}},"39":{"start":{"line":40,"column":0},"end":{"line":40,"column":26}},"40":{"start":{"line":41,"column":0},"end":{"line":41,"column":31}},"41":{"start":{"line":42,"column":0},"end":{"line":42,"column":21}},"42":{"start":{"line":43,"column":0},"end":{"line":43,"column":38}},"43":{"start":{"line":44,"column":0},"end":{"line":44,"column":38}},"44":{"start":{"line":45,"column":0},"end":{"line":45,"column":11}},"45":{"start":{"line":46,"column":0},"end":{"line":46,"column":6}},"47":{"start":{"line":48,"column":0},"end":{"line":48,"column":48}},"48":{"start":{"line":49,"column":0},"end":{"line":49,"column":30}},"49":{"start":{"line":50,"column":0},"end":{"line":50,"column":36}},"51":{"start":{"line":52,"column":0},"end":{"line":52,"column":25}},"52":{"start":{"line":53,"column":0},"end":{"line":53,"column":42}},"53":{"start":{"line":54,"column":0},"end":{"line":54,"column":74}},"54":{"start":{"line":55,"column":0},"end":{"line":55,"column":15}},"55":{"start":{"line":56,"column":0},"end":{"line":56,"column":9}},"56":{"start":{"line":57,"column":0},"end":{"line":57,"column":6}},"58":{"start":{"line":59,"column":0},"end":{"line":59,"column":29}},"59":{"start":{"line":60,"column":0},"end":{"line":60,"column":27}},"60":{"start":{"line":61,"column":0},"end":{"line":61,"column":6}},"62":{"start":{"line":63,"column":0},"end":{"line":63,"column":20}},"63":{"start":{"line":64,"column":0},"end":{"line":64,"column":55}},"64":{"start":{"line":65,"column":0},"end":{"line":65,"column":5}},"66":{"start":{"line":67,"column":0},"end":{"line":67,"column":12}},"67":{"start":{"line":68,"column":0},"end":{"line":68,"column":37}},"68":{"start":{"line":69,"column":0},"end":{"line":69,"column":19}},"69":{"start":{"line":70,"column":0},"end":{"line":70,"column":31}},"70":{"start":{"line":71,"column":0},"end":{"line":71,"column":43}},"71":{"start":{"line":72,"column":0},"end":{"line":72,"column":41}},"72":{"start":{"line":73,"column":0},"end":{"line":73,"column":37}},"73":{"start":{"line":74,"column":0},"end":{"line":74,"column":14}},"74":{"start":{"line":75,"column":0},"end":{"line":75,"column":60}},"75":{"start":{"line":76,"column":0},"end":{"line":76,"column":30}},"76":{"start":{"line":77,"column":0},"end":{"line":77,"column":37}},"77":{"start":{"line":78,"column":0},"end":{"line":78,"column":29}},"78":{"start":{"line":79,"column":0},"end":{"line":79,"column":71}},"79":{"start":{"line":80,"column":0},"end":{"line":80,"column":34}},"80":{"start":{"line":81,"column":0},"end":{"line":81,"column":55}},"81":{"start":{"line":82,"column":0},"end":{"line":82,"column":28}},"82":{"start":{"line":83,"column":0},"end":{"line":83,"column":22}},"83":{"start":{"line":84,"column":0},"end":{"line":84,"column":59}},"84":{"start":{"line":85,"column":0},"end":{"line":85,"column":156}},"85":{"start":{"line":86,"column":0},"end":{"line":86,"column":101}},"86":{"start":{"line":87,"column":0},"end":{"line":87,"column":122}},"87":{"start":{"line":88,"column":0},"end":{"line":88,"column":34}},"88":{"start":{"line":89,"column":0},"end":{"line":89,"column":23}},"89":{"start":{"line":90,"column":0},"end":{"line":90,"column":25}},"90":{"start":{"line":91,"column":0},"end":{"line":91,"column":18}},"91":{"start":{"line":92,"column":0},"end":{"line":92,"column":14}},"93":{"start":{"line":94,"column":0},"end":{"line":94,"column":2}},"95":{"start":{"line":96,"column":0},"end":{"line":96,"column":25}}},"s":{"0":1,"1":1,"2":1,"3":1,"4":1,"5":1,"6":1,"7":1,"8":1,"9":1,"10":1,"11":1,"12":1,"14":1,"15":8,"16":8,"17":8,"18":8,"19":8,"20":8,"21":8,"22":8,"24":8,"25":8,"27":8,"28":3,"29":8,"31":8,"32":8,"34":8,"35":1,"36":1,"38":8,"39":1,"40":1,"41":1,"42":1,"43":1,"44":1,"45":1,"47":8,"48":0,"49":0,"51":0,"52":0,"53":0,"54":0,"55":0,"56":0,"58":8,"59":0,"60":0,"62":8,"63":0,"64":0,"66":8,"67":8,"68":8,"69":8,"70":8,"71":8,"72":8,"73":8,"74":8,"75":8,"76":7,"77":1,"78":0,"79":1,"80":0,"81":1,"82":1,"83":1,"84":1,"85":1,"86":1,"87":1,"88":1,"89":0,"90":8,"91":8,"93":8,"95":1},"branchMap":{"0":{"type":"branch","line":15,"loc":{"start":{"line":15,"column":29},"end":{"line":94,"column":2}},"locations":[{"start":{"line":15,"column":29},"end":{"line":94,"column":2}}]},"1":{"type":"branch","line":19,"loc":{"start":{"line":19,"column":24},"end":{"line":19,"column":62}},"locations":[{"start":{"line":19,"column":24},"end":{"line":19,"column":62}}]},"2":{"type":"branch","line":25,"loc":{"start":{"line":25,"column":28},"end":{"line":25,"column":35}},"locations":[{"start":{"line":25,"column":28},"end":{"line":25,"column":35}}]},"3":{"type":"branch","line":26,"loc":{"start":{"line":26,"column":98},"end":{"line":26,"column":116}},"locations":[{"start":{"line":26,"column":98},"end":{"line":26,"column":116}}]},"4":{"type":"branch","line":32,"loc":{"start":{"line":32,"column":23},"end":{"line":32,"column":56}},"locations":[{"start":{"line":32,"column":23},"end":{"line":32,"column":56}}]},"5":{"type":"branch","line":32,"loc":{"start":{"line":32,"column":52},"end":{"line":32,"column":58}},"locations":[{"start":{"line":32,"column":52},"end":{"line":32,"column":58}}]},"6":{"type":"branch","line":63,"loc":{"start":{"line":63,"column":19},"end":{"line":65,"column":5}},"locations":[{"start":{"line":63,"column":19},"end":{"line":65,"column":5}}]},"7":{"type":"branch","line":76,"loc":{"start":{"line":76,"column":17},"end":{"line":77,"column":37}},"locations":[{"start":{"line":76,"column":17},"end":{"line":77,"column":37}}]},"8":{"type":"branch","line":77,"loc":{"start":{"line":77,"column":33},"end":{"line":90,"column":25}},"locations":[{"start":{"line":77,"column":33},"end":{"line":90,"column":25}}]},"9":{"type":"branch","line":78,"loc":{"start":{"line":78,"column":20},"end":{"line":79,"column":71}},"locations":[{"start":{"line":78,"column":20},"end":{"line":79,"column":71}}]},"10":{"type":"branch","line":80,"loc":{"start":{"line":80,"column":20},"end":{"line":81,"column":55}},"locations":[{"start":{"line":80,"column":20},"end":{"line":81,"column":55}}]},"11":{"type":"branch","line":87,"loc":{"start":{"line":87,"column":25},"end":{"line":87,"column":53}},"locations":[{"start":{"line":87,"column":25},"end":{"line":87,"column":53}}]},"12":{"type":"branch","line":89,"loc":{"start":{"line":89,"column":20},"end":{"line":90,"column":25}},"locations":[{"start":{"line":89,"column":20},"end":{"line":90,"column":25}}]},"13":{"type":"branch","line":28,"loc":{"start":{"line":28,"column":14},"end":{"line":30,"column":7}},"locations":[{"start":{"line":28,"column":14},"end":{"line":30,"column":7}}]},"14":{"type":"branch","line":35,"loc":{"start":{"line":35,"column":25},"end":{"line":37,"column":6}},"locations":[{"start":{"line":35,"column":25},"end":{"line":37,"column":6}}]},"15":{"type":"branch","line":39,"loc":{"start":{"line":39,"column":24},"end":{"line":46,"column":6}},"locations":[{"start":{"line":39,"column":24},"end":{"line":46,"column":6}}]}},"b":{"0":[8],"1":[0],"2":[0],"3":[6],"4":[1],"5":[7],"6":[0],"7":[7],"8":[1],"9":[0],"10":[0],"11":[0],"12":[0],"13":[3],"14":[1],"15":[1]},"fnMap":{"0":{"name":"SearchApp","decl":{"start":{"line":15,"column":29},"end":{"line":94,"column":2}},"loc":{"start":{"line":15,"column":29},"end":{"line":94,"column":2}},"line":15},"1":{"name":"handleSearch","decl":{"start":{"line":35,"column":25},"end":{"line":37,"column":6}},"loc":{"start":{"line":35,"column":25},"end":{"line":37,"column":6}},"line":35},"2":{"name":"handleFetch","decl":{"start":{"line":39,"column":24},"end":{"line":46,"column":6}},"loc":{"start":{"line":39,"column":24},"end":{"line":46,"column":6}},"line":39},"3":{"name":"handleNewPage","decl":{"start":{"line":48,"column":26},"end":{"line":57,"column":6}},"loc":{"start":{"line":48,"column":26},"end":{"line":57,"column":6}},"line":48},"4":{"name":"makeError","decl":{"start":{"line":59,"column":22},"end":{"line":61,"column":6}},"loc":{"start":{"line":59,"column":22},"end":{"line":61,"column":6}},"line":59}},"f":{"0":8,"1":1,"2":1,"3":0,"4":0}}
,"C:\\Users\\erosh\\Documents\\gg\\new\\rsschool-react\\src\\components\\UI\\ButtonCustom\\ButtonCustom.tsx": {"path":"C:\\Users\\erosh\\Documents\\gg\\new\\rsschool-react\\src\\components\\UI\\ButtonCustom\\ButtonCustom.tsx","all":false,"statementMap":{"0":{"start":{"line":1,"column":0},"end":{"line":1,"column":32}},"2":{"start":{"line":3,"column":0},"end":{"line":3,"column":38}},"11":{"start":{"line":12,"column":0},"end":{"line":12,"column":66}},"12":{"start":{"line":13,"column":0},"end":{"line":13,"column":12}},"13":{"start":{"line":14,"column":0},"end":{"line":14,"column":81}},"14":{"start":{"line":15,"column":0},"end":{"line":15,"column":22}},"15":{"start":{"line":16,"column":0},"end":{"line":16,"column":17}},"17":{"start":{"line":18,"column":0},"end":{"line":18,"column":2}},"19":{"start":{"line":20,"column":0},"end":{"line":20,"column":28}}},"s":{"0":1,"2":1,"11":1,"12":34,"13":34,"14":34,"15":34,"17":34,"19":1},"branchMap":{"0":{"type":"branch","line":12,"loc":{"start":{"line":12,"column":32},"end":{"line":18,"column":2}},"locations":[{"start":{"line":12,"column":32},"end":{"line":18,"column":2}}]},"1":{"type":"branch","line":14,"loc":{"start":{"line":14,"column":27},"end":{"line":14,"column":59}},"locations":[{"start":{"line":14,"column":27},"end":{"line":14,"column":59}}]},"2":{"type":"branch","line":14,"loc":{"start":{"line":14,"column":54},"end":{"line":14,"column":72}},"locations":[{"start":{"line":14,"column":54},"end":{"line":14,"column":72}}]}},"b":{"0":[34],"1":[4],"2":[30]},"fnMap":{"0":{"name":"ButtonCustom","decl":{"start":{"line":12,"column":32},"end":{"line":18,"column":2}},"loc":{"start":{"line":12,"column":32},"end":{"line":18,"column":2}},"line":12}},"f":{"0":34}}
,"C:\\Users\\erosh\\Documents\\gg\\new\\rsschool-react\\src\\components\\UI\\InputCustom\\InputCustom.tsx": {"path":"C:\\Users\\erosh\\Documents\\gg\\new\\rsschool-react\\src\\components\\UI\\InputCustom\\InputCustom.tsx","all":false,"statementMap":{"0":{"start":{"line":1,"column":0},"end":{"line":1,"column":38}},"1":{"start":{"line":2,"column":0},"end":{"line":2,"column":38}},"13":{"start":{"line":14,"column":0},"end":{"line":14,"column":69}},"14":{"start":{"line":15,"column":0},"end":{"line":15,"column":12}},"15":{"start":{"line":16,"column":0},"end":{"line":16,"column":10}},"16":{"start":{"line":17,"column":0},"end":{"line":17,"column":84}},"17":{"start":{"line":18,"column":0},"end":{"line":18,"column":52}},"18":{"start":{"line":19,"column":0},"end":{"line":19,"column":11}},"20":{"start":{"line":21,"column":0},"end":{"line":21,"column":2}},"22":{"start":{"line":23,"column":0},"end":{"line":23,"column":27}}},"s":{"0":1,"1":1,"13":1,"14":10,"15":10,"16":10,"17":10,"18":10,"20":10,"22":1},"branchMap":{"0":{"type":"branch","line":14,"loc":{"start":{"line":14,"column":38},"end":{"line":21,"column":2}},"locations":[{"start":{"line":14,"column":38},"end":{"line":21,"column":2}}]},"1":{"type":"branch","line":17,"loc":{"start":{"line":17,"column":57},"end":{"line":17,"column":73}},"locations":[{"start":{"line":17,"column":57},"end":{"line":17,"column":73}}]}},"b":{"0":[10],"1":[0]},"fnMap":{"0":{"name":"InputCustom","decl":{"start":{"line":14,"column":38},"end":{"line":21,"column":2}},"loc":{"start":{"line":14,"column":38},"end":{"line":21,"column":2}},"line":14}},"f":{"0":10}}
,"C:\\Users\\erosh\\Documents\\gg\\new\\rsschool-react\\src\\context\\ThemeProvider.tsx": {"path":"C:\\Users\\erosh\\Documents\\gg\\new\\rsschool-react\\src\\context\\ThemeProvider.tsx","all":false,"statementMap":{"0":{"start":{"line":1,"column":0},"end":{"line":1,"column":63}},"7":{"start":{"line":8,"column":0},"end":{"line":8,"column":41}},"8":{"start":{"line":9,"column":0},"end":{"line":9,"column":20}},"9":{"start":{"line":10,"column":0},"end":{"line":10,"column":29}},"10":{"start":{"line":11,"column":0},"end":{"line":11,"column":2}},"12":{"start":{"line":13,"column":0},"end":{"line":13,"column":75}},"14":{"start":{"line":15,"column":0},"end":{"line":15,"column":77}},"15":{"start":{"line":16,"column":0},"end":{"line":16,"column":52}},"17":{"start":{"line":18,"column":0},"end":{"line":18,"column":34}},"18":{"start":{"line":19,"column":0},"end":{"line":19,"column":34}},"19":{"start":{"line":20,"column":0},"end":{"line":20,"column":43}},"20":{"start":{"line":21,"column":0},"end":{"line":21,"column":60}},"21":{"start":{"line":22,"column":0},"end":{"line":22,"column":74}},"22":{"start":{"line":23,"column":0},"end":{"line":23,"column":31}},"23":{"start":{"line":24,"column":0},"end":{"line":24,"column":11}},"24":{"start":{"line":25,"column":0},"end":{"line":25,"column":6}},"26":{"start":{"line":27,"column":0},"end":{"line":27,"column":12}},"27":{"start":{"line":28,"column":0},"end":{"line":28,"column":68}},"28":{"start":{"line":29,"column":0},"end":{"line":29,"column":22}},"29":{"start":{"line":30,"column":0},"end":{"line":30,"column":32}},"31":{"start":{"line":32,"column":0},"end":{"line":32,"column":2}}},"s":{"0":1,"7":1,"8":1,"9":1,"10":1,"12":1,"14":1,"15":7,"17":7,"18":4,"19":4,"20":4,"21":4,"22":4,"23":4,"24":4,"26":7,"27":7,"28":7,"29":7,"31":7},"branchMap":{"0":{"type":"branch","line":15,"loc":{"start":{"line":15,"column":58},"end":{"line":32,"column":2}},"locations":[{"start":{"line":15,"column":58},"end":{"line":32,"column":2}}]},"1":{"type":"branch","line":18,"loc":{"start":{"line":18,"column":27},"end":{"line":25,"column":6}},"locations":[{"start":{"line":18,"column":27},"end":{"line":25,"column":6}}]},"2":{"type":"branch","line":19,"loc":{"start":{"line":19,"column":20},"end":{"line":24,"column":9}},"locations":[{"start":{"line":19,"column":20},"end":{"line":24,"column":9}}]},"3":{"type":"branch","line":21,"loc":{"start":{"line":21,"column":29},"end":{"line":21,"column":52}},"locations":[{"start":{"line":21,"column":29},"end":{"line":21,"column":52}}]},"4":{"type":"branch","line":21,"loc":{"start":{"line":21,"column":43},"end":{"line":21,"column":60}},"locations":[{"start":{"line":21,"column":43},"end":{"line":21,"column":60}}]}},"b":{"0":[7],"1":[4],"2":[4],"3":[2],"4":[2]},"fnMap":{"0":{"name":"handleDarkMode","decl":{"start":{"line":10,"column":20},"end":{"line":10,"column":29}},"loc":{"start":{"line":10,"column":20},"end":{"line":10,"column":29}},"line":10},"1":{"name":"ThemeProvider","decl":{"start":{"line":15,"column":58},"end":{"line":32,"column":2}},"loc":{"start":{"line":15,"column":58},"end":{"line":32,"column":2}},"line":15},"2":{"name":"handleDarkMode","decl":{"start":{"line":18,"column":27},"end":{"line":25,"column":6}},"loc":{"start":{"line":18,"column":27},"end":{"line":25,"column":6}},"line":18}},"f":{"0":0,"1":7,"2":4}}
,"C:\\Users\\erosh\\Documents\\gg\\new\\rsschool-react\\src\\hooks\\useFetch.ts": {"path":"C:\\Users\\erosh\\Documents\\gg\\new\\rsschool-react\\src\\hooks\\useFetch.ts","all":true,"statementMap":{},"s":{},"branchMap":{"0":{"type":"branch","line":1,"loc":{"start":{"line":1,"column":0},"end":{"line":1,"column":0}},"locations":[{"start":{"line":1,"column":0},"end":{"line":1,"column":0}}]}},"b":{"0":[1]},"fnMap":{"0":{"name":"(empty-report)","decl":{"start":{"line":1,"column":0},"end":{"line":1,"column":0}},"loc":{"start":{"line":1,"column":0},"end":{"line":1,"column":0}},"line":1}},"f":{"0":1}}
,"C:\\Users\\erosh\\Documents\\gg\\new\\rsschool-react\\src\\hooks\\useLocalStorage.ts": {"path":"C:\\Users\\erosh\\Documents\\gg\\new\\rsschool-react\\src\\hooks\\useLocalStorage.ts","all":false,"statementMap":{"0":{"start":{"line":1,"column":0},"end":{"line":1,"column":44}},"2":{"start":{"line":3,"column":0},"end":{"line":3,"column":73}},"3":{"start":{"line":4,"column":0},"end":{"line":4,"column":35}},"4":{"start":{"line":5,"column":0},"end":{"line":5,"column":44}},"5":{"start":{"line":6,"column":0},"end":{"line":6,"column":73}},"6":{"start":{"line":7,"column":0},"end":{"line":7,"column":48}},"7":{"start":{"line":8,"column":0},"end":{"line":8,"column":9}},"8":{"start":{"line":9,"column":0},"end":{"line":9,"column":18}},"9":{"start":{"line":10,"column":0},"end":{"line":10,"column":6}},"11":{"start":{"line":12,"column":0},"end":{"line":12,"column":64}},"13":{"start":{"line":14,"column":0},"end":{"line":14,"column":21}},"14":{"start":{"line":15,"column":0},"end":{"line":15,"column":44}},"15":{"start":{"line":16,"column":0},"end":{"line":16,"column":60}},"16":{"start":{"line":17,"column":0},"end":{"line":17,"column":9}},"17":{"start":{"line":18,"column":0},"end":{"line":18,"column":15}},"19":{"start":{"line":20,"column":0},"end":{"line":20,"column":27}},"20":{"start":{"line":21,"column":0},"end":{"line":21,"column":1}}},"s":{"0":1,"2":1,"3":8,"4":8,"5":8,"6":8,"7":8,"8":0,"9":8,"11":8,"13":8,"14":4,"15":4,"16":4,"17":8,"19":8,"20":8},"branchMap":{"0":{"type":"branch","line":3,"loc":{"start":{"line":3,"column":31},"end":{"line":21,"column":1}},"locations":[{"start":{"line":3,"column":31},"end":{"line":21,"column":1}}]},"1":{"type":"branch","line":4,"loc":{"start":{"line":4,"column":28},"end":{"line":10,"column":6}},"locations":[{"start":{"line":4,"column":28},"end":{"line":10,"column":6}}]},"2":{"type":"branch","line":7,"loc":{"start":{"line":7,"column":19},"end":{"line":7,"column":45}},"locations":[{"start":{"line":7,"column":19},"end":{"line":7,"column":45}}]},"3":{"type":"branch","line":7,"loc":{"start":{"line":7,"column":32},"end":{"line":7,"column":48}},"locations":[{"start":{"line":7,"column":32},"end":{"line":7,"column":48}}]},"4":{"type":"branch","line":8,"loc":{"start":{"line":8,"column":8},"end":{"line":9,"column":18}},"locations":[{"start":{"line":8,"column":8},"end":{"line":9,"column":18}}]},"5":{"type":"branch","line":14,"loc":{"start":{"line":14,"column":14},"end":{"line":18,"column":7}},"locations":[{"start":{"line":14,"column":14},"end":{"line":18,"column":7}}]}},"b":{"0":[8],"1":[8],"2":[4],"3":[4],"4":[0],"5":[4]},"fnMap":{"0":{"name":"useLocalStorage","decl":{"start":{"line":3,"column":31},"end":{"line":21,"column":1}},"loc":{"start":{"line":3,"column":31},"end":{"line":21,"column":1}},"line":3},"1":{"name":"getInitialQuery","decl":{"start":{"line":4,"column":28},"end":{"line":10,"column":6}},"loc":{"start":{"line":4,"column":28},"end":{"line":10,"column":6}},"line":4}},"f":{"0":8,"1":8}}
,"C:\\Users\\erosh\\Documents\\gg\\new\\rsschool-react\\src\\pages\\404.tsx": {"path":"C:\\Users\\erosh\\Documents\\gg\\new\\rsschool-react\\src\\pages\\404.tsx","all":true,"statementMap":{"0":{"start":{"line":1,"column":0},"end":{"line":1,"column":26}},"1":{"start":{"line":2,"column":0},"end":{"line":2,"column":29}},"2":{"start":{"line":3,"column":0},"end":{"line":3,"column":50}},"4":{"start":{"line":5,"column":0},"end":{"line":5,"column":34}},"5":{"start":{"line":6,"column":0},"end":{"line":6,"column":10}},"6":{"start":{"line":7,"column":0},"end":{"line":7,"column":6}},"7":{"start":{"line":8,"column":0},"end":{"line":8,"column":12}},"8":{"start":{"line":9,"column":0},"end":{"line":9,"column":45}},"9":{"start":{"line":10,"column":0},"end":{"line":10,"column":55}},"10":{"start":{"line":11,"column":0},"end":{"line":11,"column":13}},"11":{"start":{"line":12,"column":0},"end":{"line":12,"column":15}},"12":{"start":{"line":13,"column":0},"end":{"line":13,"column":7}},"14":{"start":{"line":15,"column":0},"end":{"line":15,"column":2}},"16":{"start":{"line":17,"column":0},"end":{"line":17,"column":24}}},"s":{"0":0,"1":0,"2":0,"4":0,"5":0,"6":0,"7":0,"8":0,"9":0,"10":0,"11":0,"12":0,"14":0,"16":0},"branchMap":{"0":{"type":"branch","line":1,"loc":{"start":{"line":1,"column":0},"end":{"line":17,"column":-200}},"locations":[{"start":{"line":1,"column":0},"end":{"line":17,"column":-200}}]}},"b":{"0":[0]},"fnMap":{"0":{"name":"(empty-report)","decl":{"start":{"line":1,"column":0},"end":{"line":17,"column":-200}},"loc":{"start":{"line":1,"column":0},"end":{"line":17,"column":-200}},"line":1}},"f":{"0":0}}
,"C:\\Users\\erosh\\Documents\\gg\\new\\rsschool-react\\src\\pages\\_app.tsx": {"path":"C:\\Users\\erosh\\Documents\\gg\\new\\rsschool-react\\src\\pages\\_app.tsx","all":false,"statementMap":{"0":{"start":{"line":1,"column":0},"end":{"line":1,"column":36}},"1":{"start":{"line":2,"column":0},"end":{"line":2,"column":39}},"2":{"start":{"line":3,"column":0},"end":{"line":3,"column":39}},"3":{"start":{"line":4,"column":0},"end":{"line":4,"column":56}},"4":{"start":{"line":5,"column":0},"end":{"line":5,"column":33}},"5":{"start":{"line":6,"column":0},"end":{"line":6,"column":33}},"6":{"start":{"line":7,"column":0},"end":{"line":7,"column":30}},"7":{"start":{"line":8,"column":0},"end":{"line":8,"column":28}},"8":{"start":{"line":9,"column":0},"end":{"line":9,"column":70}},"10":{"start":{"line":11,"column":0},"end":{"line":11,"column":55}},"11":{"start":{"line":12,"column":0},"end":{"line":12,"column":52}},"13":{"start":{"line":14,"column":0},"end":{"line":14,"column":34}},"14":{"start":{"line":15,"column":0},"end":{"line":15,"column":45}},"15":{"start":{"line":16,"column":0},"end":{"line":16,"column":6}},"17":{"start":{"line":18,"column":0},"end":{"line":18,"column":12}},"18":{"start":{"line":19,"column":0},"end":{"line":19,"column":32}},"19":{"start":{"line":20,"column":0},"end":{"line":20,"column":72}},"20":{"start":{"line":21,"column":0},"end":{"line":21,"column":31}},"21":{"start":{"line":22,"column":0},"end":{"line":22,"column":78}},"22":{"start":{"line":23,"column":0},"end":{"line":23,"column":52}},"23":{"start":{"line":24,"column":0},"end":{"line":24,"column":26}},"24":{"start":{"line":25,"column":0},"end":{"line":25,"column":32}},"25":{"start":{"line":26,"column":0},"end":{"line":26,"column":36}},"26":{"start":{"line":27,"column":0},"end":{"line":27,"column":19}},"28":{"start":{"line":29,"column":0},"end":{"line":29,"column":2}},"30":{"start":{"line":31,"column":0},"end":{"line":31,"column":21}}},"s":{"0":1,"1":1,"2":1,"3":1,"4":1,"5":1,"6":1,"7":1,"8":1,"10":1,"11":1,"13":1,"14":0,"15":0,"17":1,"18":1,"19":1,"20":1,"21":1,"22":1,"23":1,"24":1,"25":1,"26":1,"28":1,"30":1},"branchMap":{"0":{"type":"branch","line":11,"loc":{"start":{"line":11,"column":14},"end":{"line":29,"column":2}},"locations":[{"start":{"line":11,"column":14},"end":{"line":29,"column":2}}]},"1":{"type":"branch","line":22,"loc":{"start":{"line":22,"column":49},"end":{"line":22,"column":74}},"locations":[{"start":{"line":22,"column":49},"end":{"line":22,"column":74}}]}},"b":{"0":[1],"1":[0]},"fnMap":{"0":{"name":"MyApp","decl":{"start":{"line":11,"column":14},"end":{"line":29,"column":2}},"loc":{"start":{"line":11,"column":14},"end":{"line":29,"column":2}},"line":11},"1":{"name":"handleDarkMode","decl":{"start":{"line":14,"column":27},"end":{"line":16,"column":6}},"loc":{"start":{"line":14,"column":27},"end":{"line":16,"column":6}},"line":14}},"f":{"0":1,"1":0}}
,"C:\\Users\\erosh\\Documents\\gg\\new\\rsschool-react\\src\\pages\\index.tsx": {"path":"C:\\Users\\erosh\\Documents\\gg\\new\\rsschool-react\\src\\pages\\index.tsx","all":false,"statementMap":{"0":{"start":{"line":1,"column":0},"end":{"line":1,"column":62}},"2":{"start":{"line":3,"column":0},"end":{"line":3,"column":29}},"4":{"start":{"line":5,"column":0},"end":{"line":5,"column":20}},"5":{"start":{"line":6,"column":0},"end":{"line":6,"column":12}},"6":{"start":{"line":7,"column":0},"end":{"line":7,"column":10}},"7":{"start":{"line":8,"column":0},"end":{"line":8,"column":18}},"8":{"start":{"line":9,"column":0},"end":{"line":9,"column":47}},"9":{"start":{"line":10,"column":0},"end":{"line":10,"column":74}},"10":{"start":{"line":11,"column":0},"end":{"line":11,"column":19}},"11":{"start":{"line":12,"column":0},"end":{"line":12,"column":25}},"12":{"start":{"line":13,"column":0},"end":{"line":13,"column":11}},"14":{"start":{"line":15,"column":0},"end":{"line":15,"column":2}},"16":{"start":{"line":17,"column":0},"end":{"line":17,"column":20}}},"s":{"0":1,"2":1,"4":1,"5":1,"6":1,"7":1,"8":1,"9":1,"10":1,"11":1,"12":1,"14":1,"16":1},"branchMap":{"0":{"type":"branch","line":5,"loc":{"start":{"line":5,"column":13},"end":{"line":15,"column":2}},"locations":[{"start":{"line":5,"column":13},"end":{"line":15,"column":2}}]}},"b":{"0":[1]},"fnMap":{"0":{"name":"Home","decl":{"start":{"line":5,"column":13},"end":{"line":15,"column":2}},"loc":{"start":{"line":5,"column":13},"end":{"line":15,"column":2}},"line":5}},"f":{"0":1}}
,"C:\\Users\\erosh\\Documents\\gg\\new\\rsschool-react\\src\\pages\\details\\[id].tsx": {"path":"C:\\Users\\erosh\\Documents\\gg\\new\\rsschool-react\\src\\pages\\details\\[id].tsx","all":true,"statementMap":{"0":{"start":{"line":1,"column":0},"end":{"line":1,"column":40}},"1":{"start":{"line":2,"column":0},"end":{"line":2,"column":70}},"3":{"start":{"line":4,"column":0},"end":{"line":4,"column":27}},"4":{"start":{"line":5,"column":0},"end":{"line":5,"column":31}},"5":{"start":{"line":6,"column":0},"end":{"line":6,"column":32}},"7":{"start":{"line":8,"column":0},"end":{"line":8,"column":12}},"8":{"start":{"line":9,"column":0},"end":{"line":9,"column":13}},"9":{"start":{"line":10,"column":0},"end":{"line":10,"column":54}},"10":{"start":{"line":11,"column":0},"end":{"line":11,"column":14}},"12":{"start":{"line":13,"column":0},"end":{"line":13,"column":2}},"14":{"start":{"line":15,"column":0},"end":{"line":15,"column":27}}},"s":{"0":0,"1":0,"3":0,"4":0,"5":0,"7":0,"8":0,"9":0,"10":0,"12":0,"14":0},"branchMap":{"0":{"type":"branch","line":1,"loc":{"start":{"line":1,"column":0},"end":{"line":15,"column":-207}},"locations":[{"start":{"line":1,"column":0},"end":{"line":15,"column":-207}}]}},"b":{"0":[0]},"fnMap":{"0":{"name":"(empty-report)","decl":{"start":{"line":1,"column":0},"end":{"line":15,"column":-207}},"loc":{"start":{"line":1,"column":0},"end":{"line":15,"column":-207}},"line":1}},"f":{"0":0}}
,"C:\\Users\\erosh\\Documents\\gg\\new\\rsschool-react\\src\\store\\api.ts": {"path":"C:\\Users\\erosh\\Documents\\gg\\new\\rsschool-react\\src\\store\\api.ts","all":false,"statementMap":{"0":{"start":{"line":1,"column":0},"end":{"line":1,"column":73}},"2":{"start":{"line":3,"column":0},"end":{"line":3,"column":53}},"11":{"start":{"line":12,"column":0},"end":{"line":12,"column":30}},"12":{"start":{"line":13,"column":0},"end":{"line":13,"column":23}},"13":{"start":{"line":14,"column":0},"end":{"line":14,"column":69}},"14":{"start":{"line":15,"column":0},"end":{"line":15,"column":30}},"15":{"start":{"line":16,"column":0},"end":{"line":16,"column":75}},"16":{"start":{"line":17,"column":0},"end":{"line":17,"column":42}},"17":{"start":{"line":18,"column":0},"end":{"line":18,"column":53}},"18":{"start":{"line":19,"column":0},"end":{"line":19,"column":36}},"19":{"start":{"line":20,"column":0},"end":{"line":20,"column":73}},"20":{"start":{"line":21,"column":0},"end":{"line":21,"column":74}},"21":{"start":{"line":22,"column":0},"end":{"line":22,"column":17}},"22":{"start":{"line":23,"column":0},"end":{"line":23,"column":31}},"23":{"start":{"line":24,"column":0},"end":{"line":24,"column":14}},"24":{"start":{"line":25,"column":0},"end":{"line":25,"column":82}},"25":{"start":{"line":26,"column":0},"end":{"line":26,"column":21}},"26":{"start":{"line":27,"column":0},"end":{"line":27,"column":58}},"27":{"start":{"line":28,"column":0},"end":{"line":28,"column":72}},"28":{"start":{"line":29,"column":0},"end":{"line":29,"column":33}},"29":{"start":{"line":30,"column":0},"end":{"line":30,"column":49}},"30":{"start":{"line":31,"column":0},"end":{"line":31,"column":17}},"31":{"start":{"line":32,"column":0},"end":{"line":32,"column":14}},"32":{"start":{"line":33,"column":0},"end":{"line":33,"column":11}},"33":{"start":{"line":34,"column":0},"end":{"line":34,"column":7}},"34":{"start":{"line":35,"column":0},"end":{"line":35,"column":3}},"36":{"start":{"line":37,"column":0},"end":{"line":37,"column":41}}},"s":{"0":1,"2":1,"11":1,"12":1,"13":1,"14":1,"15":3,"16":3,"17":2,"18":2,"19":1,"20":1,"21":1,"22":2,"23":2,"24":3,"25":2,"26":2,"27":2,"28":2,"29":0,"30":0,"31":2,"32":3,"33":3,"34":1,"36":1},"branchMap":{"0":{"type":"branch","line":15,"loc":{"start":{"line":15,"column":15},"end":{"line":34,"column":7}},"locations":[{"start":{"line":15,"column":15},"end":{"line":34,"column":7}}]},"1":{"type":"branch","line":17,"loc":{"start":{"line":17,"column":19},"end":{"line":24,"column":14}},"locations":[{"start":{"line":17,"column":19},"end":{"line":24,"column":14}}]},"2":{"type":"branch","line":19,"loc":{"start":{"line":19,"column":35},"end":{"line":22,"column":17}},"locations":[{"start":{"line":19,"column":35},"end":{"line":22,"column":17}}]},"3":{"type":"branch","line":25,"loc":{"start":{"line":25,"column":12},"end":{"line":32,"column":14}},"locations":[{"start":{"line":25,"column":12},"end":{"line":32,"column":14}}]},"4":{"type":"branch","line":29,"loc":{"start":{"line":29,"column":16},"end":{"line":31,"column":17}},"locations":[{"start":{"line":29,"column":16},"end":{"line":31,"column":17}}]}},"b":{"0":[3],"1":[2],"2":[1],"3":[2],"4":[0]},"fnMap":{"0":{"name":"endpoints","decl":{"start":{"line":15,"column":15},"end":{"line":34,"column":7}},"loc":{"start":{"line":15,"column":15},"end":{"line":34,"column":7}},"line":15},"1":{"name":"query","decl":{"start":{"line":17,"column":19},"end":{"line":24,"column":14}},"loc":{"start":{"line":17,"column":19},"end":{"line":24,"column":14}},"line":17},"2":{"name":"onQueryStarted","decl":{"start":{"line":25,"column":12},"end":{"line":32,"column":14}},"loc":{"start":{"line":25,"column":12},"end":{"line":32,"column":14}},"line":25}},"f":{"0":3,"1":2,"2":2}}
,"C:\\Users\\erosh\\Documents\\gg\\new\\rsschool-react\\src\\store\\hooks.ts": {"path":"C:\\Users\\erosh\\Documents\\gg\\new\\rsschool-react\\src\\store\\hooks.ts","all":false,"statementMap":{"0":{"start":{"line":1,"column":0},"end":{"line":1,"column":77}},"3":{"start":{"line":4,"column":0},"end":{"line":4,"column":63}},"4":{"start":{"line":5,"column":0},"end":{"line":5,"column":75}}},"s":{"0":1,"3":1,"4":1},"branchMap":{"0":{"type":"branch","line":4,"loc":{"start":{"line":4,"column":30},"end":{"line":4,"column":63}},"locations":[{"start":{"line":4,"column":30},"end":{"line":4,"column":63}}]}},"b":{"0":[23]},"fnMap":{"0":{"name":"useAppDispatch","decl":{"start":{"line":4,"column":30},"end":{"line":4,"column":63}},"loc":{"start":{"line":4,"column":30},"end":{"line":4,"column":63}},"line":4}},"f":{"0":23}}
,"C:\\Users\\erosh\\Documents\\gg\\new\\rsschool-react\\src\\store\\store.ts": {"path":"C:\\Users\\erosh\\Documents\\gg\\new\\rsschool-react\\src\\store\\store.ts","all":false,"statementMap":{"0":{"start":{"line":1,"column":0},"end":{"line":1,"column":67}},"1":{"start":{"line":2,"column":0},"end":{"line":2,"column":28}},"2":{"start":{"line":3,"column":0},"end":{"line":3,"column":50}},"4":{"start":{"line":5,"column":0},"end":{"line":5,"column":37}},"5":{"start":{"line":6,"column":0},"end":{"line":6,"column":35}},"6":{"start":{"line":7,"column":0},"end":{"line":7,"column":30}},"7":{"start":{"line":8,"column":0},"end":{"line":8,"column":3}},"9":{"start":{"line":10,"column":0},"end":{"line":10,"column":37}},"10":{"start":{"line":11,"column":0},"end":{"line":11,"column":25}},"11":{"start":{"line":12,"column":0},"end":{"line":12,"column":41}},"12":{"start":{"line":13,"column":0},"end":{"line":13,"column":54}},"13":{"start":{"line":14,"column":0},"end":{"line":14,"column":3}}},"s":{"0":1,"1":1,"2":1,"4":1,"5":1,"6":1,"7":1,"9":1,"10":1,"11":1,"12":3,"13":1},"branchMap":{"0":{"type":"branch","line":12,"loc":{"start":{"line":12,"column":16},"end":{"line":13,"column":54}},"locations":[{"start":{"line":12,"column":16},"end":{"line":13,"column":54}}]}},"b":{"0":[3]},"fnMap":{"0":{"name":"middleware","decl":{"start":{"line":12,"column":16},"end":{"line":13,"column":54}},"loc":{"start":{"line":12,"column":16},"end":{"line":13,"column":54}},"line":12}},"f":{"0":3}}
,"C:\\Users\\erosh\\Documents\\gg\\new\\rsschool-react\\src\\store\\reducers\\selected.ts": {"path":"C:\\Users\\erosh\\Documents\\gg\\new\\rsschool-react\\src\\store\\reducers\\selected.ts","all":false,"statementMap":{"0":{"start":{"line":1,"column":0},"end":{"line":1,"column":62}},"9":{"start":{"line":10,"column":0},"end":{"line":10,"column":37}},"10":{"start":{"line":11,"column":0},"end":{"line":11,"column":14}},"11":{"start":{"line":12,"column":0},"end":{"line":12,"column":17}},"12":{"start":{"line":13,"column":0},"end":{"line":13,"column":19}},"13":{"start":{"line":14,"column":0},"end":{"line":14,"column":1}},"15":{"start":{"line":16,"column":0},"end":{"line":16,"column":42}},"16":{"start":{"line":17,"column":0},"end":{"line":17,"column":21}},"17":{"start":{"line":18,"column":0},"end":{"line":18,"column":17}},"18":{"start":{"line":19,"column":0},"end":{"line":19,"column":15}},"19":{"start":{"line":20,"column":0},"end":{"line":20,"column":62}},"20":{"start":{"line":21,"column":0},"end":{"line":21,"column":45}},"21":{"start":{"line":22,"column":0},"end":{"line":22,"column":10}},"22":{"start":{"line":23,"column":0},"end":{"line":23,"column":63}},"23":{"start":{"line":24,"column":0},"end":{"line":24,"column":81}},"24":{"start":{"line":25,"column":0},"end":{"line":25,"column":10}},"25":{"start":{"line":26,"column":0},"end":{"line":26,"column":32}},"26":{"start":{"line":27,"column":0},"end":{"line":27,"column":29}},"27":{"start":{"line":28,"column":0},"end":{"line":28,"column":32}},"28":{"start":{"line":29,"column":0},"end":{"line":29,"column":10}},"29":{"start":{"line":30,"column":0},"end":{"line":30,"column":92}},"30":{"start":{"line":31,"column":0},"end":{"line":31,"column":50}},"31":{"start":{"line":32,"column":0},"end":{"line":32,"column":40}},"32":{"start":{"line":33,"column":0},"end":{"line":33,"column":37}},"33":{"start":{"line":34,"column":0},"end":{"line":34,"column":10}},"34":{"start":{"line":35,"column":0},"end":{"line":35,"column":6}},"35":{"start":{"line":36,"column":0},"end":{"line":36,"column":3}},"37":{"start":{"line":38,"column":0},"end":{"line":38,"column":86}},"38":{"start":{"line":39,"column":0},"end":{"line":39,"column":37}}},"s":{"0":1,"9":1,"10":1,"11":1,"12":1,"13":1,"15":1,"16":1,"17":1,"18":1,"19":1,"20":1,"21":1,"22":1,"23":1,"24":1,"25":1,"26":3,"27":3,"28":3,"29":1,"30":2,"31":2,"32":2,"33":2,"34":1,"35":1,"37":1,"38":1},"branchMap":{"0":{"type":"branch","line":20,"loc":{"start":{"line":20,"column":17},"end":{"line":22,"column":10}},"locations":[{"start":{"line":20,"column":17},"end":{"line":22,"column":10}}]},"1":{"type":"branch","line":23,"loc":{"start":{"line":23,"column":20},"end":{"line":25,"column":10}},"locations":[{"start":{"line":23,"column":20},"end":{"line":25,"column":10}}]},"2":{"type":"branch","line":24,"loc":{"start":{"line":24,"column":45},"end":{"line":24,"column":79}},"locations":[{"start":{"line":24,"column":45},"end":{"line":24,"column":79}}]},"3":{"type":"branch","line":26,"loc":{"start":{"line":26,"column":20},"end":{"line":29,"column":10}},"locations":[{"start":{"line":26,"column":20},"end":{"line":29,"column":10}}]},"4":{"type":"branch","line":30,"loc":{"start":{"line":30,"column":21},"end":{"line":34,"column":10}},"locations":[{"start":{"line":30,"column":21},"end":{"line":34,"column":10}}]}},"b":{"0":[1],"1":[1],"2":[1],"3":[3],"4":[2]},"fnMap":{"0":{"name":"addItem","decl":{"start":{"line":20,"column":17},"end":{"line":22,"column":10}},"loc":{"start":{"line":20,"column":17},"end":{"line":22,"column":10}},"line":20},"1":{"name":"removeItem","decl":{"start":{"line":23,"column":20},"end":{"line":25,"column":10}},"loc":{"start":{"line":23,"column":20},"end":{"line":25,"column":10}},"line":23},"2":{"name":"resetItems","decl":{"start":{"line":26,"column":20},"end":{"line":29,"column":10}},"loc":{"start":{"line":26,"column":20},"end":{"line":29,"column":10}},"line":26},"3":{"name":"setPageData","decl":{"start":{"line":30,"column":21},"end":{"line":34,"column":10}},"loc":{"start":{"line":30,"column":21},"end":{"line":34,"column":10}},"line":30}},"f":{"0":1,"1":1,"2":3,"3":2}}
,"C:\\Users\\erosh\\Documents\\gg\\new\\rsschool-react\\src\\types\\index.d.ts": {"path":"C:\\Users\\erosh\\Documents\\gg\\new\\rsschool-react\\src\\types\\index.d.ts","all":true,"statementMap":{},"s":{},"branchMap":{"0":{"type":"branch","line":1,"loc":{"start":{"line":1,"column":30},"end":{"line":1,"column":30}},"locations":[{"start":{"line":1,"column":30},"end":{"line":1,"column":30}}]}},"b":{"0":[1]},"fnMap":{"0":{"name":"(empty-report)","decl":{"start":{"line":1,"column":30},"end":{"line":1,"column":30}},"loc":{"start":{"line":1,"column":30},"end":{"line":1,"column":30}},"line":1}},"f":{"0":1}}
}
