{"C:\\Users\\erosh\\Documents\\gg\\new\\rsschool-react\\app\\root.tsx": {"path":"C:\\Users\\erosh\\Documents\\gg\\new\\rsschool-react\\app\\root.tsx","all":true,"statementMap":{"0":{"start":{"line":1,"column":0},"end":{"line":1,"column":8}},"9":{"start":{"line":10,"column":0},"end":{"line":10,"column":26}},"10":{"start":{"line":11,"column":0},"end":{"line":11,"column":39}},"11":{"start":{"line":12,"column":0},"end":{"line":12,"column":38}},"12":{"start":{"line":13,"column":0},"end":{"line":13,"column":68}},"13":{"start":{"line":14,"column":0},"end":{"line":14,"column":33}},"14":{"start":{"line":15,"column":0},"end":{"line":15,"column":73}},"16":{"start":{"line":17,"column":0},"end":{"line":17,"column":32}},"17":{"start":{"line":18,"column":0},"end":{"line":18,"column":29}},"18":{"start":{"line":19,"column":0},"end":{"line":19,"column":27}},"20":{"start":{"line":21,"column":0},"end":{"line":21,"column":57}},"22":{"start":{"line":23,"column":0},"end":{"line":23,"column":31}},"23":{"start":{"line":24,"column":0},"end":{"line":24,"column":52}},"25":{"start":{"line":26,"column":0},"end":{"line":26,"column":34}},"26":{"start":{"line":27,"column":0},"end":{"line":27,"column":45}},"27":{"start":{"line":28,"column":0},"end":{"line":28,"column":6}},"29":{"start":{"line":30,"column":0},"end":{"line":30,"column":12}},"30":{"start":{"line":31,"column":0},"end":{"line":31,"column":77}},"31":{"start":{"line":32,"column":0},"end":{"line":32,"column":14}},"32":{"start":{"line":33,"column":0},"end":{"line":33,"column":19}},"33":{"start":{"line":34,"column":0},"end":{"line":34,"column":20}},"34":{"start":{"line":35,"column":0},"end":{"line":35,"column":15}},"35":{"start":{"line":36,"column":0},"end":{"line":36,"column":14}},"36":{"start":{"line":37,"column":0},"end":{"line":37,"column":32}},"37":{"start":{"line":38,"column":0},"end":{"line":38,"column":70}},"38":{"start":{"line":39,"column":0},"end":{"line":39,"column":31}},"39":{"start":{"line":40,"column":0},"end":{"line":40,"column":25}},"40":{"start":{"line":41,"column":0},"end":{"line":41,"column":37}},"41":{"start":{"line":42,"column":0},"end":{"line":42,"column":33}},"42":{"start":{"line":43,"column":0},"end":{"line":43,"column":26}},"43":{"start":{"line":44,"column":0},"end":{"line":44,"column":32}},"44":{"start":{"line":45,"column":0},"end":{"line":45,"column":36}},"45":{"start":{"line":46,"column":0},"end":{"line":46,"column":19}},"46":{"start":{"line":47,"column":0},"end":{"line":47,"column":28}},"47":{"start":{"line":48,"column":0},"end":{"line":48,"column":18}},"48":{"start":{"line":49,"column":0},"end":{"line":49,"column":15}},"49":{"start":{"line":50,"column":0},"end":{"line":50,"column":15}},"51":{"start":{"line":52,"column":0},"end":{"line":52,"column":1}}},"s":{"0":0,"9":0,"10":0,"11":0,"12":0,"13":0,"14":0,"16":0,"17":0,"18":0,"20":0,"22":0,"23":0,"25":0,"26":0,"27":0,"29":0,"30":0,"31":0,"32":0,"33":0,"34":0,"35":0,"36":0,"37":0,"38":0,"39":0,"40":0,"41":0,"42":0,"43":0,"44":0,"45":0,"46":0,"47":0,"48":0,"49":0,"51":0},"branchMap":{"0":{"type":"branch","line":1,"loc":{"start":{"line":1,"column":0},"end":{"line":52,"column":-576}},"locations":[{"start":{"line":1,"column":0},"end":{"line":52,"column":-576}}]}},"b":{"0":[0]},"fnMap":{"0":{"name":"(empty-report)","decl":{"start":{"line":1,"column":0},"end":{"line":52,"column":-576}},"loc":{"start":{"line":1,"column":0},"end":{"line":52,"column":-576}},"line":1}},"f":{"0":0}}
,"C:\\Users\\erosh\\Documents\\gg\\new\\rsschool-react\\app\\components\\Card\\Card.tsx": {"path":"C:\\Users\\erosh\\Documents\\gg\\new\\rsschool-react\\app\\components\\Card\\Card.tsx","all":false,"statementMap":{"0":{"start":{"line":1,"column":0},"end":{"line":1,"column":27}},"1":{"start":{"line":2,"column":0},"end":{"line":2,"column":60}},"2":{"start":{"line":3,"column":0},"end":{"line":3,"column":38}},"3":{"start":{"line":4,"column":0},"end":{"line":4,"column":70}},"5":{"start":{"line":6,"column":0},"end":{"line":6,"column":71}},"15":{"start":{"line":16,"column":0},"end":{"line":16,"column":81}},"16":{"start":{"line":17,"column":0},"end":{"line":17,"column":35}},"17":{"start":{"line":18,"column":0},"end":{"line":18,"column":35}},"18":{"start":{"line":19,"column":0},"end":{"line":19,"column":38}},"19":{"start":{"line":20,"column":0},"end":{"line":20,"column":72}},"20":{"start":{"line":21,"column":0},"end":{"line":21,"column":66}},"22":{"start":{"line":23,"column":0},"end":{"line":23,"column":31}},"23":{"start":{"line":24,"column":0},"end":{"line":24,"column":65}},"24":{"start":{"line":25,"column":0},"end":{"line":25,"column":39}},"25":{"start":{"line":26,"column":0},"end":{"line":26,"column":86}},"26":{"start":{"line":27,"column":0},"end":{"line":27,"column":6}},"28":{"start":{"line":29,"column":0},"end":{"line":29,"column":78}},"29":{"start":{"line":30,"column":0},"end":{"line":30,"column":153}},"30":{"start":{"line":31,"column":0},"end":{"line":31,"column":31}},"31":{"start":{"line":32,"column":0},"end":{"line":32,"column":36}},"32":{"start":{"line":33,"column":0},"end":{"line":33,"column":16}},"33":{"start":{"line":34,"column":0},"end":{"line":34,"column":37}},"34":{"start":{"line":35,"column":0},"end":{"line":35,"column":9}},"35":{"start":{"line":36,"column":0},"end":{"line":36,"column":6}},"37":{"start":{"line":38,"column":0},"end":{"line":38,"column":12}},"38":{"start":{"line":39,"column":0},"end":{"line":39,"column":68}},"39":{"start":{"line":40,"column":0},"end":{"line":40,"column":18}},"40":{"start":{"line":41,"column":0},"end":{"line":41,"column":31}},"41":{"start":{"line":42,"column":0},"end":{"line":42,"column":40}},"42":{"start":{"line":43,"column":0},"end":{"line":43,"column":36}},"43":{"start":{"line":44,"column":0},"end":{"line":44,"column":47}},"44":{"start":{"line":45,"column":0},"end":{"line":45,"column":52}},"45":{"start":{"line":46,"column":0},"end":{"line":46,"column":14}},"46":{"start":{"line":47,"column":0},"end":{"line":47,"column":29}},"47":{"start":{"line":48,"column":0},"end":{"line":48,"column":53}},"48":{"start":{"line":49,"column":0},"end":{"line":49,"column":41}},"49":{"start":{"line":50,"column":0},"end":{"line":50,"column":49}},"50":{"start":{"line":51,"column":0},"end":{"line":51,"column":41}},"51":{"start":{"line":52,"column":0},"end":{"line":52,"column":17}},"52":{"start":{"line":53,"column":0},"end":{"line":53,"column":14}},"54":{"start":{"line":55,"column":0},"end":{"line":55,"column":2}},"56":{"start":{"line":57,"column":0},"end":{"line":57,"column":20}}},"s":{"0":1,"1":1,"2":1,"3":1,"5":1,"15":1,"16":14,"17":14,"18":14,"19":14,"20":14,"22":14,"23":0,"24":0,"25":0,"26":0,"28":14,"29":2,"30":2,"31":1,"32":1,"33":1,"34":1,"35":2,"37":14,"38":14,"39":14,"40":14,"41":14,"42":14,"43":14,"44":14,"45":14,"46":14,"47":14,"48":14,"49":14,"50":14,"51":14,"52":14,"54":14,"56":1},"branchMap":{"0":{"type":"branch","line":16,"loc":{"start":{"line":16,"column":34},"end":{"line":55,"column":2}},"locations":[{"start":{"line":16,"column":34},"end":{"line":55,"column":2}}]},"1":{"type":"branch","line":20,"loc":{"start":{"line":20,"column":41},"end":{"line":20,"column":70}},"locations":[{"start":{"line":20,"column":41},"end":{"line":20,"column":70}}]},"2":{"type":"branch","line":21,"loc":{"start":{"line":21,"column":42},"end":{"line":21,"column":64}},"locations":[{"start":{"line":21,"column":42},"end":{"line":21,"column":64}}]},"3":{"type":"branch","line":29,"loc":{"start":{"line":29,"column":33},"end":{"line":36,"column":6}},"locations":[{"start":{"line":29,"column":33},"end":{"line":36,"column":6}}]},"4":{"type":"branch","line":31,"loc":{"start":{"line":31,"column":30},"end":{"line":35,"column":9}},"locations":[{"start":{"line":31,"column":30},"end":{"line":35,"column":9}}]},"5":{"type":"branch","line":45,"loc":{"start":{"line":45,"column":25},"end":{"line":45,"column":52}},"locations":[{"start":{"line":45,"column":25},"end":{"line":45,"column":52}}]}},"b":{"0":[14],"1":[28],"2":[1],"3":[2],"4":[1],"5":[2]},"fnMap":{"0":{"name":"Card","decl":{"start":{"line":16,"column":34},"end":{"line":55,"column":2}},"loc":{"start":{"line":16,"column":34},"end":{"line":55,"column":2}},"line":16},"1":{"name":"handleClick","decl":{"start":{"line":23,"column":24},"end":{"line":27,"column":6}},"loc":{"start":{"line":23,"column":24},"end":{"line":27,"column":6}},"line":23},"2":{"name":"handleCheckboxChange","decl":{"start":{"line":29,"column":33},"end":{"line":36,"column":6}},"loc":{"start":{"line":29,"column":33},"end":{"line":36,"column":6}},"line":29},"3":{"name":"onClick","decl":{"start":{"line":45,"column":25},"end":{"line":45,"column":52}},"loc":{"start":{"line":45,"column":25},"end":{"line":45,"column":52}},"line":45}},"f":{"0":14,"1":0,"2":2,"3":2}}
,"C:\\Users\\erosh\\Documents\\gg\\new\\rsschool-react\\app\\components\\CardList\\CardList.tsx": {"path":"C:\\Users\\erosh\\Documents\\gg\\new\\rsschool-react\\app\\components\\CardList\\CardList.tsx","all":false,"statementMap":{"0":{"start":{"line":1,"column":0},"end":{"line":1,"column":38}},"1":{"start":{"line":2,"column":0},"end":{"line":2,"column":36}},"11":{"start":{"line":12,"column":0},"end":{"line":12,"column":39}},"12":{"start":{"line":13,"column":0},"end":{"line":13,"column":33}},"13":{"start":{"line":14,"column":0},"end":{"line":14,"column":35}},"14":{"start":{"line":15,"column":0},"end":{"line":15,"column":2}},"16":{"start":{"line":17,"column":0},"end":{"line":17,"column":60}},"17":{"start":{"line":18,"column":0},"end":{"line":18,"column":42}},"18":{"start":{"line":19,"column":0},"end":{"line":19,"column":39}},"19":{"start":{"line":20,"column":0},"end":{"line":20,"column":5}},"21":{"start":{"line":22,"column":0},"end":{"line":22,"column":12}},"22":{"start":{"line":23,"column":0},"end":{"line":23,"column":42}},"23":{"start":{"line":24,"column":0},"end":{"line":24,"column":61}},"24":{"start":{"line":25,"column":0},"end":{"line":25,"column":21}},"25":{"start":{"line":26,"column":0},"end":{"line":26,"column":31}},"26":{"start":{"line":27,"column":0},"end":{"line":27,"column":47}},"27":{"start":{"line":28,"column":0},"end":{"line":28,"column":40}},"28":{"start":{"line":29,"column":0},"end":{"line":29,"column":40}},"29":{"start":{"line":30,"column":0},"end":{"line":30,"column":48}},"30":{"start":{"line":31,"column":0},"end":{"line":31,"column":36}},"31":{"start":{"line":32,"column":0},"end":{"line":32,"column":18}},"32":{"start":{"line":33,"column":0},"end":{"line":33,"column":15}},"33":{"start":{"line":34,"column":0},"end":{"line":34,"column":14}},"35":{"start":{"line":36,"column":0},"end":{"line":36,"column":2}},"37":{"start":{"line":38,"column":0},"end":{"line":38,"column":24}}},"s":{"0":1,"1":1,"11":1,"12":12,"13":12,"14":12,"16":1,"17":3,"18":1,"19":1,"21":2,"22":2,"23":2,"24":12,"25":12,"26":12,"27":12,"28":12,"29":12,"30":12,"31":12,"32":2,"33":2,"35":2,"37":1},"branchMap":{"0":{"type":"branch","line":12,"loc":{"start":{"line":12,"column":21},"end":{"line":15,"column":2}},"locations":[{"start":{"line":12,"column":21},"end":{"line":15,"column":2}}]},"1":{"type":"branch","line":17,"loc":{"start":{"line":17,"column":17},"end":{"line":36,"column":2}},"locations":[{"start":{"line":17,"column":17},"end":{"line":36,"column":2}}]},"2":{"type":"branch","line":18,"loc":{"start":{"line":18,"column":41},"end":{"line":36,"column":2}},"locations":[{"start":{"line":18,"column":41},"end":{"line":36,"column":2}}]},"3":{"type":"branch","line":18,"loc":{"start":{"line":18,"column":41},"end":{"line":20,"column":5}},"locations":[{"start":{"line":18,"column":41},"end":{"line":20,"column":5}}]},"4":{"type":"branch","line":24,"loc":{"start":{"line":24,"column":25},"end":{"line":32,"column":18}},"locations":[{"start":{"line":24,"column":25},"end":{"line":32,"column":18}}]}},"b":{"0":[12],"1":[3],"2":[2],"3":[1],"4":[12]},"fnMap":{"0":{"name":"getIdFromUrl","decl":{"start":{"line":12,"column":21},"end":{"line":15,"column":2}},"loc":{"start":{"line":12,"column":21},"end":{"line":15,"column":2}},"line":12},"1":{"name":"CardList","decl":{"start":{"line":17,"column":17},"end":{"line":36,"column":2}},"loc":{"start":{"line":17,"column":17},"end":{"line":36,"column":2}},"line":17}},"f":{"0":12,"1":3}}
,"C:\\Users\\erosh\\Documents\\gg\\new\\rsschool-react\\app\\components\\DetailedCard\\DetailedCard.tsx": {"path":"C:\\Users\\erosh\\Documents\\gg\\new\\rsschool-react\\app\\components\\DetailedCard\\DetailedCard.tsx","all":false,"statementMap":{"0":{"start":{"line":1,"column":0},"end":{"line":1,"column":48}},"1":{"start":{"line":2,"column":0},"end":{"line":2,"column":60}},"2":{"start":{"line":3,"column":0},"end":{"line":3,"column":38}},"3":{"start":{"line":4,"column":0},"end":{"line":4,"column":63}},"25":{"start":{"line":26,"column":0},"end":{"line":26,"column":62}},"26":{"start":{"line":27,"column":0},"end":{"line":27,"column":35}},"27":{"start":{"line":28,"column":0},"end":{"line":28,"column":35}},"28":{"start":{"line":29,"column":0},"end":{"line":29,"column":74}},"29":{"start":{"line":30,"column":0},"end":{"line":30,"column":58}},"30":{"start":{"line":31,"column":0},"end":{"line":31,"column":60}},"32":{"start":{"line":33,"column":0},"end":{"line":33,"column":21}},"33":{"start":{"line":34,"column":0},"end":{"line":34,"column":29}},"35":{"start":{"line":36,"column":0},"end":{"line":36,"column":42}},"36":{"start":{"line":37,"column":0},"end":{"line":37,"column":17}},"37":{"start":{"line":38,"column":0},"end":{"line":38,"column":33}},"38":{"start":{"line":39,"column":0},"end":{"line":39,"column":88}},"39":{"start":{"line":40,"column":0},"end":{"line":40,"column":35}},"40":{"start":{"line":41,"column":0},"end":{"line":41,"column":69}},"41":{"start":{"line":42,"column":0},"end":{"line":42,"column":17}},"42":{"start":{"line":43,"column":0},"end":{"line":43,"column":51}},"44":{"start":{"line":45,"column":0},"end":{"line":45,"column":32}},"45":{"start":{"line":46,"column":0},"end":{"line":46,"column":32}},"46":{"start":{"line":47,"column":0},"end":{"line":47,"column":36}},"47":{"start":{"line":48,"column":0},"end":{"line":48,"column":48}},"48":{"start":{"line":49,"column":0},"end":{"line":49,"column":46}},"49":{"start":{"line":50,"column":0},"end":{"line":50,"column":40}},"50":{"start":{"line":51,"column":0},"end":{"line":51,"column":48}},"51":{"start":{"line":52,"column":0},"end":{"line":52,"column":40}},"52":{"start":{"line":53,"column":0},"end":{"line":53,"column":46}},"53":{"start":{"line":54,"column":0},"end":{"line":54,"column":36}},"54":{"start":{"line":55,"column":0},"end":{"line":55,"column":48}},"55":{"start":{"line":56,"column":0},"end":{"line":56,"column":34}},"56":{"start":{"line":57,"column":0},"end":{"line":57,"column":19}},"57":{"start":{"line":58,"column":0},"end":{"line":58,"column":31}},"58":{"start":{"line":59,"column":0},"end":{"line":59,"column":29}},"59":{"start":{"line":60,"column":0},"end":{"line":60,"column":45}},"60":{"start":{"line":61,"column":0},"end":{"line":61,"column":44}},"61":{"start":{"line":62,"column":0},"end":{"line":62,"column":17}},"62":{"start":{"line":63,"column":0},"end":{"line":63,"column":23}},"63":{"start":{"line":64,"column":0},"end":{"line":64,"column":34}},"64":{"start":{"line":65,"column":0},"end":{"line":65,"column":13}},"65":{"start":{"line":66,"column":0},"end":{"line":66,"column":10}},"67":{"start":{"line":68,"column":0},"end":{"line":68,"column":23}},"68":{"start":{"line":69,"column":0},"end":{"line":69,"column":18}},"70":{"start":{"line":71,"column":0},"end":{"line":71,"column":31}},"71":{"start":{"line":72,"column":0},"end":{"line":72,"column":59}},"72":{"start":{"line":73,"column":0},"end":{"line":73,"column":32}},"73":{"start":{"line":74,"column":0},"end":{"line":74,"column":80}},"74":{"start":{"line":75,"column":0},"end":{"line":75,"column":6}},"76":{"start":{"line":77,"column":0},"end":{"line":77,"column":72}},"77":{"start":{"line":78,"column":0},"end":{"line":78,"column":51}},"78":{"start":{"line":79,"column":0},"end":{"line":79,"column":26}},"79":{"start":{"line":80,"column":0},"end":{"line":80,"column":9}},"80":{"start":{"line":81,"column":0},"end":{"line":81,"column":6}},"82":{"start":{"line":83,"column":0},"end":{"line":83,"column":12}},"83":{"start":{"line":84,"column":0},"end":{"line":84,"column":13}},"84":{"start":{"line":85,"column":0},"end":{"line":85,"column":25}},"85":{"start":{"line":86,"column":0},"end":{"line":86,"column":54}},"86":{"start":{"line":87,"column":0},"end":{"line":87,"column":80}},"87":{"start":{"line":88,"column":0},"end":{"line":88,"column":49}},"88":{"start":{"line":89,"column":0},"end":{"line":89,"column":80}},"89":{"start":{"line":90,"column":0},"end":{"line":90,"column":33}},"90":{"start":{"line":91,"column":0},"end":{"line":91,"column":53}},"91":{"start":{"line":92,"column":0},"end":{"line":92,"column":36}},"92":{"start":{"line":93,"column":0},"end":{"line":93,"column":84}},"93":{"start":{"line":94,"column":0},"end":{"line":94,"column":54}},"94":{"start":{"line":95,"column":0},"end":{"line":95,"column":101}},"95":{"start":{"line":96,"column":0},"end":{"line":96,"column":45}},"96":{"start":{"line":97,"column":0},"end":{"line":97,"column":39}},"97":{"start":{"line":98,"column":0},"end":{"line":98,"column":37}},"98":{"start":{"line":99,"column":0},"end":{"line":99,"column":34}},"100":{"start":{"line":101,"column":0},"end":{"line":101,"column":42}},"102":{"start":{"line":103,"column":0},"end":{"line":103,"column":103}},"103":{"start":{"line":104,"column":0},"end":{"line":104,"column":26}},"104":{"start":{"line":105,"column":0},"end":{"line":105,"column":22}},"106":{"start":{"line":107,"column":0},"end":{"line":107,"column":14}},"108":{"start":{"line":109,"column":0},"end":{"line":109,"column":2}},"110":{"start":{"line":111,"column":0},"end":{"line":111,"column":28}}},"s":{"0":1,"1":1,"2":1,"3":1,"25":1,"26":2,"27":2,"28":2,"29":2,"30":2,"32":2,"33":1,"35":1,"36":1,"37":1,"38":1,"39":1,"40":0,"41":0,"42":1,"44":1,"45":1,"46":1,"47":1,"48":1,"49":1,"50":1,"51":1,"52":1,"53":1,"54":1,"55":1,"56":1,"57":1,"58":1,"59":0,"60":0,"61":0,"62":1,"63":1,"64":1,"65":1,"67":1,"68":2,"70":2,"71":0,"72":0,"73":0,"74":0,"76":2,"77":0,"78":0,"79":0,"80":0,"82":2,"83":2,"84":2,"85":2,"86":2,"87":2,"88":2,"89":1,"90":1,"91":1,"92":1,"93":11,"94":11,"95":11,"96":1,"97":1,"98":1,"100":0,"102":2,"103":2,"104":2,"106":2,"108":2,"110":1},"branchMap":{"0":{"type":"branch","line":26,"loc":{"start":{"line":26,"column":44},"end":{"line":109,"column":2}},"locations":[{"start":{"line":26,"column":44},"end":{"line":109,"column":2}}]},"1":{"type":"branch","line":89,"loc":{"start":{"line":89,"column":25},"end":{"line":89,"column":65}},"locations":[{"start":{"line":89,"column":25},"end":{"line":89,"column":65}}]},"2":{"type":"branch","line":89,"loc":{"start":{"line":89,"column":57},"end":{"line":101,"column":42}},"locations":[{"start":{"line":89,"column":57},"end":{"line":101,"column":42}}]},"3":{"type":"branch","line":99,"loc":{"start":{"line":99,"column":28},"end":{"line":101,"column":42}},"locations":[{"start":{"line":99,"column":28},"end":{"line":101,"column":42}}]},"4":{"type":"branch","line":33,"loc":{"start":{"line":33,"column":14},"end":{"line":69,"column":7}},"locations":[{"start":{"line":33,"column":14},"end":{"line":69,"column":7}}]},"5":{"type":"branch","line":34,"loc":{"start":{"line":34,"column":22},"end":{"line":34,"column":29}},"locations":[{"start":{"line":34,"column":22},"end":{"line":34,"column":29}}]},"6":{"type":"branch","line":36,"loc":{"start":{"line":36,"column":29},"end":{"line":66,"column":10}},"locations":[{"start":{"line":36,"column":29},"end":{"line":66,"column":10}}]},"7":{"type":"branch","line":40,"loc":{"start":{"line":40,"column":34},"end":{"line":42,"column":17}},"locations":[{"start":{"line":40,"column":34},"end":{"line":42,"column":17}}]},"8":{"type":"branch","line":59,"loc":{"start":{"line":59,"column":12},"end":{"line":63,"column":14}},"locations":[{"start":{"line":59,"column":12},"end":{"line":63,"column":14}}]},"9":{"type":"branch","line":93,"loc":{"start":{"line":93,"column":66},"end":{"line":96,"column":45}},"locations":[{"start":{"line":93,"column":66},"end":{"line":96,"column":45}}]}},"b":{"0":[2],"1":[1],"2":[1],"3":[0],"4":[1],"5":[0],"6":[1],"7":[0],"8":[0],"9":[11]},"fnMap":{"0":{"name":"DetailedCard","decl":{"start":{"line":26,"column":44},"end":{"line":109,"column":2}},"loc":{"start":{"line":26,"column":44},"end":{"line":109,"column":2}},"line":26},"1":{"name":"fetchDetails","decl":{"start":{"line":36,"column":29},"end":{"line":66,"column":10}},"loc":{"start":{"line":36,"column":29},"end":{"line":66,"column":10}},"line":36},"2":{"name":"handleClose","decl":{"start":{"line":71,"column":24},"end":{"line":75,"column":6}},"loc":{"start":{"line":71,"column":24},"end":{"line":75,"column":6}},"line":71},"3":{"name":"handleOutside","decl":{"start":{"line":77,"column":26},"end":{"line":81,"column":6}},"loc":{"start":{"line":77,"column":26},"end":{"line":81,"column":6}},"line":77}},"f":{"0":2,"1":1,"2":0,"3":0}}
,"C:\\Users\\erosh\\Documents\\gg\\new\\rsschool-react\\app\\components\\Error\\Error.tsx": {"path":"C:\\Users\\erosh\\Documents\\gg\\new\\rsschool-react\\app\\components\\Error\\Error.tsx","all":false,"statementMap":{"0":{"start":{"line":1,"column":0},"end":{"line":1,"column":38}},"2":{"start":{"line":3,"column":0},"end":{"line":3,"column":28}},"3":{"start":{"line":4,"column":0},"end":{"line":4,"column":12}},"4":{"start":{"line":5,"column":0},"end":{"line":5,"column":44}},"6":{"start":{"line":7,"column":0},"end":{"line":7,"column":14}},"8":{"start":{"line":9,"column":0},"end":{"line":9,"column":2}},"10":{"start":{"line":11,"column":0},"end":{"line":11,"column":21}}},"s":{"0":1,"2":1,"3":1,"4":1,"6":1,"8":1,"10":1},"branchMap":{"0":{"type":"branch","line":3,"loc":{"start":{"line":3,"column":21},"end":{"line":9,"column":2}},"locations":[{"start":{"line":3,"column":21},"end":{"line":9,"column":2}}]}},"b":{"0":[1]},"fnMap":{"0":{"name":"Error","decl":{"start":{"line":3,"column":21},"end":{"line":9,"column":2}},"loc":{"start":{"line":3,"column":21},"end":{"line":9,"column":2}},"line":3}},"f":{"0":1}}
,"C:\\Users\\erosh\\Documents\\gg\\new\\rsschool-react\\app\\components\\ErrorBoundary\\ErrorBoundary.tsx": {"path":"C:\\Users\\erosh\\Documents\\gg\\new\\rsschool-react\\app\\components\\ErrorBoundary\\ErrorBoundary.tsx","all":true,"statementMap":{"0":{"start":{"line":1,"column":0},"end":{"line":1,"column":52}},"1":{"start":{"line":2,"column":0},"end":{"line":2,"column":38}},"12":{"start":{"line":13,"column":0},"end":{"line":13,"column":86}},"13":{"start":{"line":14,"column":0},"end":{"line":14,"column":44}},"14":{"start":{"line":15,"column":0},"end":{"line":15,"column":21}},"15":{"start":{"line":16,"column":0},"end":{"line":16,"column":54}},"16":{"start":{"line":17,"column":0},"end":{"line":17,"column":5}},"18":{"start":{"line":19,"column":0},"end":{"line":19,"column":51}},"19":{"start":{"line":20,"column":0},"end":{"line":20,"column":41}},"20":{"start":{"line":21,"column":0},"end":{"line":21,"column":5}},"22":{"start":{"line":23,"column":0},"end":{"line":23,"column":65}},"23":{"start":{"line":24,"column":0},"end":{"line":24,"column":58}},"24":{"start":{"line":25,"column":0},"end":{"line":25,"column":5}},"26":{"start":{"line":27,"column":0},"end":{"line":27,"column":14}},"27":{"start":{"line":28,"column":0},"end":{"line":28,"column":34}},"28":{"start":{"line":29,"column":0},"end":{"line":29,"column":20}},"29":{"start":{"line":30,"column":0},"end":{"line":30,"column":48}},"30":{"start":{"line":31,"column":0},"end":{"line":31,"column":83}},"31":{"start":{"line":32,"column":0},"end":{"line":32,"column":34}},"32":{"start":{"line":33,"column":0},"end":{"line":33,"column":25}},"33":{"start":{"line":34,"column":0},"end":{"line":34,"column":57}},"34":{"start":{"line":35,"column":0},"end":{"line":35,"column":26}},"35":{"start":{"line":36,"column":0},"end":{"line":36,"column":22}},"37":{"start":{"line":38,"column":0},"end":{"line":38,"column":9}},"39":{"start":{"line":40,"column":0},"end":{"line":40,"column":35}},"40":{"start":{"line":41,"column":0},"end":{"line":41,"column":5}},"41":{"start":{"line":42,"column":0},"end":{"line":42,"column":1}}},"s":{"0":0,"1":0,"12":0,"13":0,"14":0,"15":0,"16":0,"18":0,"19":0,"20":0,"22":0,"23":0,"24":0,"26":0,"27":0,"28":0,"29":0,"30":0,"31":0,"32":0,"33":0,"34":0,"35":0,"37":0,"39":0,"40":0,"41":0},"branchMap":{"0":{"type":"branch","line":1,"loc":{"start":{"line":1,"column":0},"end":{"line":42,"column":-311}},"locations":[{"start":{"line":1,"column":0},"end":{"line":42,"column":-311}}]}},"b":{"0":[0]},"fnMap":{"0":{"name":"(empty-report)","decl":{"start":{"line":1,"column":0},"end":{"line":42,"column":-311}},"loc":{"start":{"line":1,"column":0},"end":{"line":42,"column":-311}},"line":1}},"f":{"0":0}}
,"C:\\Users\\erosh\\Documents\\gg\\new\\rsschool-react\\app\\components\\Flyout\\Flyout.tsx": {"path":"C:\\Users\\erosh\\Documents\\gg\\new\\rsschool-react\\app\\components\\Flyout\\Flyout.tsx","all":false,"statementMap":{"0":{"start":{"line":1,"column":0},"end":{"line":1,"column":38}},"1":{"start":{"line":2,"column":0},"end":{"line":2,"column":68}},"2":{"start":{"line":3,"column":0},"end":{"line":3,"column":60}},"3":{"start":{"line":4,"column":0},"end":{"line":4,"column":63}},"5":{"start":{"line":6,"column":0},"end":{"line":6,"column":22}},"6":{"start":{"line":7,"column":0},"end":{"line":7,"column":38}},"7":{"start":{"line":8,"column":0},"end":{"line":8,"column":72}},"9":{"start":{"line":10,"column":0},"end":{"line":10,"column":31}},"10":{"start":{"line":11,"column":0},"end":{"line":11,"column":31}},"11":{"start":{"line":12,"column":0},"end":{"line":12,"column":6}},"13":{"start":{"line":14,"column":0},"end":{"line":14,"column":32}},"14":{"start":{"line":15,"column":0},"end":{"line":15,"column":47}},"16":{"start":{"line":17,"column":0},"end":{"line":17,"column":73}},"17":{"start":{"line":18,"column":0},"end":{"line":18,"column":92}},"18":{"start":{"line":19,"column":0},"end":{"line":19,"column":44}},"19":{"start":{"line":20,"column":0},"end":{"line":20,"column":63}},"20":{"start":{"line":21,"column":0},"end":{"line":21,"column":46}},"22":{"start":{"line":23,"column":0},"end":{"line":23,"column":51}},"23":{"start":{"line":24,"column":0},"end":{"line":24,"column":26}},"24":{"start":{"line":25,"column":0},"end":{"line":25,"column":57}},"25":{"start":{"line":26,"column":0},"end":{"line":26,"column":43}},"26":{"start":{"line":27,"column":0},"end":{"line":27,"column":42}},"27":{"start":{"line":28,"column":0},"end":{"line":28,"column":23}},"28":{"start":{"line":29,"column":0},"end":{"line":29,"column":5}},"30":{"start":{"line":31,"column":0},"end":{"line":31,"column":48}},"32":{"start":{"line":33,"column":0},"end":{"line":33,"column":12}},"33":{"start":{"line":34,"column":0},"end":{"line":34,"column":36}},"34":{"start":{"line":35,"column":0},"end":{"line":35,"column":125}},"35":{"start":{"line":36,"column":0},"end":{"line":36,"column":44}},"36":{"start":{"line":37,"column":0},"end":{"line":37,"column":79}},"37":{"start":{"line":38,"column":0},"end":{"line":38,"column":76}},"38":{"start":{"line":39,"column":0},"end":{"line":39,"column":18}},"39":{"start":{"line":40,"column":0},"end":{"line":40,"column":14}},"41":{"start":{"line":42,"column":0},"end":{"line":42,"column":2}},"43":{"start":{"line":44,"column":0},"end":{"line":44,"column":22}}},"s":{"0":1,"1":1,"2":1,"3":1,"5":1,"6":4,"7":4,"9":4,"10":1,"11":1,"13":4,"14":0,"16":0,"17":0,"18":0,"19":0,"20":0,"22":0,"23":0,"24":0,"25":0,"26":0,"27":0,"28":0,"30":4,"32":2,"33":2,"34":4,"35":4,"36":4,"37":4,"38":4,"39":4,"41":4,"43":1},"branchMap":{"0":{"type":"branch","line":6,"loc":{"start":{"line":6,"column":15},"end":{"line":42,"column":2}},"locations":[{"start":{"line":6,"column":15},"end":{"line":42,"column":2}}]},"1":{"type":"branch","line":31,"loc":{"start":{"line":31,"column":36},"end":{"line":35,"column":72}},"locations":[{"start":{"line":31,"column":36},"end":{"line":35,"column":72}}]},"2":{"type":"branch","line":35,"loc":{"start":{"line":35,"column":48},"end":{"line":35,"column":118}},"locations":[{"start":{"line":35,"column":48},"end":{"line":35,"column":118}}]},"3":{"type":"branch","line":8,"loc":{"start":{"line":8,"column":41},"end":{"line":8,"column":70}},"locations":[{"start":{"line":8,"column":41},"end":{"line":8,"column":70}}]},"4":{"type":"branch","line":10,"loc":{"start":{"line":10,"column":24},"end":{"line":12,"column":6}},"locations":[{"start":{"line":10,"column":24},"end":{"line":12,"column":6}}]}},"b":{"0":[4],"1":[2],"2":[0],"3":[8],"4":[1]},"fnMap":{"0":{"name":"Flyout","decl":{"start":{"line":6,"column":15},"end":{"line":42,"column":2}},"loc":{"start":{"line":6,"column":15},"end":{"line":42,"column":2}},"line":6},"1":{"name":"unselectAll","decl":{"start":{"line":10,"column":24},"end":{"line":12,"column":6}},"loc":{"start":{"line":10,"column":24},"end":{"line":12,"column":6}},"line":10},"2":{"name":"downloadData","decl":{"start":{"line":14,"column":25},"end":{"line":29,"column":5}},"loc":{"start":{"line":14,"column":25},"end":{"line":29,"column":5}},"line":14}},"f":{"0":4,"1":1,"2":0}}
,"C:\\Users\\erosh\\Documents\\gg\\new\\rsschool-react\\app\\components\\Pagination\\Pagination.tsx": {"path":"C:\\Users\\erosh\\Documents\\gg\\new\\rsschool-react\\app\\components\\Pagination\\Pagination.tsx","all":false,"statementMap":{"0":{"start":{"line":1,"column":0},"end":{"line":1,"column":38}},"2":{"start":{"line":3,"column":0},"end":{"line":3,"column":196}},"3":{"start":{"line":4,"column":0},"end":{"line":4,"column":30}},"4":{"start":{"line":5,"column":0},"end":{"line":5,"column":23}},"5":{"start":{"line":6,"column":0},"end":{"line":6,"column":42}},"6":{"start":{"line":7,"column":0},"end":{"line":7,"column":30}},"7":{"start":{"line":8,"column":0},"end":{"line":8,"column":9}},"8":{"start":{"line":9,"column":0},"end":{"line":9,"column":6}},"10":{"start":{"line":11,"column":0},"end":{"line":11,"column":30}},"11":{"start":{"line":12,"column":0},"end":{"line":12,"column":19}},"12":{"start":{"line":13,"column":0},"end":{"line":13,"column":42}},"13":{"start":{"line":14,"column":0},"end":{"line":14,"column":30}},"14":{"start":{"line":15,"column":0},"end":{"line":15,"column":9}},"15":{"start":{"line":16,"column":0},"end":{"line":16,"column":6}},"17":{"start":{"line":18,"column":0},"end":{"line":18,"column":12}},"18":{"start":{"line":19,"column":0},"end":{"line":19,"column":40}},"19":{"start":{"line":20,"column":0},"end":{"line":20,"column":122}},"20":{"start":{"line":21,"column":0},"end":{"line":21,"column":37}},"21":{"start":{"line":22,"column":0},"end":{"line":22,"column":61}},"22":{"start":{"line":23,"column":0},"end":{"line":23,"column":117}},"23":{"start":{"line":24,"column":0},"end":{"line":24,"column":15}},"24":{"start":{"line":25,"column":0},"end":{"line":25,"column":118}},"25":{"start":{"line":26,"column":0},"end":{"line":26,"column":14}},"27":{"start":{"line":28,"column":0},"end":{"line":28,"column":2}},"29":{"start":{"line":30,"column":0},"end":{"line":30,"column":26}}},"s":{"0":1,"2":1,"3":4,"4":1,"5":1,"6":1,"7":1,"8":1,"10":4,"11":1,"12":1,"13":1,"14":1,"15":1,"17":4,"18":4,"19":4,"20":4,"21":24,"22":24,"23":4,"24":4,"25":4,"27":4,"29":1},"branchMap":{"0":{"type":"branch","line":3,"loc":{"start":{"line":3,"column":19},"end":{"line":28,"column":2}},"locations":[{"start":{"line":3,"column":19},"end":{"line":28,"column":2}}]},"1":{"type":"branch","line":20,"loc":{"start":{"line":20,"column":49},"end":{"line":20,"column":76}},"locations":[{"start":{"line":20,"column":49},"end":{"line":20,"column":76}}]},"2":{"type":"branch","line":20,"loc":{"start":{"line":20,"column":71},"end":{"line":20,"column":112}},"locations":[{"start":{"line":20,"column":71},"end":{"line":20,"column":112}}]},"3":{"type":"branch","line":25,"loc":{"start":{"line":25,"column":67},"end":{"line":25,"column":108}},"locations":[{"start":{"line":25,"column":67},"end":{"line":25,"column":108}}]},"4":{"type":"branch","line":4,"loc":{"start":{"line":4,"column":23},"end":{"line":9,"column":6}},"locations":[{"start":{"line":4,"column":23},"end":{"line":9,"column":6}}]},"5":{"type":"branch","line":11,"loc":{"start":{"line":11,"column":23},"end":{"line":16,"column":6}},"locations":[{"start":{"line":11,"column":23},"end":{"line":16,"column":6}}]},"6":{"type":"branch","line":21,"loc":{"start":{"line":21,"column":26},"end":{"line":23,"column":117}},"locations":[{"start":{"line":21,"column":26},"end":{"line":23,"column":117}}]},"7":{"type":"branch","line":23,"loc":{"start":{"line":23,"column":45},"end":{"line":23,"column":88}},"locations":[{"start":{"line":23,"column":45},"end":{"line":23,"column":88}}]},"8":{"type":"branch","line":23,"loc":{"start":{"line":23,"column":83},"end":{"line":23,"column":103}},"locations":[{"start":{"line":23,"column":83},"end":{"line":23,"column":103}}]},"9":{"type":"branch","line":22,"loc":{"start":{"line":22,"column":30},"end":{"line":22,"column":56}},"locations":[{"start":{"line":22,"column":30},"end":{"line":22,"column":56}}]}},"b":{"0":[4],"1":[3],"2":[1],"3":[0],"4":[1],"5":[1],"6":[24],"7":[4],"8":[20],"9":[1]},"fnMap":{"0":{"name":"Pagination","decl":{"start":{"line":3,"column":19},"end":{"line":28,"column":2}},"loc":{"start":{"line":3,"column":19},"end":{"line":28,"column":2}},"line":3},"1":{"name":"handlePrev","decl":{"start":{"line":4,"column":23},"end":{"line":9,"column":6}},"loc":{"start":{"line":4,"column":23},"end":{"line":9,"column":6}},"line":4},"2":{"name":"handleNext","decl":{"start":{"line":11,"column":23},"end":{"line":16,"column":6}},"loc":{"start":{"line":11,"column":23},"end":{"line":16,"column":6}},"line":11},"3":{"name":"onClick","decl":{"start":{"line":22,"column":30},"end":{"line":22,"column":56}},"loc":{"start":{"line":22,"column":30},"end":{"line":22,"column":56}},"line":22}},"f":{"0":4,"1":1,"2":1,"3":1}}
,"C:\\Users\\erosh\\Documents\\gg\\new\\rsschool-react\\app\\components\\Search\\Search.tsx": {"path":"C:\\Users\\erosh\\Documents\\gg\\new\\rsschool-react\\app\\components\\Search\\Search.tsx","all":false,"statementMap":{"0":{"start":{"line":1,"column":0},"end":{"line":1,"column":38}},"1":{"start":{"line":2,"column":0},"end":{"line":2,"column":48}},"2":{"start":{"line":3,"column":0},"end":{"line":3,"column":63}},"3":{"start":{"line":4,"column":0},"end":{"line":4,"column":60}},"4":{"start":{"line":5,"column":0},"end":{"line":5,"column":63}},"12":{"start":{"line":13,"column":0},"end":{"line":13,"column":73}},"13":{"start":{"line":14,"column":0},"end":{"line":14,"column":68}},"14":{"start":{"line":15,"column":0},"end":{"line":15,"column":28}},"15":{"start":{"line":16,"column":0},"end":{"line":16,"column":6}},"17":{"start":{"line":18,"column":0},"end":{"line":18,"column":29}},"18":{"start":{"line":19,"column":0},"end":{"line":19,"column":48}},"19":{"start":{"line":20,"column":0},"end":{"line":20,"column":6}},"21":{"start":{"line":22,"column":0},"end":{"line":22,"column":66}},"23":{"start":{"line":24,"column":0},"end":{"line":24,"column":12}},"24":{"start":{"line":25,"column":0},"end":{"line":25,"column":53}},"25":{"start":{"line":26,"column":0},"end":{"line":26,"column":45}},"26":{"start":{"line":27,"column":0},"end":{"line":27,"column":55}},"27":{"start":{"line":28,"column":0},"end":{"line":28,"column":139}},"28":{"start":{"line":29,"column":0},"end":{"line":29,"column":73}},"29":{"start":{"line":30,"column":0},"end":{"line":30,"column":18}},"30":{"start":{"line":31,"column":0},"end":{"line":31,"column":48}},"31":{"start":{"line":32,"column":0},"end":{"line":32,"column":114}},"33":{"start":{"line":34,"column":0},"end":{"line":34,"column":18}},"34":{"start":{"line":35,"column":0},"end":{"line":35,"column":14}},"36":{"start":{"line":37,"column":0},"end":{"line":37,"column":2}},"38":{"start":{"line":39,"column":0},"end":{"line":39,"column":22}}},"s":{"0":1,"1":1,"2":1,"3":1,"4":1,"12":1,"13":5,"14":0,"15":0,"17":5,"18":0,"19":0,"21":5,"23":5,"24":5,"25":5,"26":5,"27":5,"28":5,"29":5,"30":5,"31":5,"33":5,"34":5,"36":5,"38":1},"branchMap":{"0":{"type":"branch","line":13,"loc":{"start":{"line":13,"column":22},"end":{"line":37,"column":2}},"locations":[{"start":{"line":13,"column":22},"end":{"line":37,"column":2}}]},"1":{"type":"branch","line":32,"loc":{"start":{"line":32,"column":66},"end":{"line":32,"column":87}},"locations":[{"start":{"line":32,"column":66},"end":{"line":32,"column":87}}]}},"b":{"0":[5],"1":[0]},"fnMap":{"0":{"name":"Search","decl":{"start":{"line":13,"column":22},"end":{"line":37,"column":2}},"loc":{"start":{"line":13,"column":22},"end":{"line":37,"column":2}},"line":13},"1":{"name":"handleChange","decl":{"start":{"line":14,"column":25},"end":{"line":16,"column":6}},"loc":{"start":{"line":14,"column":25},"end":{"line":16,"column":6}},"line":14},"2":{"name":"makeError","decl":{"start":{"line":18,"column":22},"end":{"line":20,"column":6}},"loc":{"start":{"line":18,"column":22},"end":{"line":20,"column":6}},"line":18}},"f":{"0":5,"1":0,"2":0}}
,"C:\\Users\\erosh\\Documents\\gg\\new\\rsschool-react\\app\\components\\SearchApp\\SearchApp.tsx": {"path":"C:\\Users\\erosh\\Documents\\gg\\new\\rsschool-react\\app\\components\\SearchApp\\SearchApp.tsx","all":false,"statementMap":{"0":{"start":{"line":1,"column":0},"end":{"line":1,"column":61}},"1":{"start":{"line":2,"column":0},"end":{"line":2,"column":65}},"2":{"start":{"line":3,"column":0},"end":{"line":3,"column":48}},"3":{"start":{"line":4,"column":0},"end":{"line":4,"column":38}},"4":{"start":{"line":5,"column":0},"end":{"line":5,"column":79}},"5":{"start":{"line":6,"column":0},"end":{"line":6,"column":54}},"6":{"start":{"line":7,"column":0},"end":{"line":7,"column":77}},"7":{"start":{"line":8,"column":0},"end":{"line":8,"column":42}},"8":{"start":{"line":9,"column":0},"end":{"line":9,"column":62}},"9":{"start":{"line":10,"column":0},"end":{"line":10,"column":54}},"10":{"start":{"line":11,"column":0},"end":{"line":11,"column":42}},"11":{"start":{"line":12,"column":0},"end":{"line":12,"column":55}},"12":{"start":{"line":13,"column":0},"end":{"line":13,"column":60}},"14":{"start":{"line":15,"column":0},"end":{"line":15,"column":36}},"15":{"start":{"line":16,"column":0},"end":{"line":16,"column":35}},"16":{"start":{"line":17,"column":0},"end":{"line":17,"column":35}},"17":{"start":{"line":18,"column":0},"end":{"line":18,"column":45}},"18":{"start":{"line":19,"column":0},"end":{"line":19,"column":47}},"19":{"start":{"line":20,"column":0},"end":{"line":20,"column":51}},"20":{"start":{"line":21,"column":0},"end":{"line":21,"column":48}},"21":{"start":{"line":22,"column":0},"end":{"line":22,"column":64}},"22":{"start":{"line":23,"column":0},"end":{"line":23,"column":72}},"23":{"start":{"line":24,"column":0},"end":{"line":24,"column":70}},"24":{"start":{"line":25,"column":0},"end":{"line":25,"column":78}},"25":{"start":{"line":26,"column":0},"end":{"line":26,"column":71}},"26":{"start":{"line":27,"column":0},"end":{"line":27,"column":38}},"28":{"start":{"line":29,"column":0},"end":{"line":29,"column":21}},"29":{"start":{"line":30,"column":0},"end":{"line":30,"column":31}},"30":{"start":{"line":31,"column":0},"end":{"line":31,"column":19}},"32":{"start":{"line":33,"column":0},"end":{"line":33,"column":21}},"33":{"start":{"line":34,"column":0},"end":{"line":34,"column":26}},"34":{"start":{"line":35,"column":0},"end":{"line":35,"column":40}},"35":{"start":{"line":36,"column":0},"end":{"line":36,"column":9}},"36":{"start":{"line":37,"column":0},"end":{"line":37,"column":22}},"38":{"start":{"line":39,"column":0},"end":{"line":39,"column":21}},"39":{"start":{"line":40,"column":0},"end":{"line":40,"column":37}},"40":{"start":{"line":41,"column":0},"end":{"line":41,"column":68}},"41":{"start":{"line":42,"column":0},"end":{"line":42,"column":9}},"42":{"start":{"line":43,"column":0},"end":{"line":43,"column":40}},"44":{"start":{"line":45,"column":0},"end":{"line":45,"column":119}},"46":{"start":{"line":47,"column":0},"end":{"line":47,"column":58}},"47":{"start":{"line":48,"column":0},"end":{"line":48,"column":54}},"49":{"start":{"line":50,"column":0},"end":{"line":50,"column":68}},"50":{"start":{"line":51,"column":0},"end":{"line":51,"column":42}},"51":{"start":{"line":52,"column":0},"end":{"line":52,"column":6}},"53":{"start":{"line":54,"column":0},"end":{"line":54,"column":31}},"54":{"start":{"line":55,"column":0},"end":{"line":55,"column":26}},"55":{"start":{"line":56,"column":0},"end":{"line":56,"column":30}},"56":{"start":{"line":57,"column":0},"end":{"line":57,"column":35}},"57":{"start":{"line":58,"column":0},"end":{"line":58,"column":68}},"58":{"start":{"line":59,"column":0},"end":{"line":59,"column":6}},"60":{"start":{"line":61,"column":0},"end":{"line":61,"column":48}},"61":{"start":{"line":62,"column":0},"end":{"line":62,"column":30}},"62":{"start":{"line":63,"column":0},"end":{"line":63,"column":36}},"63":{"start":{"line":64,"column":0},"end":{"line":64,"column":89}},"64":{"start":{"line":65,"column":0},"end":{"line":65,"column":9}},"65":{"start":{"line":66,"column":0},"end":{"line":66,"column":6}},"67":{"start":{"line":68,"column":0},"end":{"line":68,"column":12}},"68":{"start":{"line":69,"column":0},"end":{"line":69,"column":37}},"69":{"start":{"line":70,"column":0},"end":{"line":70,"column":19}},"70":{"start":{"line":71,"column":0},"end":{"line":71,"column":35}},"71":{"start":{"line":72,"column":0},"end":{"line":72,"column":43}},"72":{"start":{"line":73,"column":0},"end":{"line":73,"column":41}},"73":{"start":{"line":74,"column":0},"end":{"line":74,"column":14}},"74":{"start":{"line":75,"column":0},"end":{"line":75,"column":60}},"75":{"start":{"line":76,"column":0},"end":{"line":76,"column":30}},"76":{"start":{"line":77,"column":0},"end":{"line":77,"column":37}},"77":{"start":{"line":78,"column":0},"end":{"line":78,"column":29}},"78":{"start":{"line":79,"column":0},"end":{"line":79,"column":71}},"79":{"start":{"line":80,"column":0},"end":{"line":80,"column":34}},"80":{"start":{"line":81,"column":0},"end":{"line":81,"column":55}},"81":{"start":{"line":82,"column":0},"end":{"line":82,"column":28}},"82":{"start":{"line":83,"column":0},"end":{"line":83,"column":22}},"83":{"start":{"line":84,"column":0},"end":{"line":84,"column":59}},"84":{"start":{"line":85,"column":0},"end":{"line":85,"column":53}},"85":{"start":{"line":86,"column":0},"end":{"line":86,"column":39}},"86":{"start":{"line":87,"column":0},"end":{"line":87,"column":51}},"87":{"start":{"line":88,"column":0},"end":{"line":88,"column":54}},"88":{"start":{"line":89,"column":0},"end":{"line":89,"column":55}},"89":{"start":{"line":90,"column":0},"end":{"line":90,"column":48}},"90":{"start":{"line":91,"column":0},"end":{"line":91,"column":56}},"91":{"start":{"line":92,"column":0},"end":{"line":92,"column":30}},"93":{"start":{"line":94,"column":0},"end":{"line":94,"column":71}},"94":{"start":{"line":95,"column":0},"end":{"line":95,"column":34}},"95":{"start":{"line":96,"column":0},"end":{"line":96,"column":23}},"96":{"start":{"line":97,"column":0},"end":{"line":97,"column":25}},"97":{"start":{"line":98,"column":0},"end":{"line":98,"column":18}},"98":{"start":{"line":99,"column":0},"end":{"line":99,"column":14}},"100":{"start":{"line":101,"column":0},"end":{"line":101,"column":2}},"102":{"start":{"line":103,"column":0},"end":{"line":103,"column":25}}},"s":{"0":1,"1":1,"2":1,"3":1,"4":1,"5":1,"6":1,"7":1,"8":1,"9":1,"10":1,"11":1,"12":1,"14":1,"15":3,"16":3,"17":3,"18":3,"19":3,"20":3,"21":3,"22":3,"23":3,"24":3,"25":3,"26":3,"28":3,"29":1,"30":3,"32":3,"33":1,"34":0,"35":0,"36":3,"38":3,"39":1,"40":0,"41":0,"42":3,"44":3,"46":3,"47":3,"49":3,"50":0,"51":0,"53":3,"54":0,"55":0,"56":0,"57":0,"58":0,"60":3,"61":0,"62":0,"63":0,"64":0,"65":0,"67":3,"68":3,"69":3,"70":3,"71":3,"72":3,"73":3,"74":3,"75":3,"76":2,"77":1,"78":0,"79":1,"80":0,"81":1,"82":1,"83":1,"84":1,"85":1,"86":1,"87":1,"88":1,"89":1,"90":1,"91":1,"93":1,"94":1,"95":1,"96":0,"97":3,"98":3,"100":3,"102":1},"branchMap":{"0":{"type":"branch","line":15,"loc":{"start":{"line":15,"column":29},"end":{"line":101,"column":2}},"locations":[{"start":{"line":15,"column":29},"end":{"line":101,"column":2}}]},"1":{"type":"branch","line":22,"loc":{"start":{"line":22,"column":24},"end":{"line":22,"column":62}},"locations":[{"start":{"line":22,"column":24},"end":{"line":22,"column":62}}]},"2":{"type":"branch","line":47,"loc":{"start":{"line":47,"column":23},"end":{"line":47,"column":56}},"locations":[{"start":{"line":47,"column":23},"end":{"line":47,"column":56}}]},"3":{"type":"branch","line":47,"loc":{"start":{"line":47,"column":52},"end":{"line":47,"column":58}},"locations":[{"start":{"line":47,"column":52},"end":{"line":47,"column":58}}]},"4":{"type":"branch","line":76,"loc":{"start":{"line":76,"column":17},"end":{"line":77,"column":37}},"locations":[{"start":{"line":76,"column":17},"end":{"line":77,"column":37}}]},"5":{"type":"branch","line":77,"loc":{"start":{"line":77,"column":33},"end":{"line":97,"column":25}},"locations":[{"start":{"line":77,"column":33},"end":{"line":97,"column":25}}]},"6":{"type":"branch","line":78,"loc":{"start":{"line":78,"column":20},"end":{"line":79,"column":71}},"locations":[{"start":{"line":78,"column":20},"end":{"line":79,"column":71}}]},"7":{"type":"branch","line":80,"loc":{"start":{"line":80,"column":20},"end":{"line":81,"column":55}},"locations":[{"start":{"line":80,"column":20},"end":{"line":81,"column":55}}]},"8":{"type":"branch","line":94,"loc":{"start":{"line":94,"column":25},"end":{"line":94,"column":71}},"locations":[{"start":{"line":94,"column":25},"end":{"line":94,"column":71}}]},"9":{"type":"branch","line":96,"loc":{"start":{"line":96,"column":20},"end":{"line":97,"column":25}},"locations":[{"start":{"line":96,"column":20},"end":{"line":97,"column":25}}]},"10":{"type":"branch","line":29,"loc":{"start":{"line":29,"column":14},"end":{"line":31,"column":7}},"locations":[{"start":{"line":29,"column":14},"end":{"line":31,"column":7}}]},"11":{"type":"branch","line":33,"loc":{"start":{"line":33,"column":14},"end":{"line":37,"column":7}},"locations":[{"start":{"line":33,"column":14},"end":{"line":37,"column":7}}]},"12":{"type":"branch","line":34,"loc":{"start":{"line":34,"column":25},"end":{"line":36,"column":9}},"locations":[{"start":{"line":34,"column":25},"end":{"line":36,"column":9}}]},"13":{"type":"branch","line":39,"loc":{"start":{"line":39,"column":14},"end":{"line":43,"column":7}},"locations":[{"start":{"line":39,"column":14},"end":{"line":43,"column":7}}]},"14":{"type":"branch","line":40,"loc":{"start":{"line":40,"column":12},"end":{"line":40,"column":36}},"locations":[{"start":{"line":40,"column":12},"end":{"line":40,"column":36}}]},"15":{"type":"branch","line":40,"loc":{"start":{"line":40,"column":36},"end":{"line":42,"column":9}},"locations":[{"start":{"line":40,"column":36},"end":{"line":42,"column":9}}]}},"b":{"0":[3],"1":[0],"2":[1],"3":[2],"4":[2],"5":[1],"6":[0],"7":[0],"8":[0],"9":[0],"10":[1],"11":[1],"12":[0],"13":[1],"14":[0],"15":[0]},"fnMap":{"0":{"name":"SearchApp","decl":{"start":{"line":15,"column":29},"end":{"line":101,"column":2}},"loc":{"start":{"line":15,"column":29},"end":{"line":101,"column":2}},"line":15},"1":{"name":"handleSearch","decl":{"start":{"line":50,"column":25},"end":{"line":52,"column":6}},"loc":{"start":{"line":50,"column":25},"end":{"line":52,"column":6}},"line":50},"2":{"name":"handleFetch","decl":{"start":{"line":54,"column":24},"end":{"line":59,"column":6}},"loc":{"start":{"line":54,"column":24},"end":{"line":59,"column":6}},"line":54},"3":{"name":"handleNewPage","decl":{"start":{"line":61,"column":26},"end":{"line":66,"column":6}},"loc":{"start":{"line":61,"column":26},"end":{"line":66,"column":6}},"line":61}},"f":{"0":3,"1":0,"2":0,"3":0}}
,"C:\\Users\\erosh\\Documents\\gg\\new\\rsschool-react\\app\\components\\UI\\ButtonCustom\\ButtonCustom.tsx": {"path":"C:\\Users\\erosh\\Documents\\gg\\new\\rsschool-react\\app\\components\\UI\\ButtonCustom\\ButtonCustom.tsx","all":false,"statementMap":{"0":{"start":{"line":1,"column":0},"end":{"line":1,"column":32}},"2":{"start":{"line":3,"column":0},"end":{"line":3,"column":38}},"11":{"start":{"line":12,"column":0},"end":{"line":12,"column":66}},"12":{"start":{"line":13,"column":0},"end":{"line":13,"column":12}},"13":{"start":{"line":14,"column":0},"end":{"line":14,"column":81}},"14":{"start":{"line":15,"column":0},"end":{"line":15,"column":22}},"15":{"start":{"line":16,"column":0},"end":{"line":16,"column":17}},"17":{"start":{"line":18,"column":0},"end":{"line":18,"column":2}},"19":{"start":{"line":20,"column":0},"end":{"line":20,"column":28}}},"s":{"0":1,"2":1,"11":1,"12":16,"13":16,"14":16,"15":16,"17":16,"19":1},"branchMap":{"0":{"type":"branch","line":12,"loc":{"start":{"line":12,"column":32},"end":{"line":18,"column":2}},"locations":[{"start":{"line":12,"column":32},"end":{"line":18,"column":2}}]},"1":{"type":"branch","line":14,"loc":{"start":{"line":14,"column":27},"end":{"line":14,"column":59}},"locations":[{"start":{"line":14,"column":27},"end":{"line":14,"column":59}}]},"2":{"type":"branch","line":14,"loc":{"start":{"line":14,"column":54},"end":{"line":14,"column":72}},"locations":[{"start":{"line":14,"column":54},"end":{"line":14,"column":72}}]}},"b":{"0":[16],"1":[2],"2":[14]},"fnMap":{"0":{"name":"ButtonCustom","decl":{"start":{"line":12,"column":32},"end":{"line":18,"column":2}},"loc":{"start":{"line":12,"column":32},"end":{"line":18,"column":2}},"line":12}},"f":{"0":16}}
,"C:\\Users\\erosh\\Documents\\gg\\new\\rsschool-react\\app\\components\\UI\\InputCustom\\InputCustom.tsx": {"path":"C:\\Users\\erosh\\Documents\\gg\\new\\rsschool-react\\app\\components\\UI\\InputCustom\\InputCustom.tsx","all":false,"statementMap":{"0":{"start":{"line":1,"column":0},"end":{"line":1,"column":38}},"1":{"start":{"line":2,"column":0},"end":{"line":2,"column":38}},"13":{"start":{"line":14,"column":0},"end":{"line":14,"column":69}},"14":{"start":{"line":15,"column":0},"end":{"line":15,"column":12}},"15":{"start":{"line":16,"column":0},"end":{"line":16,"column":10}},"16":{"start":{"line":17,"column":0},"end":{"line":17,"column":84}},"17":{"start":{"line":18,"column":0},"end":{"line":18,"column":52}},"18":{"start":{"line":19,"column":0},"end":{"line":19,"column":11}},"20":{"start":{"line":21,"column":0},"end":{"line":21,"column":2}},"22":{"start":{"line":23,"column":0},"end":{"line":23,"column":27}}},"s":{"0":1,"1":1,"13":1,"14":5,"15":5,"16":5,"17":5,"18":5,"20":5,"22":1},"branchMap":{"0":{"type":"branch","line":14,"loc":{"start":{"line":14,"column":38},"end":{"line":21,"column":2}},"locations":[{"start":{"line":14,"column":38},"end":{"line":21,"column":2}}]},"1":{"type":"branch","line":17,"loc":{"start":{"line":17,"column":57},"end":{"line":17,"column":73}},"locations":[{"start":{"line":17,"column":57},"end":{"line":17,"column":73}}]}},"b":{"0":[5],"1":[0]},"fnMap":{"0":{"name":"InputCustom","decl":{"start":{"line":14,"column":38},"end":{"line":21,"column":2}},"loc":{"start":{"line":14,"column":38},"end":{"line":21,"column":2}},"line":14}},"f":{"0":5}}
,"C:\\Users\\erosh\\Documents\\gg\\new\\rsschool-react\\app\\context\\ErrorProvider.tsx": {"path":"C:\\Users\\erosh\\Documents\\gg\\new\\rsschool-react\\app\\context\\ErrorProvider.tsx","all":true,"statementMap":{"0":{"start":{"line":1,"column":0},"end":{"line":1,"column":78}},"6":{"start":{"line":7,"column":0},"end":{"line":7,"column":76}},"8":{"start":{"line":9,"column":0},"end":{"line":9,"column":83}},"9":{"start":{"line":10,"column":0},"end":{"line":10,"column":59}},"11":{"start":{"line":12,"column":0},"end":{"line":12,"column":12}},"12":{"start":{"line":13,"column":0},"end":{"line":13,"column":52}},"13":{"start":{"line":14,"column":0},"end":{"line":14,"column":66}},"14":{"start":{"line":15,"column":0},"end":{"line":15,"column":32}},"16":{"start":{"line":17,"column":0},"end":{"line":17,"column":2}},"18":{"start":{"line":19,"column":0},"end":{"line":19,"column":31}},"19":{"start":{"line":20,"column":0},"end":{"line":20,"column":45}},"20":{"start":{"line":21,"column":0},"end":{"line":21,"column":19}},"21":{"start":{"line":22,"column":0},"end":{"line":22,"column":73}},"22":{"start":{"line":23,"column":0},"end":{"line":23,"column":5}},"23":{"start":{"line":24,"column":0},"end":{"line":24,"column":19}},"24":{"start":{"line":25,"column":0},"end":{"line":25,"column":2}}},"s":{"0":0,"6":0,"8":0,"9":0,"11":0,"12":0,"13":0,"14":0,"16":0,"18":0,"19":0,"20":0,"21":0,"22":0,"23":0,"24":0},"branchMap":{"0":{"type":"branch","line":1,"loc":{"start":{"line":1,"column":0},"end":{"line":25,"column":-298}},"locations":[{"start":{"line":1,"column":0},"end":{"line":25,"column":-298}}]}},"b":{"0":[0]},"fnMap":{"0":{"name":"(empty-report)","decl":{"start":{"line":1,"column":0},"end":{"line":25,"column":-298}},"loc":{"start":{"line":1,"column":0},"end":{"line":25,"column":-298}},"line":1}},"f":{"0":0}}
,"C:\\Users\\erosh\\Documents\\gg\\new\\rsschool-react\\app\\context\\ThemeProvider.tsx": {"path":"C:\\Users\\erosh\\Documents\\gg\\new\\rsschool-react\\app\\context\\ThemeProvider.tsx","all":false,"statementMap":{"0":{"start":{"line":1,"column":0},"end":{"line":1,"column":63}},"7":{"start":{"line":8,"column":0},"end":{"line":8,"column":41}},"8":{"start":{"line":9,"column":0},"end":{"line":9,"column":20}},"9":{"start":{"line":10,"column":0},"end":{"line":10,"column":29}},"10":{"start":{"line":11,"column":0},"end":{"line":11,"column":2}},"12":{"start":{"line":13,"column":0},"end":{"line":13,"column":75}},"14":{"start":{"line":15,"column":0},"end":{"line":15,"column":77}},"15":{"start":{"line":16,"column":0},"end":{"line":16,"column":52}},"17":{"start":{"line":18,"column":0},"end":{"line":18,"column":34}},"18":{"start":{"line":19,"column":0},"end":{"line":19,"column":34}},"19":{"start":{"line":20,"column":0},"end":{"line":20,"column":43}},"20":{"start":{"line":21,"column":0},"end":{"line":21,"column":60}},"21":{"start":{"line":22,"column":0},"end":{"line":22,"column":74}},"22":{"start":{"line":23,"column":0},"end":{"line":23,"column":31}},"23":{"start":{"line":24,"column":0},"end":{"line":24,"column":11}},"24":{"start":{"line":25,"column":0},"end":{"line":25,"column":6}},"26":{"start":{"line":27,"column":0},"end":{"line":27,"column":12}},"27":{"start":{"line":28,"column":0},"end":{"line":28,"column":68}},"28":{"start":{"line":29,"column":0},"end":{"line":29,"column":22}},"29":{"start":{"line":30,"column":0},"end":{"line":30,"column":32}},"31":{"start":{"line":32,"column":0},"end":{"line":32,"column":2}}},"s":{"0":1,"7":1,"8":1,"9":1,"10":1,"12":1,"14":1,"15":7,"17":7,"18":4,"19":4,"20":4,"21":4,"22":4,"23":4,"24":4,"26":7,"27":7,"28":7,"29":7,"31":7},"branchMap":{"0":{"type":"branch","line":15,"loc":{"start":{"line":15,"column":58},"end":{"line":32,"column":2}},"locations":[{"start":{"line":15,"column":58},"end":{"line":32,"column":2}}]},"1":{"type":"branch","line":18,"loc":{"start":{"line":18,"column":27},"end":{"line":25,"column":6}},"locations":[{"start":{"line":18,"column":27},"end":{"line":25,"column":6}}]},"2":{"type":"branch","line":19,"loc":{"start":{"line":19,"column":20},"end":{"line":24,"column":9}},"locations":[{"start":{"line":19,"column":20},"end":{"line":24,"column":9}}]},"3":{"type":"branch","line":21,"loc":{"start":{"line":21,"column":29},"end":{"line":21,"column":52}},"locations":[{"start":{"line":21,"column":29},"end":{"line":21,"column":52}}]},"4":{"type":"branch","line":21,"loc":{"start":{"line":21,"column":43},"end":{"line":21,"column":60}},"locations":[{"start":{"line":21,"column":43},"end":{"line":21,"column":60}}]}},"b":{"0":[7],"1":[4],"2":[4],"3":[2],"4":[2]},"fnMap":{"0":{"name":"handleDarkMode","decl":{"start":{"line":10,"column":20},"end":{"line":10,"column":29}},"loc":{"start":{"line":10,"column":20},"end":{"line":10,"column":29}},"line":10},"1":{"name":"ThemeProvider","decl":{"start":{"line":15,"column":58},"end":{"line":32,"column":2}},"loc":{"start":{"line":15,"column":58},"end":{"line":32,"column":2}},"line":15},"2":{"name":"handleDarkMode","decl":{"start":{"line":18,"column":27},"end":{"line":25,"column":6}},"loc":{"start":{"line":18,"column":27},"end":{"line":25,"column":6}},"line":18}},"f":{"0":0,"1":7,"2":4}}
,"C:\\Users\\erosh\\Documents\\gg\\new\\rsschool-react\\app\\hooks\\useFetch.ts": {"path":"C:\\Users\\erosh\\Documents\\gg\\new\\rsschool-react\\app\\hooks\\useFetch.ts","all":true,"statementMap":{},"s":{},"branchMap":{"0":{"type":"branch","line":1,"loc":{"start":{"line":1,"column":0},"end":{"line":1,"column":0}},"locations":[{"start":{"line":1,"column":0},"end":{"line":1,"column":0}}]}},"b":{"0":[1]},"fnMap":{"0":{"name":"(empty-report)","decl":{"start":{"line":1,"column":0},"end":{"line":1,"column":0}},"loc":{"start":{"line":1,"column":0},"end":{"line":1,"column":0}},"line":1}},"f":{"0":1}}
,"C:\\Users\\erosh\\Documents\\gg\\new\\rsschool-react\\app\\hooks\\useLocalStorage.ts": {"path":"C:\\Users\\erosh\\Documents\\gg\\new\\rsschool-react\\app\\hooks\\useLocalStorage.ts","all":false,"statementMap":{"0":{"start":{"line":1,"column":0},"end":{"line":1,"column":44}},"2":{"start":{"line":3,"column":0},"end":{"line":3,"column":73}},"3":{"start":{"line":4,"column":0},"end":{"line":4,"column":35}},"4":{"start":{"line":5,"column":0},"end":{"line":5,"column":44}},"5":{"start":{"line":6,"column":0},"end":{"line":6,"column":73}},"6":{"start":{"line":7,"column":0},"end":{"line":7,"column":48}},"7":{"start":{"line":8,"column":0},"end":{"line":8,"column":9}},"8":{"start":{"line":9,"column":0},"end":{"line":9,"column":18}},"9":{"start":{"line":10,"column":0},"end":{"line":10,"column":6}},"11":{"start":{"line":12,"column":0},"end":{"line":12,"column":64}},"13":{"start":{"line":14,"column":0},"end":{"line":14,"column":21}},"14":{"start":{"line":15,"column":0},"end":{"line":15,"column":44}},"15":{"start":{"line":16,"column":0},"end":{"line":16,"column":60}},"16":{"start":{"line":17,"column":0},"end":{"line":17,"column":9}},"17":{"start":{"line":18,"column":0},"end":{"line":18,"column":15}},"19":{"start":{"line":20,"column":0},"end":{"line":20,"column":27}},"20":{"start":{"line":21,"column":0},"end":{"line":21,"column":1}}},"s":{"0":1,"2":1,"3":3,"4":3,"5":3,"6":3,"7":3,"8":0,"9":3,"11":3,"13":3,"14":1,"15":1,"16":1,"17":3,"19":3,"20":3},"branchMap":{"0":{"type":"branch","line":3,"loc":{"start":{"line":3,"column":31},"end":{"line":21,"column":1}},"locations":[{"start":{"line":3,"column":31},"end":{"line":21,"column":1}}]},"1":{"type":"branch","line":4,"loc":{"start":{"line":4,"column":28},"end":{"line":10,"column":6}},"locations":[{"start":{"line":4,"column":28},"end":{"line":10,"column":6}}]},"2":{"type":"branch","line":7,"loc":{"start":{"line":7,"column":19},"end":{"line":7,"column":45}},"locations":[{"start":{"line":7,"column":19},"end":{"line":7,"column":45}}]},"3":{"type":"branch","line":8,"loc":{"start":{"line":8,"column":8},"end":{"line":9,"column":18}},"locations":[{"start":{"line":8,"column":8},"end":{"line":9,"column":18}}]},"4":{"type":"branch","line":14,"loc":{"start":{"line":14,"column":14},"end":{"line":18,"column":7}},"locations":[{"start":{"line":14,"column":14},"end":{"line":18,"column":7}}]}},"b":{"0":[3],"1":[3],"2":[0],"3":[0],"4":[1]},"fnMap":{"0":{"name":"useLocalStorage","decl":{"start":{"line":3,"column":31},"end":{"line":21,"column":1}},"loc":{"start":{"line":3,"column":31},"end":{"line":21,"column":1}},"line":3},"1":{"name":"getInitialQuery","decl":{"start":{"line":4,"column":28},"end":{"line":10,"column":6}},"loc":{"start":{"line":4,"column":28},"end":{"line":10,"column":6}},"line":4}},"f":{"0":3,"1":3}}
,"C:\\Users\\erosh\\Documents\\gg\\new\\rsschool-react\\app\\store\\api.ts": {"path":"C:\\Users\\erosh\\Documents\\gg\\new\\rsschool-react\\app\\store\\api.ts","all":false,"statementMap":{"0":{"start":{"line":1,"column":0},"end":{"line":1,"column":73}},"2":{"start":{"line":3,"column":0},"end":{"line":3,"column":53}},"11":{"start":{"line":12,"column":0},"end":{"line":12,"column":30}},"12":{"start":{"line":13,"column":0},"end":{"line":13,"column":23}},"13":{"start":{"line":14,"column":0},"end":{"line":14,"column":69}},"14":{"start":{"line":15,"column":0},"end":{"line":15,"column":30}},"15":{"start":{"line":16,"column":0},"end":{"line":16,"column":75}},"16":{"start":{"line":17,"column":0},"end":{"line":17,"column":42}},"17":{"start":{"line":18,"column":0},"end":{"line":18,"column":53}},"18":{"start":{"line":19,"column":0},"end":{"line":19,"column":36}},"19":{"start":{"line":20,"column":0},"end":{"line":20,"column":73}},"20":{"start":{"line":21,"column":0},"end":{"line":21,"column":74}},"21":{"start":{"line":22,"column":0},"end":{"line":22,"column":17}},"22":{"start":{"line":23,"column":0},"end":{"line":23,"column":31}},"23":{"start":{"line":24,"column":0},"end":{"line":24,"column":14}},"24":{"start":{"line":25,"column":0},"end":{"line":25,"column":82}},"25":{"start":{"line":26,"column":0},"end":{"line":26,"column":21}},"26":{"start":{"line":27,"column":0},"end":{"line":27,"column":58}},"27":{"start":{"line":28,"column":0},"end":{"line":28,"column":72}},"28":{"start":{"line":29,"column":0},"end":{"line":29,"column":33}},"29":{"start":{"line":30,"column":0},"end":{"line":30,"column":49}},"30":{"start":{"line":31,"column":0},"end":{"line":31,"column":17}},"31":{"start":{"line":32,"column":0},"end":{"line":32,"column":14}},"32":{"start":{"line":33,"column":0},"end":{"line":33,"column":11}},"33":{"start":{"line":34,"column":0},"end":{"line":34,"column":7}},"34":{"start":{"line":35,"column":0},"end":{"line":35,"column":3}},"36":{"start":{"line":37,"column":0},"end":{"line":37,"column":41}}},"s":{"0":1,"2":1,"11":1,"12":1,"13":1,"14":1,"15":2,"16":2,"17":1,"18":1,"19":0,"20":0,"21":0,"22":1,"23":1,"24":2,"25":1,"26":1,"27":1,"28":1,"29":0,"30":0,"31":1,"32":2,"33":2,"34":1,"36":1},"branchMap":{"0":{"type":"branch","line":15,"loc":{"start":{"line":15,"column":15},"end":{"line":34,"column":7}},"locations":[{"start":{"line":15,"column":15},"end":{"line":34,"column":7}}]},"1":{"type":"branch","line":17,"loc":{"start":{"line":17,"column":19},"end":{"line":24,"column":14}},"locations":[{"start":{"line":17,"column":19},"end":{"line":24,"column":14}}]},"2":{"type":"branch","line":19,"loc":{"start":{"line":19,"column":35},"end":{"line":22,"column":17}},"locations":[{"start":{"line":19,"column":35},"end":{"line":22,"column":17}}]},"3":{"type":"branch","line":25,"loc":{"start":{"line":25,"column":12},"end":{"line":32,"column":14}},"locations":[{"start":{"line":25,"column":12},"end":{"line":32,"column":14}}]},"4":{"type":"branch","line":29,"loc":{"start":{"line":29,"column":16},"end":{"line":31,"column":17}},"locations":[{"start":{"line":29,"column":16},"end":{"line":31,"column":17}}]}},"b":{"0":[2],"1":[1],"2":[0],"3":[1],"4":[0]},"fnMap":{"0":{"name":"endpoints","decl":{"start":{"line":15,"column":15},"end":{"line":34,"column":7}},"loc":{"start":{"line":15,"column":15},"end":{"line":34,"column":7}},"line":15},"1":{"name":"query","decl":{"start":{"line":17,"column":19},"end":{"line":24,"column":14}},"loc":{"start":{"line":17,"column":19},"end":{"line":24,"column":14}},"line":17},"2":{"name":"onQueryStarted","decl":{"start":{"line":25,"column":12},"end":{"line":32,"column":14}},"loc":{"start":{"line":25,"column":12},"end":{"line":32,"column":14}},"line":25}},"f":{"0":2,"1":1,"2":1}}
,"C:\\Users\\erosh\\Documents\\gg\\new\\rsschool-react\\app\\store\\hooks.ts": {"path":"C:\\Users\\erosh\\Documents\\gg\\new\\rsschool-react\\app\\store\\hooks.ts","all":false,"statementMap":{"0":{"start":{"line":1,"column":0},"end":{"line":1,"column":77}},"3":{"start":{"line":4,"column":0},"end":{"line":4,"column":63}},"4":{"start":{"line":5,"column":0},"end":{"line":5,"column":75}}},"s":{"0":1,"3":1,"4":1},"branchMap":{"0":{"type":"branch","line":4,"loc":{"start":{"line":4,"column":30},"end":{"line":4,"column":63}},"locations":[{"start":{"line":4,"column":30},"end":{"line":4,"column":63}}]}},"b":{"0":[21]},"fnMap":{"0":{"name":"useAppDispatch","decl":{"start":{"line":4,"column":30},"end":{"line":4,"column":63}},"loc":{"start":{"line":4,"column":30},"end":{"line":4,"column":63}},"line":4}},"f":{"0":21}}
,"C:\\Users\\erosh\\Documents\\gg\\new\\rsschool-react\\app\\store\\store.ts": {"path":"C:\\Users\\erosh\\Documents\\gg\\new\\rsschool-react\\app\\store\\store.ts","all":false,"statementMap":{"0":{"start":{"line":1,"column":0},"end":{"line":1,"column":67}},"1":{"start":{"line":2,"column":0},"end":{"line":2,"column":28}},"2":{"start":{"line":3,"column":0},"end":{"line":3,"column":50}},"4":{"start":{"line":5,"column":0},"end":{"line":5,"column":37}},"5":{"start":{"line":6,"column":0},"end":{"line":6,"column":35}},"6":{"start":{"line":7,"column":0},"end":{"line":7,"column":30}},"7":{"start":{"line":8,"column":0},"end":{"line":8,"column":3}},"9":{"start":{"line":10,"column":0},"end":{"line":10,"column":37}},"10":{"start":{"line":11,"column":0},"end":{"line":11,"column":25}},"11":{"start":{"line":12,"column":0},"end":{"line":12,"column":41}},"12":{"start":{"line":13,"column":0},"end":{"line":13,"column":54}},"13":{"start":{"line":14,"column":0},"end":{"line":14,"column":3}}},"s":{"0":1,"1":1,"2":1,"4":1,"5":1,"6":1,"7":1,"9":1,"10":1,"11":1,"12":2,"13":1},"branchMap":{"0":{"type":"branch","line":12,"loc":{"start":{"line":12,"column":16},"end":{"line":13,"column":54}},"locations":[{"start":{"line":12,"column":16},"end":{"line":13,"column":54}}]}},"b":{"0":[2]},"fnMap":{"0":{"name":"middleware","decl":{"start":{"line":12,"column":16},"end":{"line":13,"column":54}},"loc":{"start":{"line":12,"column":16},"end":{"line":13,"column":54}},"line":12}},"f":{"0":2}}
,"C:\\Users\\erosh\\Documents\\gg\\new\\rsschool-react\\app\\store\\reducers\\selected.ts": {"path":"C:\\Users\\erosh\\Documents\\gg\\new\\rsschool-react\\app\\store\\reducers\\selected.ts","all":false,"statementMap":{"0":{"start":{"line":1,"column":0},"end":{"line":1,"column":62}},"9":{"start":{"line":10,"column":0},"end":{"line":10,"column":37}},"10":{"start":{"line":11,"column":0},"end":{"line":11,"column":14}},"11":{"start":{"line":12,"column":0},"end":{"line":12,"column":17}},"12":{"start":{"line":13,"column":0},"end":{"line":13,"column":19}},"13":{"start":{"line":14,"column":0},"end":{"line":14,"column":1}},"15":{"start":{"line":16,"column":0},"end":{"line":16,"column":42}},"16":{"start":{"line":17,"column":0},"end":{"line":17,"column":21}},"17":{"start":{"line":18,"column":0},"end":{"line":18,"column":17}},"18":{"start":{"line":19,"column":0},"end":{"line":19,"column":15}},"19":{"start":{"line":20,"column":0},"end":{"line":20,"column":62}},"20":{"start":{"line":21,"column":0},"end":{"line":21,"column":45}},"21":{"start":{"line":22,"column":0},"end":{"line":22,"column":10}},"22":{"start":{"line":23,"column":0},"end":{"line":23,"column":63}},"23":{"start":{"line":24,"column":0},"end":{"line":24,"column":81}},"24":{"start":{"line":25,"column":0},"end":{"line":25,"column":10}},"25":{"start":{"line":26,"column":0},"end":{"line":26,"column":32}},"26":{"start":{"line":27,"column":0},"end":{"line":27,"column":29}},"27":{"start":{"line":28,"column":0},"end":{"line":28,"column":32}},"28":{"start":{"line":29,"column":0},"end":{"line":29,"column":10}},"29":{"start":{"line":30,"column":0},"end":{"line":30,"column":92}},"30":{"start":{"line":31,"column":0},"end":{"line":31,"column":50}},"31":{"start":{"line":32,"column":0},"end":{"line":32,"column":40}},"32":{"start":{"line":33,"column":0},"end":{"line":33,"column":37}},"33":{"start":{"line":34,"column":0},"end":{"line":34,"column":10}},"34":{"start":{"line":35,"column":0},"end":{"line":35,"column":6}},"35":{"start":{"line":36,"column":0},"end":{"line":36,"column":3}},"37":{"start":{"line":38,"column":0},"end":{"line":38,"column":86}},"38":{"start":{"line":39,"column":0},"end":{"line":39,"column":37}}},"s":{"0":1,"9":1,"10":1,"11":1,"12":1,"13":1,"15":1,"16":1,"17":1,"18":1,"19":1,"20":1,"21":1,"22":1,"23":1,"24":1,"25":1,"26":1,"27":1,"28":1,"29":1,"30":1,"31":1,"32":1,"33":1,"34":1,"35":1,"37":1,"38":1},"branchMap":{"0":{"type":"branch","line":20,"loc":{"start":{"line":20,"column":17},"end":{"line":22,"column":10}},"locations":[{"start":{"line":20,"column":17},"end":{"line":22,"column":10}}]},"1":{"type":"branch","line":23,"loc":{"start":{"line":23,"column":20},"end":{"line":25,"column":10}},"locations":[{"start":{"line":23,"column":20},"end":{"line":25,"column":10}}]},"2":{"type":"branch","line":24,"loc":{"start":{"line":24,"column":45},"end":{"line":24,"column":79}},"locations":[{"start":{"line":24,"column":45},"end":{"line":24,"column":79}}]},"3":{"type":"branch","line":26,"loc":{"start":{"line":26,"column":20},"end":{"line":29,"column":10}},"locations":[{"start":{"line":26,"column":20},"end":{"line":29,"column":10}}]},"4":{"type":"branch","line":30,"loc":{"start":{"line":30,"column":21},"end":{"line":34,"column":10}},"locations":[{"start":{"line":30,"column":21},"end":{"line":34,"column":10}}]}},"b":{"0":[1],"1":[1],"2":[1],"3":[1],"4":[1]},"fnMap":{"0":{"name":"addItem","decl":{"start":{"line":20,"column":17},"end":{"line":22,"column":10}},"loc":{"start":{"line":20,"column":17},"end":{"line":22,"column":10}},"line":20},"1":{"name":"removeItem","decl":{"start":{"line":23,"column":20},"end":{"line":25,"column":10}},"loc":{"start":{"line":23,"column":20},"end":{"line":25,"column":10}},"line":23},"2":{"name":"resetItems","decl":{"start":{"line":26,"column":20},"end":{"line":29,"column":10}},"loc":{"start":{"line":26,"column":20},"end":{"line":29,"column":10}},"line":26},"3":{"name":"setPageData","decl":{"start":{"line":30,"column":21},"end":{"line":34,"column":10}},"loc":{"start":{"line":30,"column":21},"end":{"line":34,"column":10}},"line":30}},"f":{"0":1,"1":1,"2":1,"3":1}}
,"C:\\Users\\erosh\\Documents\\gg\\new\\rsschool-react\\app\\tests\\Card.test.tsx": {"path":"C:\\Users\\erosh\\Documents\\gg\\new\\rsschool-react\\app\\tests\\Card.test.tsx","all":false,"statementMap":{"0":{"start":{"line":1,"column":0},"end":{"line":1,"column":67}},"1":{"start":{"line":2,"column":0},"end":{"line":2,"column":50}},"2":{"start":{"line":3,"column":0},"end":{"line":3,"column":43}},"3":{"start":{"line":4,"column":0},"end":{"line":4,"column":39}},"4":{"start":{"line":5,"column":0},"end":{"line":5,"column":50}},"5":{"start":{"line":6,"column":0},"end":{"line":6,"column":57}},"6":{"start":{"line":7,"column":0},"end":{"line":7,"column":48}},"13":{"start":{"line":14,"column":0},"end":{"line":14,"column":57}},"14":{"start":{"line":15,"column":0},"end":{"line":15,"column":77}},"15":{"start":{"line":16,"column":0},"end":{"line":16,"column":18}},"16":{"start":{"line":17,"column":0},"end":{"line":17,"column":32}},"17":{"start":{"line":18,"column":0},"end":{"line":18,"column":26}},"18":{"start":{"line":19,"column":0},"end":{"line":19,"column":20}},"19":{"start":{"line":20,"column":0},"end":{"line":20,"column":27}},"20":{"start":{"line":21,"column":0},"end":{"line":21,"column":19}},"21":{"start":{"line":22,"column":0},"end":{"line":22,"column":6}},"22":{"start":{"line":23,"column":0},"end":{"line":23,"column":2}},"24":{"start":{"line":25,"column":0},"end":{"line":25,"column":34}},"25":{"start":{"line":26,"column":0},"end":{"line":26,"column":48}},"26":{"start":{"line":27,"column":0},"end":{"line":27,"column":26}},"27":{"start":{"line":28,"column":0},"end":{"line":28,"column":20}},"28":{"start":{"line":29,"column":0},"end":{"line":29,"column":35}},"29":{"start":{"line":30,"column":0},"end":{"line":30,"column":27}},"30":{"start":{"line":31,"column":0},"end":{"line":31,"column":32}},"31":{"start":{"line":32,"column":0},"end":{"line":32,"column":26}},"32":{"start":{"line":33,"column":0},"end":{"line":33,"column":10}},"34":{"start":{"line":35,"column":0},"end":{"line":35,"column":52}},"36":{"start":{"line":37,"column":0},"end":{"line":37,"column":68}},"37":{"start":{"line":38,"column":0},"end":{"line":38,"column":83}},"38":{"start":{"line":39,"column":0},"end":{"line":39,"column":91}},"39":{"start":{"line":40,"column":0},"end":{"line":40,"column":83}},"40":{"start":{"line":41,"column":0},"end":{"line":41,"column":7}},"42":{"start":{"line":43,"column":0},"end":{"line":43,"column":79}},"43":{"start":{"line":44,"column":0},"end":{"line":44,"column":26}},"44":{"start":{"line":45,"column":0},"end":{"line":45,"column":20}},"45":{"start":{"line":46,"column":0},"end":{"line":46,"column":35}},"46":{"start":{"line":47,"column":0},"end":{"line":47,"column":27}},"47":{"start":{"line":48,"column":0},"end":{"line":48,"column":32}},"48":{"start":{"line":49,"column":0},"end":{"line":49,"column":26}},"49":{"start":{"line":50,"column":0},"end":{"line":50,"column":10}},"51":{"start":{"line":52,"column":0},"end":{"line":52,"column":52}},"53":{"start":{"line":54,"column":0},"end":{"line":54,"column":54}},"54":{"start":{"line":55,"column":0},"end":{"line":55,"column":34}},"55":{"start":{"line":56,"column":0},"end":{"line":56,"column":39}},"57":{"start":{"line":58,"column":0},"end":{"line":58,"column":34}},"58":{"start":{"line":59,"column":0},"end":{"line":59,"column":43}},"59":{"start":{"line":60,"column":0},"end":{"line":60,"column":7}},"60":{"start":{"line":61,"column":0},"end":{"line":61,"column":3}}},"s":{"0":1,"1":1,"2":1,"3":1,"4":1,"5":1,"6":1,"13":1,"14":2,"15":2,"16":2,"17":2,"18":2,"19":2,"20":2,"21":2,"22":2,"24":1,"25":1,"26":1,"27":1,"28":1,"29":1,"30":1,"31":1,"32":1,"34":1,"36":1,"37":1,"38":1,"39":1,"40":1,"42":1,"43":1,"44":1,"45":1,"46":1,"47":1,"48":1,"49":1,"51":1,"53":1,"54":1,"55":1,"57":1,"58":1,"59":1,"60":1},"branchMap":{"0":{"type":"branch","line":14,"loc":{"start":{"line":14,"column":28},"end":{"line":23,"column":2}},"locations":[{"start":{"line":14,"column":28},"end":{"line":23,"column":2}}]},"1":{"type":"branch","line":25,"loc":{"start":{"line":25,"column":27},"end":{"line":61,"column":3}},"locations":[{"start":{"line":25,"column":27},"end":{"line":61,"column":3}}]},"2":{"type":"branch","line":26,"loc":{"start":{"line":26,"column":41},"end":{"line":41,"column":5}},"locations":[{"start":{"line":26,"column":41},"end":{"line":41,"column":5}}]},"3":{"type":"branch","line":43,"loc":{"start":{"line":43,"column":72},"end":{"line":60,"column":5}},"locations":[{"start":{"line":43,"column":72},"end":{"line":60,"column":5}}]}},"b":{"0":[2],"1":[1],"2":[1],"3":[1]},"fnMap":{"0":{"name":"renderWithProviders","decl":{"start":{"line":14,"column":28},"end":{"line":23,"column":2}},"loc":{"start":{"line":14,"column":28},"end":{"line":23,"column":2}},"line":14}},"f":{"0":2}}
,"C:\\Users\\erosh\\Documents\\gg\\new\\rsschool-react\\app\\tests\\CardList.test.tsx": {"path":"C:\\Users\\erosh\\Documents\\gg\\new\\rsschool-react\\app\\tests\\CardList.test.tsx","all":false,"statementMap":{"0":{"start":{"line":1,"column":0},"end":{"line":1,"column":56}},"1":{"start":{"line":2,"column":0},"end":{"line":2,"column":50}},"2":{"start":{"line":3,"column":0},"end":{"line":3,"column":59}},"7":{"start":{"line":8,"column":0},"end":{"line":8,"column":50}},"11":{"start":{"line":12,"column":0},"end":{"line":12,"column":28}},"12":{"start":{"line":13,"column":0},"end":{"line":13,"column":53}},"13":{"start":{"line":14,"column":0},"end":{"line":14,"column":26}},"14":{"start":{"line":15,"column":0},"end":{"line":15,"column":13}},"15":{"start":{"line":16,"column":0},"end":{"line":16,"column":34}},"16":{"start":{"line":17,"column":0},"end":{"line":17,"column":30}},"17":{"start":{"line":18,"column":0},"end":{"line":18,"column":38}},"18":{"start":{"line":19,"column":0},"end":{"line":19,"column":31}},"19":{"start":{"line":20,"column":0},"end":{"line":20,"column":55}},"20":{"start":{"line":21,"column":0},"end":{"line":21,"column":14}},"21":{"start":{"line":22,"column":0},"end":{"line":22,"column":13}},"22":{"start":{"line":23,"column":0},"end":{"line":23,"column":39}},"23":{"start":{"line":24,"column":0},"end":{"line":24,"column":30}},"24":{"start":{"line":25,"column":0},"end":{"line":25,"column":36}},"25":{"start":{"line":26,"column":0},"end":{"line":26,"column":31}},"26":{"start":{"line":27,"column":0},"end":{"line":27,"column":54}},"27":{"start":{"line":28,"column":0},"end":{"line":28,"column":13}},"28":{"start":{"line":29,"column":0},"end":{"line":29,"column":10}},"30":{"start":{"line":31,"column":0},"end":{"line":31,"column":15}},"31":{"start":{"line":32,"column":0},"end":{"line":32,"column":43}},"32":{"start":{"line":33,"column":0},"end":{"line":33,"column":10}},"34":{"start":{"line":35,"column":0},"end":{"line":35,"column":52}},"35":{"start":{"line":36,"column":0},"end":{"line":36,"column":52}},"36":{"start":{"line":37,"column":0},"end":{"line":37,"column":7}},"38":{"start":{"line":39,"column":0},"end":{"line":39,"column":62}},"39":{"start":{"line":40,"column":0},"end":{"line":40,"column":15}},"40":{"start":{"line":41,"column":0},"end":{"line":41,"column":37}},"41":{"start":{"line":42,"column":0},"end":{"line":42,"column":10}},"43":{"start":{"line":44,"column":0},"end":{"line":44,"column":66}},"45":{"start":{"line":46,"column":0},"end":{"line":46,"column":53}},"46":{"start":{"line":47,"column":0},"end":{"line":47,"column":7}},"47":{"start":{"line":48,"column":0},"end":{"line":48,"column":3}}},"s":{"0":1,"1":1,"2":1,"7":1,"11":1,"12":1,"13":1,"14":1,"15":1,"16":1,"17":1,"18":1,"19":1,"20":1,"21":1,"22":1,"23":1,"24":1,"25":1,"26":1,"27":1,"28":1,"30":1,"31":1,"32":1,"34":1,"35":1,"36":1,"38":1,"39":1,"40":1,"41":1,"43":1,"45":1,"46":1,"47":1},"branchMap":{"0":{"type":"branch","line":12,"loc":{"start":{"line":12,"column":21},"end":{"line":48,"column":3}},"locations":[{"start":{"line":12,"column":21},"end":{"line":48,"column":3}}]},"1":{"type":"branch","line":13,"loc":{"start":{"line":13,"column":46},"end":{"line":37,"column":5}},"locations":[{"start":{"line":13,"column":46},"end":{"line":37,"column":5}}]},"2":{"type":"branch","line":39,"loc":{"start":{"line":39,"column":55},"end":{"line":47,"column":5}},"locations":[{"start":{"line":39,"column":55},"end":{"line":47,"column":5}}]}},"b":{"0":[1],"1":[1],"2":[1]},"fnMap":{},"f":{}}
,"C:\\Users\\erosh\\Documents\\gg\\new\\rsschool-react\\app\\tests\\DetailedCard.test.tsx": {"path":"C:\\Users\\erosh\\Documents\\gg\\new\\rsschool-react\\app\\tests\\DetailedCard.test.tsx","all":false,"statementMap":{"0":{"start":{"line":1,"column":0},"end":{"line":1,"column":65}},"1":{"start":{"line":2,"column":0},"end":{"line":2,"column":50}},"2":{"start":{"line":3,"column":0},"end":{"line":3,"column":67}},"3":{"start":{"line":4,"column":0},"end":{"line":4,"column":39}},"4":{"start":{"line":5,"column":0},"end":{"line":5,"column":39}},"5":{"start":{"line":6,"column":0},"end":{"line":6,"column":48}},"27":{"start":{"line":28,"column":0},"end":{"line":28,"column":42}},"28":{"start":{"line":29,"column":0},"end":{"line":29,"column":70}},"29":{"start":{"line":30,"column":0},"end":{"line":30,"column":15}},"30":{"start":{"line":31,"column":0},"end":{"line":31,"column":36}},"31":{"start":{"line":32,"column":0},"end":{"line":32,"column":30}},"32":{"start":{"line":33,"column":0},"end":{"line":33,"column":48}},"33":{"start":{"line":34,"column":0},"end":{"line":34,"column":31}},"34":{"start":{"line":35,"column":0},"end":{"line":35,"column":23}},"35":{"start":{"line":36,"column":0},"end":{"line":36,"column":10}},"37":{"start":{"line":38,"column":0},"end":{"line":38,"column":29}},"38":{"start":{"line":39,"column":0},"end":{"line":39,"column":83}},"39":{"start":{"line":40,"column":0},"end":{"line":40,"column":30}},"41":{"start":{"line":42,"column":0},"end":{"line":42,"column":26}},"42":{"start":{"line":43,"column":0},"end":{"line":43,"column":74}},"43":{"start":{"line":44,"column":0},"end":{"line":44,"column":82}},"44":{"start":{"line":45,"column":0},"end":{"line":45,"column":79}},"45":{"start":{"line":46,"column":0},"end":{"line":46,"column":77}},"46":{"start":{"line":47,"column":0},"end":{"line":47,"column":74}},"47":{"start":{"line":48,"column":0},"end":{"line":48,"column":80}},"48":{"start":{"line":49,"column":0},"end":{"line":49,"column":73}},"49":{"start":{"line":50,"column":0},"end":{"line":50,"column":81}},"50":{"start":{"line":51,"column":0},"end":{"line":51,"column":70}},"51":{"start":{"line":52,"column":0},"end":{"line":52,"column":78}},"52":{"start":{"line":53,"column":0},"end":{"line":53,"column":88}},"53"
[...]
},"end":{"line":81,"column":15}},"81":{"start":{"line":82,"column":0},"end":{"line":82,"column":56}},"82":{"start":{"line":83,"column":0},"end":{"line":83,"column":24}},"83":{"start":{"line":84,"column":0},"end":{"line":84,"column":26}},"84":{"start":{"line":85,"column":0},"end":{"line":85,"column":32}},"85":{"start":{"line":86,"column":0},"end":{"line":86,"column":33}},"86":{"start":{"line":87,"column":0},"end":{"line":87,"column":39}},"87":{"start":{"line":88,"column":0},"end":{"line":88,"column":51}},"88":{"start":{"line":89,"column":0},"end":{"line":89,"column":54}},"89":{"start":{"line":90,"column":0},"end":{"line":90,"column":53}},"90":{"start":{"line":91,"column":0},"end":{"line":91,"column":43}},"91":{"start":{"line":92,"column":0},"end":{"line":92,"column":51}},"92":{"start":{"line":93,"column":0},"end":{"line":93,"column":30}},"94":{"start":{"line":95,"column":0},"end":{"line":95,"column":22}},"95":{"start":{"line":96,"column":0},"end":{"line":96,"column":25}},"96":{"start":{"line":97,"column":0},"end":{"line":97,"column":27}},"97":{"start":{"line":98,"column":0},"end":{"line":98,"column":10}},"99":{"start":{"line":100,"column":0},"end":{"line":100,"column":44}},"100":{"start":{"line":101,"column":0},"end":{"line":101,"column":31}},"102":{"start":{"line":103,"column":0},"end":{"line":103,"column":52}},"103":{"start":{"line":104,"column":0},"end":{"line":104,"column":7}},"104":{"start":{"line":105,"column":0},"end":{"line":105,"column":3}}},"s":{"0":1,"1":1,"2":1,"3":1,"5":1,"7":1,"8":1,"9":3,"10":1,"12":1,"13":1,"14":1,"15":1,"16":1,"18":1,"19":1,"20":1,"21":1,"22":1,"23":1,"24":1,"25":1,"26":1,"27":1,"28":1,"29":1,"30":1,"32":1,"33":1,"34":1,"35":1,"37":1,"38":1,"40":1,"41":1,"43":1,"44":1,"45":1,"46":1,"47":1,"49":1,"50":1,"51":1,"52":1,"53":1,"54":1,"55":1,"56":1,"57":1,"58":1,"59":1,"60":1,"61":1,"63":1,"64":1,"65":1,"66":1,"68":1,"69":1,"71":1,"72":1,"74":1,"75":1,"76":1,"77":1,"78":1,"80":1,"81":1,"82":1,"83":1,"84":1,"85":1,"86":1,"87":1,"88":1,"89":1,"90":1,"91":1,"92":1,"94":1,"95":1,"96":1,"97":1,"99":1,"100":1,"102":1,"103":1,"104":1},"branchMap":{"0":{"type":"branch","line":8,"loc":{"start":{"line":8,"column":23},"end":{"line":105,"column":3}},"locations":[{"start":{"line":8,"column":23},"end":{"line":105,"column":3}}]},"1":{"type":"branch","line":9,"loc":{"start":{"line":9,"column":15},"end":{"line":11,"column":5}},"locations":[{"start":{"line":9,"column":15},"end":{"line":11,"column":5}}]},"2":{"type":"branch","line":13,"loc":{"start":{"line":13,"column":76},"end":{"line":42,"column":5}},"locations":[{"start":{"line":13,"column":76},"end":{"line":42,"column":5}}]},"3":{"type":"branch","line":44,"loc":{"start":{"line":44,"column":72},"end":{"line":73,"column":5}},"locations":[{"start":{"line":44,"column":72},"end":{"line":73,"column":5}}]},"4":{"type":"branch","line":75,"loc":{"start":{"line":75,"column":72},"end":{"line":104,"column":5}},"locations":[{"start":{"line":75,"column":72},"end":{"line":104,"column":5}}]}},"b":{"0":[1],"1":[3],"2":[1],"3":[1],"4":[1]},"fnMap":{},"f":{}}
,"C:\\Users\\erosh\\Documents\\gg\\new\\rsschool-react\\app\\tests\\Search.test.tsx": {"path":"C:\\Users\\erosh\\Documents\\gg\\new\\rsschool-react\\app\\tests\\Search.test.tsx","all":false,"statementMap":{"0":{"start":{"line":1,"column":0},"end":{"line":1,"column":65}},"1":{"start":{"line":2,"column":0},"end":{"line":2,"column":62}},"2":{"start":{"line":3,"column":0},"end":{"line":3,"column":49}},"4":{"start":{"line":5,"column":0},"end":{"line":5,"column":33}},"5":{"start":{"line":6,"column":0},"end":{"line":6,"column":43}},"6":{"start":{"line":7,"column":0},"end":{"line":7,"column":12}},"7":{"start":{"line":8,"column":0},"end":{"line":8,"column":30}},"8":{"start":{"line":9,"column":0},"end":{"line":9,"column":38}},"9":{"start":{"line":10,"column":0},"end":{"line":10,"column":10}},"10":{"start":{"line":11,"column":0},"end":{"line":11,"column":45}},"11":{"start":{"line":12,"column":0},"end":{"line":12,"column":31}},"12":{"start":{"line":13,"column":0},"end":{"line":13,"column":10}},"13":{"start":{"line":14,"column":0},"end":{"line":14,"column":17}},"14":{"start":{"line":15,"column":0},"end":{"line":15,"column":23}},"15":{"start":{"line":16,"column":0},"end":{"line":16,"column":10}},"16":{"start":{"line":17,"column":0},"end":{"line":17,"column":33}},"17":{"start":{"line":18,"column":0},"end":{"line":18,"column":30}},"18":{"start":{"line":19,"column":0},"end":{"line":19,"column":10}},"19":{"start":{"line":20,"column":0},"end":{"line":20,"column":6}},"20":{"start":{"line":21,"column":0},"end":{"line":21,"column":5}},"22":{"start":{"line":23,"column":0},"end":{"line":23,"column":75}},"24":{"start":{"line":25,"column":0},"end":{"line":25,"column":33}},"25":{"start":{"line":26,"column":0},"end":{"line":26,"column":32}},"26":{"start":{"line":27,"column":0},"end":{"line":27,"column":30}},"28":{"start":{"line":29,"column":0},"end":{"line":29,"column":36}},"29":{"start":{"line":30,"column":0},"end":{"line":30,"column":22}},"30":{"start":{"line":31,"column":0},"end":{"line":31,"column":27}},"31":{"start":{"line":32,"column":0},"end":{"line":32,"column":33}},"32":{"start":{"line":33,"column":0},"end":{"line":33,"column":7}},"34":{"start":{"line":35,"column":0},"end":{"line":35,"column":102}},"35":{"start":{"line":36,"column":0},"end":{"line":36,"column":43}},"37":{"start":{"line":38,"column":0},"end":{"line":38,"column":15}},"38":{"start":{"line":39,"column":0},"end":{"line":39,"column":19}},"39":{"start":{"line":40,"column":0},"end":{"line":40,"column":36}},"40":{"start":{"line":41,"column":0},"end":{"line":41,"column":47}},"41":{"start":{"line":42,"column":0},"end":{"line":42,"column":36}},"42":{"start":{"line":43,"column":0},"end":{"line":43,"column":38}},"43":{"start":{"line":44,"column":0},"end":{"line":44,"column":64}},"44":{"start":{"line":45,"column":0},"end":{"line":45,"column":18}},"45":{"start":{"line":46,"column":0},"end":{"line":46,"column":41}},"46":{"start":{"line":47,"column":0},"end":{"line":47,"column":14}},"47":{"start":{"line":48,"column":0},"end":{"line":48,"column":10}},"49":{"start":{"line":50,"column":0},"end":{"line":50,"column":77}},"50":{"start":{"line":51,"column":0},"end":{"line":51,"column":38}},"52":{"start":{"line":53,"column":0},"end":{"line":53,"column":51}},"53":{"start":{"line":54,"column":0},"end":{"line":54,"column":65}},"54":{"start":{"line":55,"column":0},"end":{"line":55,"column":7}},"56":{"start":{"line":57,"column":0},"end":{"line":57,"column":80}},"57":{"start":{"line":58,"column":0},"end":{"line":58,"column":44}},"58":{"start":{"line":59,"column":0},"end":{"line":59,"column":52}},"60":{"start":{"line":61,"column":0},"end":{"line":61,"column":15}},"61":{"start":{"line":62,"column":0},"end":{"line":62,"column":19}},"62":{"start":{"line":63,"column":0},"end":{"line":63,"column":36}},"63":{"start":{"line":64,"column":0},"end":{"line":64,"column":47}},"64":{"start":{"line":65,"column":0},"end":{"line":65,"column":45}},"65":{"start":{"line":66,"column":0},"end":{"line":66,"column":41}},"66":{"start":{"line":67,"column":0},"end":{"line":67,"column":14}},"67":{"start":{"line":68,"column":0},"end":{"line":68,"column":10}},"69":{"start":{"line":70,"column":0},"end":{"line":70,"column":82}},"70":{"start":{"line":71,"column":0},"end":{"line":71,"column":53}},"71":{"start":{"line":72,"column":0},"end":{"line":72,"column":7}},"72":{"start":{"line":73,"column":0},"end":{"line":73,"column":3}}},"s":{"0":1,"1":1,"2":1,"4":1,"5":1,"6":1,"7":1,"8":1,"9":1,"10":1,"11":2,"12":2,"13":1,"14":2,"15":2,"16":1,"17":0,"18":0,"19":1,"20":1,"22":1,"24":1,"25":1,"26":1,"28":1,"29":1,"30":2,"31":2,"32":1,"34":1,"35":1,"37":1,"38":1,"39":1,"40":1,"41":1,"42":1,"43":1,"44":1,"45":1,"46":1,"47":1,"49":1,"50":1,"52":1,"53":1,"54":1,"56":1,"57":1,"58":1,"60":1,"61":1,"62":1,"63":1,"64":1,"65":1,"66":1,"67":1,"69":1,"70":1,"71":1,"72":1},"branchMap":{"0":{"type":"branch","line":5,"loc":{"start":{"line":5,"column":26},"end":{"line":21,"column":3}},"locations":[{"start":{"line":5,"column":26},"end":{"line":21,"column":3}}]},"1":{"type":"branch","line":8,"loc":{"start":{"line":8,"column":8},"end":{"line":10,"column":10}},"locations":[{"start":{"line":8,"column":8},"end":{"line":10,"column":10}}]},"2":{"type":"branch","line":9,"loc":{"start":{"line":9,"column":28},"end":{"line":9,"column":38}},"locations":[{"start":{"line":9,"column":28},"end":{"line":9,"column":38}}]},"3":{"type":"branch","line":11,"loc":{"start":{"line":11,"column":8},"end":{"line":13,"column":10}},"locations":[{"start":{"line":11,"column":8},"end":{"line":13,"column":10}}]},"4":{"type":"branch","line":14,"loc":{"start":{"line":14,"column":8},"end":{"line":16,"column":10}},"locations":[{"start":{"line":14,"column":8},"end":{"line":16,"column":10}}]},"5":{"type":"branch","line":29,"loc":{"start":{"line":29,"column":29},"end":{"line":73,"column":3}},"locations":[{"start":{"line":29,"column":29},"end":{"line":73,"column":3}}]},"6":{"type":"branch","line":30,"loc":{"start":{"line":30,"column":15},"end":{"line":33,"column":5}},"locations":[{"start":{"line":30,"column":15},"end":{"line":33,"column":5}}]},"7":{"type":"branch","line":35,"loc":{"start":{"line":35,"column":95},"end":{"line":55,"column":5}},"locations":[{"start":{"line":35,"column":95},"end":{"line":55,"column":5}}]},"8":{"type":"branch","line":42,"loc":{"start":{"line":42,"column":29},"end":{"line":45,"column":18}},"locations":[{"start":{"line":42,"column":29},"end":{"line":45,"column":18}}]},"9":{"type":"branch","line":57,"loc":{"start":{"line":57,"column":73},"end":{"line":72,"column":5}},"locations":[{"start":{"line":57,"column":73},"end":{"line":72,"column":5}}]}},"b":{"0":[1],"1":[1],"2":[0],"3":[2],"4":[2],"5":[1],"6":[2],"7":[1],"8":[1],"9":[1]},"fnMap":{"0":{"name":"getItem","decl":{"start":{"line":8,"column":8},"end":{"line":10,"column":10}},"loc":{"start":{"line":8,"column":8},"end":{"line":10,"column":10}},"line":8},"1":{"name":"setItem","decl":{"start":{"line":11,"column":8},"end":{"line":13,"column":10}},"loc":{"start":{"line":11,"column":8},"end":{"line":13,"column":10}},"line":11},"2":{"name":"clear","decl":{"start":{"line":14,"column":8},"end":{"line":16,"column":10}},"loc":{"start":{"line":14,"column":8},"end":{"line":16,"column":10}},"line":14},"3":{"name":"removeItem","decl":{"start":{"line":17,"column":8},"end":{"line":19,"column":10}},"loc":{"start":{"line":17,"column":8},"end":{"line":19,"column":10}},"line":17},"4":{"name":"handleFetch","decl":{"start":{"line":42,"column":29},"end":{"line":45,"column":18}},"loc":{"start":{"line":42,"column":29},"end":{"line":45,"column":18}},"line":42}},"f":{"0":1,"1":2,"2":2,"3":0,"4":1}}
,"C:\\Users\\erosh\\Documents\\gg\\new\\rsschool-react\\app\\tests\\SearchApp.test.tsx": {"path":"C:\\Users\\erosh\\Documents\\gg\\new\\rsschool-react\\app\\tests\\SearchApp.test.tsx","all":false,"statementMap":{"0":{"start":{"line":1,"column":0},"end":{"line":1,"column":65}},"1":{"start":{"line":2,"column":0},"end":{"line":2,"column":50}},"2":{"start":{"line":3,"column":0},"end":{"line":3,"column":58}},"3":{"start":{"line":4,"column":0},"end":{"line":4,"column":39}},"4":{"start":{"line":5,"column":0},"end":{"line":5,"column":39}},"5":{"start":{"line":6,"column":0},"end":{"line":6,"column":48}},"7":{"start":{"line":8,"column":0},"end":{"line":8,"column":29}},"8":{"start":{"line":9,"column":0},"end":{"line":9,"column":72}},"9":{"start":{"line":10,"column":0},"end":{"line":10,"column":15}},"10":{"start":{"line":11,"column":0},"end":{"line":11,"column":36}},"11":{"start":{"line":12,"column":0},"end":{"line":12,"column":30}},"12":{"start":{"line":13,"column":0},"end":{"line":13,"column":33}},"13":{"start":{"line":14,"column":0},"end":{"line":14,"column":31}},"14":{"start":{"line":15,"column":0},"end":{"line":15,"column":23}},"15":{"start":{"line":16,"column":0},"end":{"line":16,"column":10}},"17":{"start":{"line":18,"column":0},"end":{"line":18,"column":29}},"18":{"start":{"line":19,"column":0},"end":{"line":19,"column":56}},"19":{"start":{"line":20,"column":0},"end":{"line":20,"column":57}},"21":{"start":{"line":22,"column":0},"end":{"line":22,"column":51}},"22":{"start":{"line":23,"column":0},"end":{"line":23,"column":51}},"23":{"start":{"line":24,"column":0},"end":{"line":24,"column":30}},"25":{"start":{"line":26,"column":0},"end":{"line":26,"column":7}},"26":{"start":{"line":27,"column":0},"end":{"line":27,"column":3}}},"s":{"0":1,"1":1,"2":1,"3":1,"4":1,"5":1,"7":1,"8":1,"9":1,"10":1,"11":1,"12":1,"13":1,"14":1,"15":1,"17":1,"18":7,"19":7,"21":7,"22":7,"23":1,"25":1,"26":1},"branchMap":{"0":{"type":"branch","line":8,"loc":{"start":{"line":8,"column":22},"end":{"line":27,"column":3}},"locations":[{"start":{"line":8,"column":22},"end":{"line":27,"column":3}}]},"1":{"type":"branch","line":9,"loc":{"start":{"line":9,"column":59},"end":{"line":26,"column":5}},"locations":[{"start":{"line":9,"column":59},"end":{"line":26,"column":5}}]},"2":{"type":"branch","line":18,"loc":{"start":{"line":18,"column":22},"end":{"line":24,"column":11}},"locations":[{"start":{"line":18,"column":22},"end":{"line":24,"column":11}}]}},"b":{"0":[1],"1":[1],"2":[7]},"fnMap":{"0":{"name":"__vite_ssr_import_1__.waitFor.timeout","decl":{"start":{"line":18,"column":22},"end":{"line":24,"column":11}},"loc":{"start":{"line":18,"column":22},"end":{"line":24,"column":11}},"line":18}},"f":{"0":7}}
,"C:\\Users\\erosh\\Documents\\gg\\new\\rsschool-react\\app\\tests\\ThemeProvider.test.tsx": {"path":"C:\\Users\\erosh\\Documents\\gg\\new\\rsschool-react\\app\\tests\\ThemeProvider.test.tsx","all":false,"statementMap":{"0":{"start":{"line":1,"column":0},"end":{"line":1,"column":42}},"1":{"start":{"line":2,"column":0},"end":{"line":2,"column":67}},"2":{"start":{"line":3,"column":0},"end":{"line":3,"column":46}},"3":{"start":{"line":4,"column":0},"end":{"line":4,"column":71}},"5":{"start":{"line":6,"column":0},"end":{"line":6,"column":39}},"6":{"start":{"line":7,"column":0},"end":{"line":7,"column":45}},"7":{"start":{"line":8,"column":0},"end":{"line":8,"column":19}},"8":{"start":{"line":9,"column":0},"end":{"line":9,"column":77}},"9":{"start":{"line":10,"column":0},"end":{"line":10,"column":5}},"10":{"start":{"line":11,"column":0},"end":{"line":11,"column":49}},"11":{"start":{"line":12,"column":0},"end":{"line":12,"column":46}},"12":{"start":{"line":13,"column":0},"end":{"line":13,"column":12}},"13":{"start":{"line":14,"column":0},"end":{"line":14,"column":13}},"14":{"start":{"line":15,"column":0},"end":{"line":15,"column":52}},"15":{"start":{"line":16,"column":0},"end":{"line":16,"column":87}},"16":{"start":{"line":17,"column":0},"end":{"line":17,"column":14}},"18":{"start":{"line":19,"column":0},"end":{"line":19,"column":2}},"20":{"start":{"line":21,"column":0},"end":{"line":21,"column":33}},"21":{"start":{"line":22,"column":0},"end":{"line":22,"column":44}},"22":{"start":{"line":23,"column":0},"end":{"line":23,"column":15}},"23":{"start":{"line":24,"column":0},"end":{"line":24,"column":27}},"24":{"start":{"line":25,"column":0},"end":{"line":25,"column":33}},"25":{"start":{"line":26,"column":0},"end":{"line":26,"column":28}},"26":{"start":{"line":27,"column":0},"end":{"line":27,"column":10}},"27":{"start":{"line":28,"column":0},"end":{"line":28,"column":54}},"28":{"start":{"line":29,"column":0},"end":{"line":29,"column":52}},"29":{"start":{"line":30,"column":0},"end":{"line":30,"column":7}},"31":{"start":{"line":32,"column":0},"end":{"line":32,"column":35}},"32":{"start":{"line":33,"column":0},"end":{"line":33,"column":15}},"33":{"start":{"line":34,"column":0},"end":{"line":34,"column":27}},"34":{"start":{"line":35,"column":0},"end":{"line":35,"column":33}},"35":{"start":{"line":36,"column":0},"end":{"line":36,"column":28}},"36":{"start":{"line":37,"column":0},"end":{"line":37,"column":10}},"37":{"start":{"line":38,"column":0},"end":{"line":38,"column":54}},"38":{"start":{"line":39,"column":0},"end":{"line":39,"column":58}},"40":{"start":{"line":41,"column":0},"end":{"line":41,"column":52}},"42":{"start":{"line":43,"column":0},"end":{"line":43,"column":38}},"43":{"start":{"line":44,"column":0},"end":{"line":44,"column":51}},"45":{"start":{"line":46,"column":0},"end":{"line":46,"column":38}},"46":{"start":{"line":47,"column":0},"end":{"line":47,"column":52}},"47":{"start":{"line":48,"column":0},"end":{"line":48,"column":7}},"49":{"start":{"line":50,"column":0},"end":{"line":50,"column":66}},"50":{"start":{"line":51,"column":0},"end":{"line":51,"column":15}},"51":{"start":{"line":52,"column":0},"end":{"line":52,"column":27}},"52":{"start":{"line":53,"column":0},"end":{"line":53,"column":33}},"53":{"start":{"line":54,"column":0},"end":{"line":54,"column":28}},"54":{"start":{"line":55,"column":0},"end":{"line":55,"column":10}},"55":{"start":{"line":56,"column":0},"end":{"line":56,"column":58}},"56":{"start":{"line":57,"column":0},"end":{"line":57,"column":82}},"58":{"start":{"line":59,"column":0},"end":{"line":59,"column":38}},"59":{"start":{"line":60,"column":0},"end":{"line":60,"column":81}},"61":{"start":{"line":62,"column":0},"end":{"line":62,"column":38}},"62":{"start":{"line":63,"column":0},"end":{"line":63,"column":82}},"63":{"start":{"line":64,"column":0},"end":{"line":64,"column":7}},"64":{"start":{"line":65,"column":0},"end":{"line":65,"column":3}}},"s":{"0":1,"1":1,"2":1,"3":1,"5":1,"6":7,"7":7,"8":0,"9":0,"10":7,"11":7,"12":7,"13":7,"14":7,"15":7,"16":7,"18":7,"20":1,"21":1,"22":1,"23":1,"24":1,"25":1,"26":1,"27":1,"28":1,"29":1,"31":1,"32":1,"33":1,"34":1,"35":1,"36":1,"37":1,"38":1,"40":1,"42":1,"43":1,"45":1,"46":1,"47":1,"49":1,"50":1,"51":1,"52":1,"53":1,"54":1,"55":1,"56":1,"58":1,"59":1,"61":1,"62":1,"63":1,"64":1},"branchMap":{"0":{"type":"branch","line":6,"loc":{"start":{"line":6,"column":32},"end":{"line":19,"column":2}},"locations":[{"start":{"line":6,"column":32},"end":{"line":19,"column":2}}]},"1":{"type":"branch","line":8,"loc":{"start":{"line":8,"column":18},"end":{"line":10,"column":5}},"locations":[{"start":{"line":8,"column":18},"end":{"line":10,"column":5}}]},"2":{"type":"branch","line":12,"loc":{"start":{"line":12,"column":18},"end":{"line":12,"column":38}},"locations":[{"start":{"line":12,"column":18},"end":{"line":12,"column":38}}]},"3":{"type":"branch","line":12,"loc":{"start":{"line":12,"column":29},"end":{"line":12,"column":46}},"locations":[{"start":{"line":12,"column":29},"end":{"line":12,"column":46}}]},"4":{"type":"branch","line":21,"loc":{"start":{"line":21,"column":26},"end":{"line":65,"column":3}},"locations":[{"start":{"line":21,"column":26},"end":{"line":65,"column":3}}]},"5":{"type":"branch","line":22,"loc":{"start":{"line":22,"column":37},"end":{"line":30,"column":5}},"locations":[{"start":{"line":22,"column":37},"end":{"line":30,"column":5}}]},"6":{"type":"branch","line":32,"loc":{"start":{"line":32,"column":28},"end":{"line":48,"column":5}},"locations":[{"start":{"line":32,"column":28},"end":{"line":48,"column":5}}]},"7":{"type":"branch","line":50,"loc":{"start":{"line":50,"column":59},"end":{"line":64,"column":5}},"locations":[{"start":{"line":50,"column":59},"end":{"line":64,"column":5}}]}},"b":{"0":[7],"1":[0],"2":[2],"3":[5],"4":[1],"5":[1],"6":[1],"7":[1]},"fnMap":{"0":{"name":"ThemeConsumer","decl":{"start":{"line":6,"column":32},"end":{"line":19,"column":2}},"loc":{"start":{"line":6,"column":32},"end":{"line":19,"column":2}},"line":6}},"f":{"0":7}}
,"C:\\Users\\erosh\\Documents\\gg\\new\\rsschool-react\\app\\types\\index.d.ts": {"path":"C:\\Users\\erosh\\Documents\\gg\\new\\rsschool-react\\app\\types\\index.d.ts","all":true,"statementMap":{},"s":{},"branchMap":{"0":{"type":"branch","line":1,"loc":{"start":{"line":1,"column":30},"end":{"line":1,"column":30}},"locations":[{"start":{"line":1,"column":30},"end":{"line":1,"column":30}}]}},"b":{"0":[1]},"fnMap":{"0":{"name":"(empty-report)","decl":{"start":{"line":1,"column":30},"end":{"line":1,"column":30}},"loc":{"start":{"line":1,"column":30},"end":{"line":1,"column":30}},"line":1}},"f":{"0":1}}
}
